<?xml version="1.0" encoding="UTF-8"?>
<testsuite xmlns:xsi="http://www.w3.org/2001/XMLSchema-instance" xsi:noNamespaceSchemaLocation="https://maven.apache.org/surefire/maven-surefire-plugin/xsd/surefire-test-report.xsd" name="TestSuite" time="417.715" tests="32" errors="0" skipped="0" failures="2">
  <properties>
    <property name="java.specification.version" value="17"/>
    <property name="sun.cpu.isalist" value="amd64"/>
    <property name="sun.jnu.encoding" value="Cp1252"/>
    <property name="java.class.path" value="C:\Users\MELG20229793\.m2\repository\org\apache\maven\surefire\surefire-booter\3.0.0-M1\surefire-booter-3.0.0-M1.jar;C:\Users\MELG20229793\.m2\repository\org\apache\maven\surefire\surefire-api\3.0.0-M1\surefire-api-3.0.0-M1.jar;C:\Users\MELG20229793\.m2\repository\org\apache\maven\surefire\surefire-logger-api\3.0.0-M1\surefire-logger-api-3.0.0-M1.jar;D:\Projects\mlshop-web-automation\target\test-classes;D:\Projects\mlshop-web-automation\target\classes;C:\Users\MELG20229793\.m2\repository\io\appium\java-client\7.2.0\java-client-7.2.0.jar;C:\Users\MELG20229793\.m2\repository\org\seleniumhq\selenium\selenium-support\3.141.59\selenium-support-3.141.59.jar;C:\Users\MELG20229793\.m2\repository\org\seleniumhq\selenium\selenium-api\3.141.59\selenium-api-3.141.59.jar;C:\Users\MELG20229793\.m2\repository\com\google\code\gson\gson\2.8.5\gson-2.8.5.jar;C:\Users\MELG20229793\.m2\repository\org\apache\httpcomponents\httpclient\4.5.9\httpclient-4.5.9.jar;C:\Users\MELG20229793\.m2\repository\cglib\cglib\3.2.12\cglib-3.2.12.jar;C:\Users\MELG20229793\.m2\repository\org\ow2\asm\asm\7.1\asm-7.1.jar;C:\Users\MELG20229793\.m2\repository\commons-io\commons-io\2.6\commons-io-2.6.jar;C:\Users\MELG20229793\.m2\repository\org\springframework\spring-context\5.1.8.RELEASE\spring-context-5.1.8.RELEASE.jar;C:\Users\MELG20229793\.m2\repository\org\springframework\spring-aop\5.1.8.RELEASE\spring-aop-5.1.8.RELEASE.jar;C:\Users\MELG20229793\.m2\repository\org\springframework\spring-beans\5.1.8.RELEASE\spring-beans-5.1.8.RELEASE.jar;C:\Users\MELG20229793\.m2\repository\org\springframework\spring-core\5.1.8.RELEASE\spring-core-5.1.8.RELEASE.jar;C:\Users\MELG20229793\.m2\repository\org\springframework\spring-jcl\5.1.8.RELEASE\spring-jcl-5.1.8.RELEASE.jar;C:\Users\MELG20229793\.m2\repository\org\springframework\spring-expression\5.1.8.RELEASE\spring-expression-5.1.8.RELEASE.jar;C:\Users\MELG20229793\.m2\repository\org\aspectj\aspectjweaver\1.9.4\aspectjweaver-1.9.4.jar;C:\Users\MELG20229793\.m2\repository\org\slf4j\slf4j-api\1.7.26\slf4j-api-1.7.26.jar;C:\Users\MELG20229793\.m2\repository\org\seleniumhq\selenium\selenium-java\3.141.59\selenium-java-3.141.59.jar;C:\Users\MELG20229793\.m2\repository\org\seleniumhq\selenium\selenium-chrome-driver\3.141.59\selenium-chrome-driver-3.141.59.jar;C:\Users\MELG20229793\.m2\repository\org\seleniumhq\selenium\selenium-edge-driver\3.141.59\selenium-edge-driver-3.141.59.jar;C:\Users\MELG20229793\.m2\repository\org\seleniumhq\selenium\selenium-firefox-driver\3.141.59\selenium-firefox-driver-3.141.59.jar;C:\Users\MELG20229793\.m2\repository\org\seleniumhq\selenium\selenium-ie-driver\3.141.59\selenium-ie-driver-3.141.59.jar;C:\Users\MELG20229793\.m2\repository\org\seleniumhq\selenium\selenium-opera-driver\3.141.59\selenium-opera-driver-3.141.59.jar;C:\Users\MELG20229793\.m2\repository\org\seleniumhq\selenium\selenium-remote-driver\3.141.59\selenium-remote-driver-3.141.59.jar;C:\Users\MELG20229793\.m2\repository\org\seleniumhq\selenium\selenium-safari-driver\3.141.59\selenium-safari-driver-3.141.59.jar;C:\Users\MELG20229793\.m2\repository\net\bytebuddy\byte-buddy\1.8.15\byte-buddy-1.8.15.jar;C:\Users\MELG20229793\.m2\repository\org\apache\commons\commons-exec\1.3\commons-exec-1.3.jar;C:\Users\MELG20229793\.m2\repository\com\squareup\okhttp3\okhttp\3.11.0\okhttp-3.11.0.jar;C:\Users\MELG20229793\.m2\repository\com\squareup\okio\okio\1.14.0\okio-1.14.0.jar;C:\Users\MELG20229793\.m2\repository\io\github\bonigarcia\webdrivermanager\5.4.1\webdrivermanager-5.4.1.jar;C:\Users\MELG20229793\.m2\repository\com\github\docker-java\docker-java\3.3.2\docker-java-3.3.2.jar;C:\Users\MELG20229793\.m2\repository\com\github\docker-java\docker-java-core\3.3.2\docker-java-core-3.3.2.jar;C:\Users\MELG20229793\.m2\repository\com\github\docker-java\docker-java-api\3.3.2\docker-java-api-3.3.2.jar;C:\Users\MELG20229793\.m2\repository\org\bouncycastle\bcpkix-jdk15on\1.64\bcpkix-jdk15on-1.64.jar;C:\Users\MELG20229793\.m2\repository\org\bouncycastle\bcprov-jdk15on\1.64\bcprov-jdk15on-1.64.jar;C:\Users\MELG20229793\.m2\repository\org\slf4j\jcl-over-slf4j\1.7.30\jcl-over-slf4j-1.7.30.jar;C:\Users\MELG20229793\.m2\repository\com\github\docker-java\docker-java-transport-httpclient5\3.3.2\docker-java-transport-httpclient5-3.3.2.jar;C:\Users\MELG20229793\.m2\repository\com\github\docker-java\docker-java-transport\3.3.2\docker-java-transport-3.3.2.jar;C:\Users\MELG20229793\.m2\repository\net\java\dev\jna\jna\5.12.1\jna-5.12.1.jar;C:\Users\MELG20229793\.m2\repository\org\brotli\dec\0.1.2\dec-0.1.2.jar;C:\Users\MELG20229793\.m2\repository\org\apache\httpcomponents\client5\httpclient5\5.2.1\httpclient5-5.2.1.jar;C:\Users\MELG20229793\.m2\repository\org\apache\httpcomponents\core5\httpcore5\5.2\httpcore5-5.2.jar;C:\Users\MELG20229793\.m2\repository\org\apache\httpcomponents\core5\httpcore5-h2\5.2\httpcore5-h2-5.2.jar;C:\Users\MELG20229793\.m2\repository\com\influxdb\influxdb-client-java\6.8.0\influxdb-client-java-6.8.0.jar;C:\Users\MELG20229793\.m2\repository\com\influxdb\influxdb-client-core\6.8.0\influxdb-client-core-6.8.0.jar;C:\Users\MELG20229793\.m2\repository\com\influxdb\influxdb-client-utils\6.8.0\influxdb-client-utils-6.8.0.jar;C:\Users\MELG20229793\.m2\repository\com\squareup\retrofit2\retrofit\2.9.0\retrofit-2.9.0.jar;C:\Users\MELG20229793\.m2\repository\com\squareup\okhttp3\logging-interceptor\4.10.0\logging-interceptor-4.10.0.jar;C:\Users\MELG20229793\.m2\repository\org\apache\commons\commons-csv\1.9.0\commons-csv-1.9.0.jar;C:\Users\MELG20229793\.m2\repository\io\reactivex\rxjava3\rxjava\3.1.5\rxjava-3.1.5.jar;C:\Users\MELG20229793\.m2\repository\org\reactivestreams\reactive-streams\1.0.4\reactive-streams-1.0.4.jar;C:\Users\MELG20229793\.m2\repository\com\squareup\retrofit2\adapter-rxjava3\2.9.0\adapter-rxjava3-2.9.0.jar;C:\Users\MELG20229793\.m2\repository\com\squareup\retrofit2\converter-scalars\2.9.0\converter-scalars-2.9.0.jar;C:\Users\MELG20229793\.m2\repository\com\squareup\retrofit2\converter-gson\2.9.0\converter-gson-2.9.0.jar;C:\Users\MELG20229793\.m2\repository\com\google\code\findbugs\jsr305\3.0.2\jsr305-3.0.2.jar;C:\Users\MELG20229793\.m2\repository\org\jetbrains\kotlin\kotlin-stdlib\1.5.30\kotlin-stdlib-1.5.30.jar;C:\Users\MELG20229793\.m2\repository\org\jetbrains\annotations\13.0\annotations-13.0.jar;C:\Users\MELG20229793\.m2\repository\org\jetbrains\kotlin\kotlin-stdlib-common\1.5.30\kotlin-stdlib-common-1.5.30.jar;C:\Users\MELG20229793\.m2\repository\org\testng\testng\7.1.0\testng-7.1.0.jar;C:\Users\MELG20229793\.m2\repository\com\beust\jcommander\1.72\jcommander-1.72.jar;C:\Users\MELG20229793\.m2\repository\com\google\inject\guice\4.1.0\guice-4.1.0-no_aop.jar;C:\Users\MELG20229793\.m2\repository\javax\inject\javax.inject\1\javax.inject-1.jar;C:\Users\MELG20229793\.m2\repository\aopalliance\aopalliance\1.0\aopalliance-1.0.jar;C:\Users\MELG20229793\.m2\repository\org\yaml\snakeyaml\1.21\snakeyaml-1.21.jar;C:\Users\MELG20229793\.m2\repository\org\apache\poi\poi\4.1.1\poi-4.1.1.jar;C:\Users\MELG20229793\.m2\repository\commons-codec\commons-codec\1.13\commons-codec-1.13.jar;C:\Users\MELG20229793\.m2\repository\org\apache\commons\commons-collections4\4.4\commons-collections4-4.4.jar;C:\Users\MELG20229793\.m2\repository\org\apache\commons\commons-math3\3.6.1\commons-math3-3.6.1.jar;C:\Users\MELG20229793\.m2\repository\org\apache\poi\poi-ooxml\4.1.1\poi-ooxml-4.1.1.jar;C:\Users\MELG20229793\.m2\repository\org\apache\poi\poi-ooxml-schemas\4.1.1\poi-ooxml-schemas-4.1.1.jar;C:\Users\MELG20229793\.m2\repository\org\apache\commons\commons-compress\1.19\commons-compress-1.19.jar;C:\Users\MELG20229793\.m2\repository\com\github\virtuald\curvesapi\1.06\curvesapi-1.06.jar;C:\Users\MELG20229793\.m2\repository\org\apache\xmlbeans\xmlbeans\3.1.0\xmlbeans-3.1.0.jar;C:\Users\MELG20229793\.m2\repository\log4j\log4j\1.2.17\log4j-1.2.17.jar;C:\Users\MELG20229793\.m2\repository\org\slf4j\slf4j-jdk14\1.7.25\slf4j-jdk14-1.7.25.jar;C:\Users\MELG20229793\.m2\repository\com\google\guava\guava\23.0\guava-23.0.jar;C:\Users\MELG20229793\.m2\repository\com\google\errorprone\error_prone_annotations\2.0.18\error_prone_annotations-2.0.18.jar;C:\Users\MELG20229793\.m2\repository\com\google\j2objc\j2objc-annotations\1.1\j2objc-annotations-1.1.jar;C:\Users\MELG20229793\.m2\repository\org\codehaus\mojo\animal-sniffer-annotations\1.14\animal-sniffer-annotations-1.14.jar;C:\Users\MELG20229793\.m2\repository\com\aventstack\extentreports\4.0.9\extentreports-4.0.9.jar;C:\Users\MELG20229793\.m2\repository\org\freemarker\freemarker\2.3.23\freemarker-2.3.23.jar;C:\Users\MELG20229793\.m2\repository\org\mongodb\mongodb-driver\3.3.0\mongodb-driver-3.3.0.jar;C:\Users\MELG20229793\.m2\repository\org\mongodb\mongodb-driver-core\3.3.0\mongodb-driver-core-3.3.0.jar;C:\Users\MELG20229793\.m2\repository\org\mongodb\bson\3.3.0\bson-3.3.0.jar;C:\Users\MELG20229793\.m2\repository\org\apache\httpcomponents\httpmime\4.5.2\httpmime-4.5.2.jar;C:\Users\MELG20229793\.m2\repository\io\rest-assured\rest-assured\4.3.0\rest-assured-4.3.0.jar;C:\Users\MELG20229793\.m2\repository\org\codehaus\groovy\groovy\3.0.2\groovy-3.0.2.jar;C:\Users\MELG20229793\.m2\repository\org\codehaus\groovy\groovy-xml\3.0.2\groovy-xml-3.0.2.jar;C:\Users\MELG20229793\.m2\repository\org\hamcrest\hamcrest\2.1\hamcrest-2.1.jar;C:\Users\MELG20229793\.m2\repository\org\ccil\cowan\tagsoup\tagsoup\1.2.1\tagsoup-1.2.1.jar;C:\Users\MELG20229793\.m2\repository\io\rest-assured\json-path\4.3.0\json-path-4.3.0.jar;C:\Users\MELG20229793\.m2\repository\org\codehaus\groovy\groovy-json\3.0.2\groovy-json-3.0.2.jar;C:\Users\MELG20229793\.m2\repository\io\rest-assured\rest-assured-common\4.3.0\rest-assured-common-4.3.0.jar;C:\Users\MELG20229793\.m2\repository\io\rest-assured\xml-path\4.3.0\xml-path-4.3.0.jar;C:\Users\MELG20229793\.m2\repository\jakarta\xml\bind\jakarta.xml.bind-api\2.3.2\jakarta.xml.bind-api-2.3.2.jar;C:\Users\MELG20229793\.m2\repository\jakarta\activation\jakarta.activation-api\1.2.1\jakarta.activation-api-1.2.1.jar;C:\Users\MELG20229793\.m2\repository\com\sun\xml\bind\jaxb-osgi\2.3.0.1\jaxb-osgi-2.3.0.1.jar;C:\Users\MELG20229793\.m2\repository\org\apache\sling\org.apache.sling.javax.activation\0.1.0\org.apache.sling.javax.activation-0.1.0.jar;C:\Users\MELG20229793\.m2\repository\org\apache\commons\commons-lang3\3.8.1\commons-lang3-3.8.1.jar;C:\Users\MELG20229793\.m2\repository\org\codehaus\groovy\groovy-all\2.3.5\groovy-all-2.3.5.jar;C:\Users\MELG20229793\.m2\repository\org\json\json\20180813\json-20180813.jar;C:\Users\MELG20229793\.m2\repository\com\opencsv\opencsv\3.3\opencsv-3.3.jar;C:\Users\MELG20229793\.m2\repository\net\sourceforge\javacsv\javacsv\2.0\javacsv-2.0.jar;C:\Users\MELG20229793\.m2\repository\javax\mail\javax.mail-api\1.5.5\javax.mail-api-1.5.5.jar;C:\Users\MELG20229793\.m2\repository\org\apache\httpcomponents\httpcore\4.4.11\httpcore-4.4.11.jar;C:\Users\MELG20229793\.m2\repository\org\apache\axis\axis\1.4\axis-1.4.jar;C:\Users\MELG20229793\.m2\repository\com\sun\mail\javax.mail\1.6.0\javax.mail-1.6.0.jar;C:\Users\MELG20229793\.m2\repository\javax\activation\activation\1.1\activation-1.1.jar;C:\Users\MELG20229793\.m2\repository\commons-validator\commons-validator\1.6\commons-validator-1.6.jar;C:\Users\MELG20229793\.m2\repository\commons-beanutils\commons-beanutils\1.9.2\commons-beanutils-1.9.2.jar;C:\Users\MELG20229793\.m2\repository\commons-digester\commons-digester\1.8.1\commons-digester-1.8.1.jar;C:\Users\MELG20229793\.m2\repository\commons-logging\commons-logging\1.2\commons-logging-1.2.jar;C:\Users\MELG20229793\.m2\repository\commons-collections\commons-collections\3.2.2\commons-collections-3.2.2.jar;C:\Users\MELG20229793\.m2\repository\javax\xml\bind\jaxb-api\2.3.1\jaxb-api-2.3.1.jar;C:\Users\MELG20229793\.m2\repository\javax\activation\javax.activation-api\1.2.0\javax.activation-api-1.2.0.jar;C:\Users\MELG20229793\.m2\repository\com\applitools\eyes-images-java3\3.158.9\eyes-images-java3-3.158.9.jar;C:\Users\MELG20229793\.m2\repository\com\applitools\eyes-common-java3\3.158.9\eyes-common-java3-3.158.9.jar;C:\Users\MELG20229793\.m2\repository\org\imgscalr\imgscalr-lib\4.2\imgscalr-lib-4.2.jar;C:\Users\MELG20229793\.m2\repository\com\helger\ph-css\6.1.1\ph-css-6.1.1.jar;C:\Users\MELG20229793\.m2\repository\com\helger\ph-commons\9.0.2\ph-commons-9.0.2.jar;C:\Users\MELG20229793\.m2\repository\org\jsoup\jsoup\1.8.3\jsoup-1.8.3.jar;C:\Users\MELG20229793\.m2\repository\com\applitools\eyes-sdk-core-java3\3.158.9\eyes-sdk-core-java3-3.158.9.jar;C:\Users\MELG20229793\.m2\repository\com\applitools\eyes-connectivity-java3-jersey2x\3.158.9\eyes-connectivity-java3-jersey2x-3.158.9.jar;C:\Users\MELG20229793\.m2\repository\org\glassfish\jersey\connectors\jersey-apache-connector\2.29\jersey-apache-connector-2.29.jar;C:\Users\MELG20229793\.m2\repository\org\glassfish\jersey\core\jersey-common\2.29\jersey-common-2.29.jar;C:\Users\MELG20229793\.m2\repository\jakarta\annotation\jakarta.annotation-api\1.3.4\jakarta.annotation-api-1.3.4.jar;C:\Users\MELG20229793\.m2\repository\org\glassfish\hk2\osgi-resource-locator\1.0.3\osgi-resource-locator-1.0.3.jar;C:\Users\MELG20229793\.m2\repository\com\sun\activation\jakarta.activation\1.2.1\jakarta.activation-1.2.1.jar;C:\Users\MELG20229793\.m2\repository\jakarta\ws\rs\jakarta.ws.rs-api\2.1.5\jakarta.ws.rs-api-2.1.5.jar;C:\Users\MELG20229793\.m2\repository\org\glassfish\jersey\core\jersey-client\2.29\jersey-client-2.29.jar;C:\Users\MELG20229793\.m2\repository\org\glassfish\hk2\external\jakarta.inject\2.5.0\jakarta.inject-2.5.0.jar;C:\Users\MELG20229793\.m2\repository\org\glassfish\jersey\inject\jersey-hk2\2.29\jersey-hk2-2.29.jar;C:\Users\MELG20229793\.m2\repository\org\glassfish\hk2\hk2-locator\2.5.0\hk2-locator-2.5.0.jar;C:\Users\MELG20229793\.m2\repository\org\glassfish\hk2\external\aopalliance-repackaged\2.5.0\aopalliance-repackaged-2.5.0.jar;C:\Users\MELG20229793\.m2\repository\org\glassfish\hk2\hk2-api\2.5.0\hk2-api-2.5.0.jar;C:\Users\MELG20229793\.m2\repository\org\glassfish\hk2\hk2-utils\2.5.0\hk2-utils-2.5.0.jar;C:\Users\MELG20229793\.m2\repository\org\javassist\javassist\3.22.0-CR2\javassist-3.22.0-CR2.jar;C:\Users\MELG20229793\.m2\repository\com\epam\reportportal\agent-java-testng\5.0.7\agent-java-testng-5.0.7.jar;C:\Users\MELG20229793\.m2\repository\com\epam\reportportal\client-java\5.0.6\client-java-5.0.6.jar;C:\Users\MELG20229793\.m2\repository\org\aspectj\aspectjrt\1.9.2\aspectjrt-1.9.2.jar;C:\Users\MELG20229793\.m2\repository\io\reactivex\rxjava2\rxjava\2.2.10\rxjava-2.2.10.jar;C:\Users\MELG20229793\.m2\repository\org\apache\tika\tika-core\1.4\tika-core-1.4.jar;C:\Users\MELG20229793\.m2\repository\com\epam\reportportal\commons-model\5.0.0\commons-model-5.0.0.jar;C:\Users\MELG20229793\.m2\repository\io\swagger\swagger-annotations\1.5.24\swagger-annotations-1.5.24.jar;C:\Users\MELG20229793\.m2\repository\javax\validation\validation-api\2.0.1.Final\validation-api-2.0.1.Final.jar;C:\Users\MELG20229793\.m2\repository\com\fasterxml\jackson\core\jackson-databind\2.13.0\jackson-databind-2.13.0.jar;C:\Users\MELG20229793\.m2\repository\com\fasterxml\jackson\core\jackson-annotations\2.13.0\jackson-annotations-2.13.0.jar;C:\Users\MELG20229793\.m2\repository\com\fasterxml\jackson\core\jackson-core\2.13.0\jackson-core-2.13.0.jar;C:\Users\MELG20229793\.m2\repository\com\mysql\mysql-connector-j\8.0.33\mysql-connector-j-8.0.33.jar;C:\Users\MELG20229793\.m2\repository\com\google\protobuf\protobuf-java\3.21.9\protobuf-java-3.21.9.jar;C:\Users\MELG20229793\.m2\repository\ch\qos\logback\logback-classic\1.2.3\logback-classic-1.2.3.jar;C:\Users\MELG20229793\.m2\repository\ch\qos\logback\logback-core\1.2.3\logback-core-1.2.3.jar;C:\Users\MELG20229793\.m2\repository\com\epam\reportportal\logger-java-log4j\5.0.1\logger-java-log4j-5.0.1.jar;C:\Users\MELG20229793\.m2\repository\org\apache\logging\log4j\log4j-api\2.15.0\log4j-api-2.15.0.jar;C:\Users\MELG20229793\.m2\repository\org\apache\logging\log4j\log4j-core\2.15.0\log4j-core-2.15.0.jar;C:\Users\MELG20229793\.m2\repository\com\googlecode\json-simple\json-simple\1.1\json-simple-1.1.jar;C:\Users\MELG20229793\.m2\repository\com\github\json-template\jsontemplate\0.2.1\jsontemplate-0.2.1.jar;C:\Users\MELG20229793\.m2\repository\org\antlr\antlr4-runtime\4.7\antlr4-runtime-4.7.jar;C:\Users\MELG20229793\.m2\repository\com\codeborne\phantomjsdriver\1.5.0\phantomjsdriver-1.5.0.jar;C:\Users\MELG20229793\.m2\repository\org\apache\maven\surefire\surefire-testng\3.0.0-M1\surefire-testng-3.0.0-M1.jar;C:\Users\MELG20229793\.m2\repository\org\apache\maven\surefire\common-java5\3.0.0-M1\common-java5-3.0.0-M1.jar;C:\Users\MELG20229793\.m2\repository\org\apache\maven\surefire\surefire-testng-utils\3.0.0-M1\surefire-testng-utils-3.0.0-M1.jar;C:\Users\MELG20229793\.m2\repository\org\apache\maven\surefire\surefire-grouper\3.0.0-M1\surefire-grouper-3.0.0-M1.jar"/>
    <property name="java.vm.vendor" value="Oracle Corporation"/>
    <property name="sun.arch.data.model" value="64"/>
    <property name="user.variant" value=""/>
    <property name="java.vendor.url" value="https://java.oracle.com/"/>
    <property name="user.timezone" value="Asia/Taipei"/>
    <property name="os.name" value="Windows 11"/>
    <property name="java.vm.specification.version" value="17"/>
    <property name="sun.java.launcher" value="SUN_STANDARD"/>
    <property name="user.country" value="PH"/>
    <property name="sun.boot.library.path" value="C:\Program Files\Java\jdk-17\bin"/>
    <property name="sun.java.command" value="org.apache.maven.surefire.booter.ForkedBooter C:\Users\MELG20229793\AppData\Local\Temp\surefire6571619755384737842 2024-02-16T09-10-07_722-jvmRun1 surefire17424098943478738176tmp surefire_03126211728764802628tmp"/>
    <property name="jdk.debug" value="release"/>
    <property name="surefire.test.class.path" value="D:\Projects\mlshop-web-automation\target\test-classes;D:\Projects\mlshop-web-automation\target\classes;C:\Users\MELG20229793\.m2\repository\io\appium\java-client\7.2.0\java-client-7.2.0.jar;C:\Users\MELG20229793\.m2\repository\org\seleniumhq\selenium\selenium-support\3.141.59\selenium-support-3.141.59.jar;C:\Users\MELG20229793\.m2\repository\org\seleniumhq\selenium\selenium-api\3.141.59\selenium-api-3.141.59.jar;C:\Users\MELG20229793\.m2\repository\com\google\code\gson\gson\2.8.5\gson-2.8.5.jar;C:\Users\MELG20229793\.m2\repository\org\apache\httpcomponents\httpclient\4.5.9\httpclient-4.5.9.jar;C:\Users\MELG20229793\.m2\repository\cglib\cglib\3.2.12\cglib-3.2.12.jar;C:\Users\MELG20229793\.m2\repository\org\ow2\asm\asm\7.1\asm-7.1.jar;C:\Users\MELG20229793\.m2\repository\commons-io\commons-io\2.6\commons-io-2.6.jar;C:\Users\MELG20229793\.m2\repository\org\springframework\spring-context\5.1.8.RELEASE\spring-context-5.1.8.RELEASE.jar;C:\Users\MELG20229793\.m2\repository\org\springframework\spring-aop\5.1.8.RELEASE\spring-aop-5.1.8.RELEASE.jar;C:\Users\MELG20229793\.m2\repository\org\springframework\spring-beans\5.1.8.RELEASE\spring-beans-5.1.8.RELEASE.jar;C:\Users\MELG20229793\.m2\repository\org\springframework\spring-core\5.1.8.RELEASE\spring-core-5.1.8.RELEASE.jar;C:\Users\MELG20229793\.m2\repository\org\springframework\spring-jcl\5.1.8.RELEASE\spring-jcl-5.1.8.RELEASE.jar;C:\Users\MELG20229793\.m2\repository\org\springframework\spring-expression\5.1.8.RELEASE\spring-expression-5.1.8.RELEASE.jar;C:\Users\MELG20229793\.m2\repository\org\aspectj\aspectjweaver\1.9.4\aspectjweaver-1.9.4.jar;C:\Users\MELG20229793\.m2\repository\org\slf4j\slf4j-api\1.7.26\slf4j-api-1.7.26.jar;C:\Users\MELG20229793\.m2\repository\org\seleniumhq\selenium\selenium-java\3.141.59\selenium-java-3.141.59.jar;C:\Users\MELG20229793\.m2\repository\org\seleniumhq\selenium\selenium-chrome-driver\3.141.59\selenium-chrome-driver-3.141.59.jar;C:\Users\MELG20229793\.m2\repository\org\seleniumhq\selenium\selenium-edge-driver\3.141.59\selenium-edge-driver-3.141.59.jar;C:\Users\MELG20229793\.m2\repository\org\seleniumhq\selenium\selenium-firefox-driver\3.141.59\selenium-firefox-driver-3.141.59.jar;C:\Users\MELG20229793\.m2\repository\org\seleniumhq\selenium\selenium-ie-driver\3.141.59\selenium-ie-driver-3.141.59.jar;C:\Users\MELG20229793\.m2\repository\org\seleniumhq\selenium\selenium-opera-driver\3.141.59\selenium-opera-driver-3.141.59.jar;C:\Users\MELG20229793\.m2\repository\org\seleniumhq\selenium\selenium-remote-driver\3.141.59\selenium-remote-driver-3.141.59.jar;C:\Users\MELG20229793\.m2\repository\org\seleniumhq\selenium\selenium-safari-driver\3.141.59\selenium-safari-driver-3.141.59.jar;C:\Users\MELG20229793\.m2\repository\net\bytebuddy\byte-buddy\1.8.15\byte-buddy-1.8.15.jar;C:\Users\MELG20229793\.m2\repository\org\apache\commons\commons-exec\1.3\commons-exec-1.3.jar;C:\Users\MELG20229793\.m2\repository\com\squareup\okhttp3\okhttp\3.11.0\okhttp-3.11.0.jar;C:\Users\MELG20229793\.m2\repository\com\squareup\okio\okio\1.14.0\okio-1.14.0.jar;C:\Users\MELG20229793\.m2\repository\io\github\bonigarcia\webdrivermanager\5.4.1\webdrivermanager-5.4.1.jar;C:\Users\MELG20229793\.m2\repository\com\github\docker-java\docker-java\3.3.2\docker-java-3.3.2.jar;C:\Users\MELG20229793\.m2\repository\com\github\docker-java\docker-java-core\3.3.2\docker-java-core-3.3.2.jar;C:\Users\MELG20229793\.m2\repository\com\github\docker-java\docker-java-api\3.3.2\docker-java-api-3.3.2.jar;C:\Users\MELG20229793\.m2\repository\org\bouncycastle\bcpkix-jdk15on\1.64\bcpkix-jdk15on-1.64.jar;C:\Users\MELG20229793\.m2\repository\org\bouncycastle\bcprov-jdk15on\1.64\bcprov-jdk15on-1.64.jar;C:\Users\MELG20229793\.m2\repository\org\slf4j\jcl-over-slf4j\1.7.30\jcl-over-slf4j-1.7.30.jar;C:\Users\MELG20229793\.m2\repository\com\github\docker-java\docker-java-transport-httpclient5\3.3.2\docker-java-transport-httpclient5-3.3.2.jar;C:\Users\MELG20229793\.m2\repository\com\github\docker-java\docker-java-transport\3.3.2\docker-java-transport-3.3.2.jar;C:\Users\MELG20229793\.m2\repository\net\java\dev\jna\jna\5.12.1\jna-5.12.1.jar;C:\Users\MELG20229793\.m2\repository\org\brotli\dec\0.1.2\dec-0.1.2.jar;C:\Users\MELG20229793\.m2\repository\org\apache\httpcomponents\client5\httpclient5\5.2.1\httpclient5-5.2.1.jar;C:\Users\MELG20229793\.m2\repository\org\apache\httpcomponents\core5\httpcore5\5.2\httpcore5-5.2.jar;C:\Users\MELG20229793\.m2\repository\org\apache\httpcomponents\core5\httpcore5-h2\5.2\httpcore5-h2-5.2.jar;C:\Users\MELG20229793\.m2\repository\com\influxdb\influxdb-client-java\6.8.0\influxdb-client-java-6.8.0.jar;C:\Users\MELG20229793\.m2\repository\com\influxdb\influxdb-client-core\6.8.0\influxdb-client-core-6.8.0.jar;C:\Users\MELG20229793\.m2\repository\com\influxdb\influxdb-client-utils\6.8.0\influxdb-client-utils-6.8.0.jar;C:\Users\MELG20229793\.m2\repository\com\squareup\retrofit2\retrofit\2.9.0\retrofit-2.9.0.jar;C:\Users\MELG20229793\.m2\repository\com\squareup\okhttp3\logging-interceptor\4.10.0\logging-interceptor-4.10.0.jar;C:\Users\MELG20229793\.m2\repository\org\apache\commons\commons-csv\1.9.0\commons-csv-1.9.0.jar;C:\Users\MELG20229793\.m2\repository\io\reactivex\rxjava3\rxjava\3.1.5\rxjava-3.1.5.jar;C:\Users\MELG20229793\.m2\repository\org\reactivestreams\reactive-streams\1.0.4\reactive-streams-1.0.4.jar;C:\Users\MELG20229793\.m2\repository\com\squareup\retrofit2\adapter-rxjava3\2.9.0\adapter-rxjava3-2.9.0.jar;C:\Users\MELG20229793\.m2\repository\com\squareup\retrofit2\converter-scalars\2.9.0\converter-scalars-2.9.0.jar;C:\Users\MELG20229793\.m2\repository\com\squareup\retrofit2\converter-gson\2.9.0\converter-gson-2.9.0.jar;C:\Users\MELG20229793\.m2\repository\com\google\code\findbugs\jsr305\3.0.2\jsr305-3.0.2.jar;C:\Users\MELG20229793\.m2\repository\org\jetbrains\kotlin\kotlin-stdlib\1.5.30\kotlin-stdlib-1.5.30.jar;C:\Users\MELG20229793\.m2\repository\org\jetbrains\annotations\13.0\annotations-13.0.jar;C:\Users\MELG20229793\.m2\repository\org\jetbrains\kotlin\kotlin-stdlib-common\1.5.30\kotlin-stdlib-common-1.5.30.jar;C:\Users\MELG20229793\.m2\repository\org\testng\testng\7.1.0\testng-7.1.0.jar;C:\Users\MELG20229793\.m2\repository\com\beust\jcommander\1.72\jcommander-1.72.jar;C:\Users\MELG20229793\.m2\repository\com\google\inject\guice\4.1.0\guice-4.1.0-no_aop.jar;C:\Users\MELG20229793\.m2\repository\javax\inject\javax.inject\1\javax.inject-1.jar;C:\Users\MELG20229793\.m2\repository\aopalliance\aopalliance\1.0\aopalliance-1.0.jar;C:\Users\MELG20229793\.m2\repository\org\yaml\snakeyaml\1.21\snakeyaml-1.21.jar;C:\Users\MELG20229793\.m2\repository\org\apache\poi\poi\4.1.1\poi-4.1.1.jar;C:\Users\MELG20229793\.m2\repository\commons-codec\commons-codec\1.13\commons-codec-1.13.jar;C:\Users\MELG20229793\.m2\repository\org\apache\commons\commons-collections4\4.4\commons-collections4-4.4.jar;C:\Users\MELG20229793\.m2\repository\org\apache\commons\commons-math3\3.6.1\commons-math3-3.6.1.jar;C:\Users\MELG20229793\.m2\repository\org\apache\poi\poi-ooxml\4.1.1\poi-ooxml-4.1.1.jar;C:\Users\MELG20229793\.m2\repository\org\apache\poi\poi-ooxml-schemas\4.1.1\poi-ooxml-schemas-4.1.1.jar;C:\Users\MELG20229793\.m2\repository\org\apache\commons\commons-compress\1.19\commons-compress-1.19.jar;C:\Users\MELG20229793\.m2\repository\com\github\virtuald\curvesapi\1.06\curvesapi-1.06.jar;C:\Users\MELG20229793\.m2\repository\org\apache\xmlbeans\xmlbeans\3.1.0\xmlbeans-3.1.0.jar;C:\Users\MELG20229793\.m2\repository\log4j\log4j\1.2.17\log4j-1.2.17.jar;C:\Users\MELG20229793\.m2\repository\org\slf4j\slf4j-jdk14\1.7.25\slf4j-jdk14-1.7.25.jar;C:\Users\MELG20229793\.m2\repository\com\google\guava\guava\23.0\guava-23.0.jar;C:\Users\MELG20229793\.m2\repository\com\google\errorprone\error_prone_annotations\2.0.18\error_prone_annotations-2.0.18.jar;C:\Users\MELG20229793\.m2\repository\com\google\j2objc\j2objc-annotations\1.1\j2objc-annotations-1.1.jar;C:\Users\MELG20229793\.m2\repository\org\codehaus\mojo\animal-sniffer-annotations\1.14\animal-sniffer-annotations-1.14.jar;C:\Users\MELG20229793\.m2\repository\com\aventstack\extentreports\4.0.9\extentreports-4.0.9.jar;C:\Users\MELG20229793\.m2\repository\org\freemarker\freemarker\2.3.23\freemarker-2.3.23.jar;C:\Users\MELG20229793\.m2\repository\org\mongodb\mongodb-driver\3.3.0\mongodb-driver-3.3.0.jar;C:\Users\MELG20229793\.m2\repository\org\mongodb\mongodb-driver-core\3.3.0\mongodb-driver-core-3.3.0.jar;C:\Users\MELG20229793\.m2\repository\org\mongodb\bson\3.3.0\bson-3.3.0.jar;C:\Users\MELG20229793\.m2\repository\org\apache\httpcomponents\httpmime\4.5.2\httpmime-4.5.2.jar;C:\Users\MELG20229793\.m2\repository\io\rest-assured\rest-assured\4.3.0\rest-assured-4.3.0.jar;C:\Users\MELG20229793\.m2\repository\org\codehaus\groovy\groovy\3.0.2\groovy-3.0.2.jar;C:\Users\MELG20229793\.m2\repository\org\codehaus\groovy\groovy-xml\3.0.2\groovy-xml-3.0.2.jar;C:\Users\MELG20229793\.m2\repository\org\hamcrest\hamcrest\2.1\hamcrest-2.1.jar;C:\Users\MELG20229793\.m2\repository\org\ccil\cowan\tagsoup\tagsoup\1.2.1\tagsoup-1.2.1.jar;C:\Users\MELG20229793\.m2\repository\io\rest-assured\json-path\4.3.0\json-path-4.3.0.jar;C:\Users\MELG20229793\.m2\repository\org\codehaus\groovy\groovy-json\3.0.2\groovy-json-3.0.2.jar;C:\Users\MELG20229793\.m2\repository\io\rest-assured\rest-assured-common\4.3.0\rest-assured-common-4.3.0.jar;C:\Users\MELG20229793\.m2\repository\io\rest-assured\xml-path\4.3.0\xml-path-4.3.0.jar;C:\Users\MELG20229793\.m2\repository\jakarta\xml\bind\jakarta.xml.bind-api\2.3.2\jakarta.xml.bind-api-2.3.2.jar;C:\Users\MELG20229793\.m2\repository\jakarta\activation\jakarta.activation-api\1.2.1\jakarta.activation-api-1.2.1.jar;C:\Users\MELG20229793\.m2\repository\com\sun\xml\bind\jaxb-osgi\2.3.0.1\jaxb-osgi-2.3.0.1.jar;C:\Users\MELG20229793\.m2\repository\org\apache\sling\org.apache.sling.javax.activation\0.1.0\org.apache.sling.javax.activation-0.1.0.jar;C:\Users\MELG20229793\.m2\repository\org\apache\commons\commons-lang3\3.8.1\commons-lang3-3.8.1.jar;C:\Users\MELG20229793\.m2\repository\org\codehaus\groovy\groovy-all\2.3.5\groovy-all-2.3.5.jar;C:\Users\MELG20229793\.m2\repository\org\json\json\20180813\json-20180813.jar;C:\Users\MELG20229793\.m2\repository\com\opencsv\opencsv\3.3\opencsv-3.3.jar;C:\Users\MELG20229793\.m2\repository\net\sourceforge\javacsv\javacsv\2.0\javacsv-2.0.jar;C:\Users\MELG20229793\.m2\repository\javax\mail\javax.mail-api\1.5.5\javax.mail-api-1.5.5.jar;C:\Users\MELG20229793\.m2\repository\org\apache\httpcomponents\httpcore\4.4.11\httpcore-4.4.11.jar;C:\Users\MELG20229793\.m2\repository\org\apache\axis\axis\1.4\axis-1.4.jar;C:\Users\MELG20229793\.m2\repository\com\sun\mail\javax.mail\1.6.0\javax.mail-1.6.0.jar;C:\Users\MELG20229793\.m2\repository\javax\activation\activation\1.1\activation-1.1.jar;C:\Users\MELG20229793\.m2\repository\commons-validator\commons-validator\1.6\commons-validator-1.6.jar;C:\Users\MELG20229793\.m2\repository\commons-beanutils\commons-beanutils\1.9.2\commons-beanutils-1.9.2.jar;C:\Users\MELG20229793\.m2\repository\commons-digester\commons-digester\1.8.1\commons-digester-1.8.1.jar;C:\Users\MELG20229793\.m2\repository\commons-logging\commons-logging\1.2\commons-logging-1.2.jar;C:\Users\MELG20229793\.m2\repository\commons-collections\commons-collections\3.2.2\commons-collections-3.2.2.jar;C:\Users\MELG20229793\.m2\repository\javax\xml\bind\jaxb-api\2.3.1\jaxb-api-2.3.1.jar;C:\Users\MELG20229793\.m2\repository\javax\activation\javax.activation-api\1.2.0\javax.activation-api-1.2.0.jar;C:\Users\MELG20229793\.m2\repository\com\applitools\eyes-images-java3\3.158.9\eyes-images-java3-3.158.9.jar;C:\Users\MELG20229793\.m2\repository\com\applitools\eyes-common-java3\3.158.9\eyes-common-java3-3.158.9.jar;C:\Users\MELG20229793\.m2\repository\org\imgscalr\imgscalr-lib\4.2\imgscalr-lib-4.2.jar;C:\Users\MELG20229793\.m2\repository\com\helger\ph-css\6.1.1\ph-css-6.1.1.jar;C:\Users\MELG20229793\.m2\repository\com\helger\ph-commons\9.0.2\ph-commons-9.0.2.jar;C:\Users\MELG20229793\.m2\repository\org\jsoup\jsoup\1.8.3\jsoup-1.8.3.jar;C:\Users\MELG20229793\.m2\repository\com\applitools\eyes-sdk-core-java3\3.158.9\eyes-sdk-core-java3-3.158.9.jar;C:\Users\MELG20229793\.m2\repository\com\applitools\eyes-connectivity-java3-jersey2x\3.158.9\eyes-connectivity-java3-jersey2x-3.158.9.jar;C:\Users\MELG20229793\.m2\repository\org\glassfish\jersey\connectors\jersey-apache-connector\2.29\jersey-apache-connector-2.29.jar;C:\Users\MELG20229793\.m2\repository\org\glassfish\jersey\core\jersey-common\2.29\jersey-common-2.29.jar;C:\Users\MELG20229793\.m2\repository\jakarta\annotation\jakarta.annotation-api\1.3.4\jakarta.annotation-api-1.3.4.jar;C:\Users\MELG20229793\.m2\repository\org\glassfish\hk2\osgi-resource-locator\1.0.3\osgi-resource-locator-1.0.3.jar;C:\Users\MELG20229793\.m2\repository\com\sun\activation\jakarta.activation\1.2.1\jakarta.activation-1.2.1.jar;C:\Users\MELG20229793\.m2\repository\jakarta\ws\rs\jakarta.ws.rs-api\2.1.5\jakarta.ws.rs-api-2.1.5.jar;C:\Users\MELG20229793\.m2\repository\org\glassfish\jersey\core\jersey-client\2.29\jersey-client-2.29.jar;C:\Users\MELG20229793\.m2\repository\org\glassfish\hk2\external\jakarta.inject\2.5.0\jakarta.inject-2.5.0.jar;C:\Users\MELG20229793\.m2\repository\org\glassfish\jersey\inject\jersey-hk2\2.29\jersey-hk2-2.29.jar;C:\Users\MELG20229793\.m2\repository\org\glassfish\hk2\hk2-locator\2.5.0\hk2-locator-2.5.0.jar;C:\Users\MELG20229793\.m2\repository\org\glassfish\hk2\external\aopalliance-repackaged\2.5.0\aopalliance-repackaged-2.5.0.jar;C:\Users\MELG20229793\.m2\repository\org\glassfish\hk2\hk2-api\2.5.0\hk2-api-2.5.0.jar;C:\Users\MELG20229793\.m2\repository\org\glassfish\hk2\hk2-utils\2.5.0\hk2-utils-2.5.0.jar;C:\Users\MELG20229793\.m2\repository\org\javassist\javassist\3.22.0-CR2\javassist-3.22.0-CR2.jar;C:\Users\MELG20229793\.m2\repository\com\epam\reportportal\agent-java-testng\5.0.7\agent-java-testng-5.0.7.jar;C:\Users\MELG20229793\.m2\repository\com\epam\reportportal\client-java\5.0.6\client-java-5.0.6.jar;C:\Users\MELG20229793\.m2\repository\org\aspectj\aspectjrt\1.9.2\aspectjrt-1.9.2.jar;C:\Users\MELG20229793\.m2\repository\io\reactivex\rxjava2\rxjava\2.2.10\rxjava-2.2.10.jar;C:\Users\MELG20229793\.m2\repository\org\apache\tika\tika-core\1.4\tika-core-1.4.jar;C:\Users\MELG20229793\.m2\repository\com\epam\reportportal\commons-model\5.0.0\commons-model-5.0.0.jar;C:\Users\MELG20229793\.m2\repository\io\swagger\swagger-annotations\1.5.24\swagger-annotations-1.5.24.jar;C:\Users\MELG20229793\.m2\repository\javax\validation\validation-api\2.0.1.Final\validation-api-2.0.1.Final.jar;C:\Users\MELG20229793\.m2\repository\com\fasterxml\jackson\core\jackson-databind\2.13.0\jackson-databind-2.13.0.jar;C:\Users\MELG20229793\.m2\repository\com\fasterxml\jackson\core\jackson-annotations\2.13.0\jackson-annotations-2.13.0.jar;C:\Users\MELG20229793\.m2\repository\com\fasterxml\jackson\core\jackson-core\2.13.0\jackson-core-2.13.0.jar;C:\Users\MELG20229793\.m2\repository\com\mysql\mysql-connector-j\8.0.33\mysql-connector-j-8.0.33.jar;C:\Users\MELG20229793\.m2\repository\com\google\protobuf\protobuf-java\3.21.9\protobuf-java-3.21.9.jar;C:\Users\MELG20229793\.m2\repository\ch\qos\logback\logback-classic\1.2.3\logback-classic-1.2.3.jar;C:\Users\MELG20229793\.m2\repository\ch\qos\logback\logback-core\1.2.3\logback-core-1.2.3.jar;C:\Users\MELG20229793\.m2\repository\com\epam\reportportal\logger-java-log4j\5.0.1\logger-java-log4j-5.0.1.jar;C:\Users\MELG20229793\.m2\repository\org\apache\logging\log4j\log4j-api\2.15.0\log4j-api-2.15.0.jar;C:\Users\MELG20229793\.m2\repository\org\apache\logging\log4j\log4j-core\2.15.0\log4j-core-2.15.0.jar;C:\Users\MELG20229793\.m2\repository\com\googlecode\json-simple\json-simple\1.1\json-simple-1.1.jar;C:\Users\MELG20229793\.m2\repository\com\github\json-template\jsontemplate\0.2.1\jsontemplate-0.2.1.jar;C:\Users\MELG20229793\.m2\repository\org\antlr\antlr4-runtime\4.7\antlr4-runtime-4.7.jar;C:\Users\MELG20229793\.m2\repository\com\codeborne\phantomjsdriver\1.5.0\phantomjsdriver-1.5.0.jar;"/>
    <property name="sun.cpu.endian" value="little"/>
    <property name="user.home" value="C:\Users\MELG20229793"/>
    <property name="user.language" value="en"/>
    <property name="java.specification.vendor" value="Oracle Corporation"/>
    <property name="java.version.date" value="2023-04-18"/>
    <property name="java.home" value="C:\Program Files\Java\jdk-17"/>
    <property name="file.separator" value="\"/>
    <property name="basedir" value="D:\Projects\mlshop-web-automation"/>
    <property name="java.vm.compressedOopsMode" value="Zero based"/>
    <property name="line.separator" value="&#10;"/>
    <property name="java.vm.specification.vendor" value="Oracle Corporation"/>
    <property name="java.specification.name" value="Java Platform API Specification"/>
    <property name="user.script" value=""/>
    <property name="sun.management.compiler" value="HotSpot 64-Bit Tiered Compilers"/>
    <property name="java.runtime.version" value="17.0.7+8-LTS-224"/>
    <property name="user.name" value="MELG20229793"/>
    <property name="path.separator" value=";"/>
    <property name="os.version" value="10.0"/>
    <property name="java.runtime.name" value="Java(TM) SE Runtime Environment"/>
    <property name="file.encoding" value="Cp1252"/>
    <property name="browser" value=""/>
    <property name="java.vm.name" value="Java HotSpot(TM) 64-Bit Server VM"/>
    <property name="localRepository" value="C:\Users\MELG20229793\.m2\repository"/>
    <property name="java.vendor.url.bug" value="https://bugreport.java.com/bugreport/"/>
    <property name="java.io.tmpdir" value="C:\Users\MELG20~1\AppData\Local\Temp\"/>
    <property name="java.version" value="17.0.7"/>
    <property name="user.dir" value="D:\Projects\mlshop-web-automation"/>
    <property name="os.arch" value="amd64"/>
    <property name="java.vm.specification.name" value="Java Virtual Machine Specification"/>
    <property name="env" value="sit"/>
    <property name="sun.os.patch.level" value=""/>
    <property name="native.encoding" value="Cp1252"/>
    <property name="java.library.path" value="C:\Program Files\Java\jdk-17\bin;C:\WINDOWS\Sun\Java\bin;C:\WINDOWS\system32;C:\WINDOWS;C:\Program Files\Common Files\Oracle\Java\javapath;C:\WINDOWS\system32;C:\WINDOWS;C:\WINDOWS\System32\Wbem;C:\WINDOWS\System32\WindowsPowerShell\v1.0\;C:\apache-maven-3.8.5\bin;C:\WINDOWS\System32\OpenSSH\;C:\apache-jmeter-5.4.1\bin;C:\Program Files\Java\jdk-17\bin;C:\Program Files (x86)\Microsoft SQL Server\130\DTS\Binn\;C:\Program Files\Microsoft SQL Server\130\DTS\Binn\;C:\Program Files\Microsoft SQL Server\Client SDK\ODBC\130\Tools\Binn\;C:\Program Files (x86)\Microsoft SQL Server\130\Tools\Binn\;C:\Program Files\Microsoft SQL Server\130\Tools\Binn\;C:\Program Files (x86)\Microsoft SQL Server\Client SDK\ODBC\130\Tools\Binn\;C:\Program Files (x86)\Microsoft SQL Server\130\Tools\Binn\ManagementStudio\;C:\Program Files\Microsoft SQL Server\150\Tools\Binn\;C:\Program Files\Microsoft SQL Server\Client SDK\ODBC\170\Tools\Binn\;C:\Users\MELG20229793\AppData\Local\Android\Sdk\platform-tools;C:\Program Files\nodejs\;C:\WINDOWS\system32;C:\WINDOWS;C:\WINDOWS\System32\Wbem;C:\WINDOWS\System32\WindowsPowerShell\v1.0\;C:\WINDOWS\System32\OpenSSH\;C:\Users\MELG20229793\AppData\Local\Android\Sdk\tools;C:\Users\MELG20229793\AppData\Local\Android\Sdk\tools\bin;C:\Users\MELG20229793\AppData\Local\Android\Sdk\platforms;C:\Users\MELG20229793\AppData\Local\Android\Sdk\platform-tools;C:\Program Files\Git\bin;C:\Program Files\Git\git-cmd;C:\Program Files\PuTTY\;C:\Users\MELG20229793\AppData\Roaming\npm;C:\Users\MELG20229793\AppData\Local\Programs\Python\Python311\Scripts\;C:\Users\MELG20229793\AppData\Local\Programs\Python\Python311\;C:\Users\MELG20229793\AppData\Local\Microsoft\WindowsApps;C:\Users\MELG20229793\AppData\Local\Programs\Microsoft VS Code\bin;D:\IntelliJ IDEA Educational Edition 2022.2.2\bin;;C:\Users\MELG20229793\AppData\Roaming\npm;C:\Users\MELG20229793\AppData\Local\GitHubDesktop\bin;C:\Program Files (x86)\BrowserStackLocal\;."/>
    <property name="java.vm.info" value="mixed mode, sharing"/>
    <property name="java.vendor" value="Oracle Corporation"/>
    <property name="java.vm.version" value="17.0.7+8-LTS-224"/>
    <property name="sun.io.unicode.encoding" value="UnicodeLittle"/>
    <property name="java.class.version" value="61.0"/>
  </properties>
  <testcase name="MLS_TC_01_ValidateUserIcon_Redirection" classname="com.mlshop.test.Login" time="2.211"/>
  <testcase name="MLS_TC_02_ValidateErrorPrompt_MobileNumber_Field" classname="com.mlshop.test.Login" time="4.473">
    <failure message="expected [Mobile Number is Required] but found []" type="java.lang.AssertionError">java.lang.AssertionError: expected [Mobile Number is Required] but found []
	at com.mlshop.test.Login.MLS_TC_02_ValidateErrorPrompt_MobileNumber_Field(Login.java:13)
</failure>
    <system-out><![CDATA[2024-02-16 09:10:15,951 [main] INFO  binary_data_logger - RP_MESSAGE#FILE#C:\Users\MELG20~1\AppData\Local\Temp\screenshot17497666166052303252.png#Attachment
2024-02-16 09:10:15,952 [main] INFO  binary_data_logger - ::::::::::Test MLS_TC_01_ValidateUserIcon_Redirection PASSED::::::::::
2024-02-16 09:10:21,586 [main] INFO  binary_data_logger - PlatForm :: Web
2024-02-16 09:10:21,587 [main] INFO  binary_data_logger - Running Test :: MLSHOP
2024-02-16 09:10:21,588 [main] INFO  binary_data_logger - Run Mode :: YES
2024-02-16 09:10:23,350 [main] INFO  binary_data_logger - Browser Name: chrome
2024-02-16 09:10:24,008 [main] INFO  binary_data_logger - Device Name: n/a
2024-02-16 09:10:24,013 [main] INFO  binary_data_logger - :::::::::Test MLS_TC_02_ValidateErrorPrompt_MobileNumber_Field Started::::::::
2024-02-16 09:10:26,250 [main] INFO  binary_data_logger - Clicked on User icon
2024-02-16 09:10:26,258 [main] INFO  binary_data_logger - https://mlshoppreprod.mlhuillier.com/authlogin and https://mlshoppreprod.mlhuillier.com/authlogin are matched
2024-02-16 09:10:26,451 [main] INFO  binary_data_logger - Clicked on Login Button
]]></system-out>
    <system-err><![CDATA[Feb 16, 2024 9:10:21 AM io.github.bonigarcia.wdm.WebDriverManager resolveDriverVersion
INFO: Using chromedriver 121.0.6167.85 (resolved driver for Chrome 121)
Feb 16, 2024 9:10:21 AM io.github.bonigarcia.wdm.WebDriverManager exportDriver
INFO: Exporting webdriver.chrome.driver as C:\Users\MELG20229793\.cache\selenium\chromedriver\win64\121.0.6167.85\chromedriver.exe
Feb 16, 2024 9:10:21 AM io.github.bonigarcia.wdm.versions.VersionDetector getDriverVersionFromRepository
WARNING: Exception reading null to get version of chromedriver (For input string: "121.0.6167.85")
Feb 16, 2024 9:10:21 AM io.github.bonigarcia.wdm.online.HttpClient execute
SEVERE: Error HTTP 404 executing https://chromedriver.storage.googleapis.com/LATEST_RELEASE_121.0.6167.85
Feb 16, 2024 9:10:21 AM io.github.bonigarcia.wdm.versions.VersionDetector getDriverVersionFromRepository
WARNING: Exception reading https://chromedriver.storage.googleapis.com/LATEST_RELEASE_121.0.6167.85 to get latest version of chromedriver (Error HTTP 404 executing https://chromedriver.storage.googleapis.com/LATEST_RELEASE_121.0.6167.85)
Feb 16, 2024 9:10:22 AM io.github.bonigarcia.wdm.WebDriverManager exportDriver
INFO: Exporting webdriver.chrome.driver as C:\Users\MELG20229793\.cache\selenium\chromedriver\win64\121.0.6167.85\chromedriver.exe
Starting ChromeDriver 121.0.6167.85 (3f98d690ad7e59242ef110144c757b2ac4eef1a2-refs/branch-heads/6167@{#1539}) on port 32048
Only local connections are allowed.
Please see https://chromedriver.chromium.org/security-considerations for suggestions on keeping ChromeDriver safe.
ChromeDriver was started successfully.
Feb 16, 2024 9:10:23 AM org.openqa.selenium.remote.ProtocolHandshake createSession
INFO: Detected dialect: W3C
]]></system-err>
  </testcase>
  <testcase name="MLS_TC_05_ValidateErorrPrompt_" classname="com.mlshop.test.Login" time="12.055"/>
  <testcase name="MLS_TC_06_ValidateLogin_Function" classname="com.mlshop.test.Login" time="10.663"/>
  <testcase name="MLS_TC_08_ValidateLogin_RegisterRedirection" classname="com.mlshop.test.Login" time="4.998"/>
  <testcase name="MLS_TC_09_ValidateLogin_CancelRegister" classname="com.mlshop.test.Login" time="4.947"/>
  <testcase name="MS_TC_25_ValidateUserName_DropDown" classname="com.mlshop.test.Home" time="11.022"/>
  <testcase name="MLS_TC_26_ValidateProfile_Navigation" classname="com.mlshop.test.Home" time="11.496"/>
  <testcase name="MLS_TC_27_ValidatePurchaseHistory_Navigation" classname="com.mlshop.test.Home" time="10.717">
    <failure message="expected [https://mlshoppreprod.mlhuillier.com/purchasehistory] but found [https://mlshoppreprod.mlhuillier.com/]" type="java.lang.AssertionError">java.lang.AssertionError: expected [https://mlshoppreprod.mlhuillier.com/purchasehistory] but found [https://mlshoppreprod.mlhuillier.com/]
	at com.mlshop.test.Home.MLS_TC_27_ValidatePurchaseHistory_Navigation(Home.java:17)
</failure>
    <system-out><![CDATA[2024-02-16 09:12:11,417 [main] INFO  binary_data_logger - RP_MESSAGE#FILE#C:\Users\MELG20~1\AppData\Local\Temp\screenshot3139695833881394361.png#Attachment
2024-02-16 09:12:11,418 [main] INFO  binary_data_logger - ::::::::::Test MLS_TC_26_ValidateProfile_Navigation PASSED::::::::::
2024-02-16 09:12:17,146 [main] INFO  binary_data_logger - PlatForm :: Web
2024-02-16 09:12:17,148 [main] INFO  binary_data_logger - Running Test :: MLSHOP
2024-02-16 09:12:17,148 [main] INFO  binary_data_logger - Run Mode :: YES
2024-02-16 09:12:18,698 [main] INFO  binary_data_logger - Browser Name: chrome
2024-02-16 09:12:19,436 [main] INFO  binary_data_logger - Device Name: n/a
2024-02-16 09:12:19,439 [main] INFO  binary_data_logger - :::::::::Test MLS_TC_27_ValidatePurchaseHistory_Navigation Started::::::::
2024-02-16 09:12:19,439 [main] INFO  binary_data_logger - 09999999912
2024-02-16 09:12:21,579 [main] INFO  binary_data_logger - Clicked on User icon
2024-02-16 09:12:21,585 [main] INFO  binary_data_logger - https://mlshoppreprod.mlhuillier.com/authlogin and https://mlshoppreprod.mlhuillier.com/authlogin are matched
2024-02-16 09:12:23,656 [main] INFO  binary_data_logger - Typed the value 09999999912 into Mobile Number
2024-02-16 09:12:23,711 [main] INFO  binary_data_logger - Clicked on Login Button
2024-02-16 09:12:27,664 [main] INFO  binary_data_logger - Typed the value 1 into OTP field
2024-02-16 09:12:27,671 [main] INFO  binary_data_logger - Typed the value 1 into OTP field
2024-02-16 09:12:27,681 [main] INFO  binary_data_logger - Typed the value 1 into OTP field
2024-02-16 09:12:27,695 [main] INFO  binary_data_logger - Typed the value 1 into OTP field
2024-02-16 09:12:27,711 [main] INFO  binary_data_logger - Typed the value 1 into OTP field
2024-02-16 09:12:27,733 [main] INFO  binary_data_logger - Typed the value 1 into OTP field
2024-02-16 09:12:29,736 [main] INFO  binary_data_logger - Successfully Login and Successfully Login are matched
2024-02-16 09:12:29,878 [main] INFO  binary_data_logger - Clicked on Okay Button
2024-02-16 09:12:29,977 [main] INFO  binary_data_logger - User Name is displayed
2024-02-16 09:12:30,012 [main] INFO  binary_data_logger - Clicked on User Name
2024-02-16 09:12:30,050 [main] INFO  binary_data_logger - Current user: Hi, PAVITHRAREDDY!
2024-02-16 09:12:30,083 [main] INFO  binary_data_logger - Pruchase History is displayed
2024-02-16 09:12:30,147 [main] INFO  binary_data_logger - Clicked on Pruchase History
]]></system-out>
    <system-err><![CDATA[Feb 16, 2024 9:12:17 AM io.github.bonigarcia.wdm.WebDriverManager resolveDriverVersion
INFO: Using chromedriver 121.0.6167.85 (resolved driver for Chrome 121)
Feb 16, 2024 9:12:17 AM io.github.bonigarcia.wdm.WebDriverManager exportDriver
INFO: Exporting webdriver.chrome.driver as C:\Users\MELG20229793\.cache\selenium\chromedriver\win64\121.0.6167.85\chromedriver.exe
Feb 16, 2024 9:12:17 AM io.github.bonigarcia.wdm.versions.VersionDetector getDriverVersionFromRepository
WARNING: Exception reading null to get version of chromedriver (For input string: "121.0.6167.85")
Feb 16, 2024 9:12:17 AM io.github.bonigarcia.wdm.online.HttpClient execute
SEVERE: Error HTTP 404 executing https://chromedriver.storage.googleapis.com/LATEST_RELEASE_121.0.6167.85
Feb 16, 2024 9:12:17 AM io.github.bonigarcia.wdm.versions.VersionDetector getDriverVersionFromRepository
WARNING: Exception reading https://chromedriver.storage.googleapis.com/LATEST_RELEASE_121.0.6167.85 to get latest version of chromedriver (Error HTTP 404 executing https://chromedriver.storage.googleapis.com/LATEST_RELEASE_121.0.6167.85)
Feb 16, 2024 9:12:17 AM io.github.bonigarcia.wdm.WebDriverManager exportDriver
INFO: Exporting webdriver.chrome.driver as C:\Users\MELG20229793\.cache\selenium\chromedriver\win64\121.0.6167.85\chromedriver.exe
Starting ChromeDriver 121.0.6167.85 (3f98d690ad7e59242ef110144c757b2ac4eef1a2-refs/branch-heads/6167@{#1539}) on port 28584
Only local connections are allowed.
Please see https://chromedriver.chromium.org/security-considerations for suggestions on keeping ChromeDriver safe.
ChromeDriver was started successfully.
Feb 16, 2024 9:12:18 AM org.openqa.selenium.remote.ProtocolHandshake createSession
INFO: Detected dialect: W3C
]]></system-err>
  </testcase>
  <testcase name="MLS_TC_28_ValidateLogout" classname="com.mlshop.test.Home" time="11.027"/>
  <testcase name="MLS_TC_29_ValidateFilter_AllTypes" classname="com.mlshop.test.Home" time="1.144"/>
  <testcase name="MLS_TC_30_ValidateFilter_Ring" classname="com.mlshop.test.Home" time="2.156"/>
  <testcase name="MLS_TC_31_ValidateFilter_Necklace" classname="com.mlshop.test.Home" time="1.949"/>
  <testcase name="MLS_TC_32_ValidateFilter_Bracelets" classname="com.mlshop.test.Home" time="2.654"/>
  <testcase name="MLS_TC_33_ValidateFilter_Earrings" classname="com.mlshop.test.Home" time="1.991"/>
  <testcase name="MLS_TC_34_ValidateFilter_Pendant" classname="com.mlshop.test.Home" time="2.443"/>
  <testcase name="MLS_TC_35_ValidateFilter_Brouch" classname="com.mlshop.test.Home" time="2.243"/>
  <testcase name="MLS_TC_36_ValidateFilter_Engagement" classname="com.mlshop.test.Home" time="31.756"/>
  <testcase name="MLS_TC_37_ValidateFilter_AllGoldKarat" classname="com.mlshop.test.Home" time="2.014"/>
  <testcase name="MLS_TC_38_ValidateFilter_14Karat" classname="com.mlshop.test.Home" time="2.062"/>
  <testcase name="MLS_TC_39_ValidateFilter_18Karat" classname="com.mlshop.test.Home" time="2.07"/>
  <testcase name="MLS_TC_40_ValidateFilter_AllGoldColors" classname="com.mlshop.test.Home" time="2.189"/>
  <testcase name="MLS_TC_41_ValidateFilter_YellowGold" classname="com.mlshop.test.Home" time="2.036"/>
  <testcase name="MLS_TC_42_ValidateFilter_WhiteGold" classname="com.mlshop.test.Home" time="2.16"/>
  <testcase name="MLS_TC_43_ValidateFilter_RoseGold" classname="com.mlshop.test.Home" time="1.976"/>
  <testcase name="MLS_TC_44_ValidateFilter_TwoTone" classname="com.mlshop.test.Home" time="1.984"/>
  <testcase name="MLS_TC_45_ValidateFilter_TriTone" classname="com.mlshop.test.Home" time="2.142"/>
  <testcase name="MLS_TC_46_ValidateFilter_AllGenders" classname="com.mlshop.test.Home" time="2.209"/>
  <testcase name="MLS_TC_47_ValidateFilter_Ladies" classname="com.mlshop.test.Home" time="2.353"/>
  <testcase name="MLS_TC_48_ValidateFilter_Mens" classname="com.mlshop.test.Home" time="2.267"/>
  <testcase name="MLS_TC_49_ValidateFilter_Unisex" classname="com.mlshop.test.Home" time="2.189"/>
  <testcase name="MLS_TC_57_ValidateFilter_WatchAllBrand" classname="com.mlshop.test.Home" time="3.341"/>
</testsuite>