<?xml version="1.0" encoding="UTF-8"?>
<testsuite xmlns:xsi="http://www.w3.org/2001/XMLSchema-instance" xsi:noNamespaceSchemaLocation="https://maven.apache.org/surefire/maven-surefire-plugin/xsd/surefire-test-report.xsd" name="TestSuite" time="851.782" tests="86" errors="0" skipped="0" failures="5">
  <properties>
    <property name="java.specification.version" value="17"/>
    <property name="sun.cpu.isalist" value="amd64"/>
    <property name="sun.jnu.encoding" value="Cp1252"/>
    <property name="java.class.path" value="C:\Users\MELG20229793\.m2\repository\org\apache\maven\surefire\surefire-booter\3.0.0-M1\surefire-booter-3.0.0-M1.jar;C:\Users\MELG20229793\.m2\repository\org\apache\maven\surefire\surefire-api\3.0.0-M1\surefire-api-3.0.0-M1.jar;C:\Users\MELG20229793\.m2\repository\org\apache\maven\surefire\surefire-logger-api\3.0.0-M1\surefire-logger-api-3.0.0-M1.jar;D:\Projects\mlshop-web-automation\target\test-classes;D:\Projects\mlshop-web-automation\target\classes;C:\Users\MELG20229793\.m2\repository\io\appium\java-client\7.2.0\java-client-7.2.0.jar;C:\Users\MELG20229793\.m2\repository\org\seleniumhq\selenium\selenium-support\3.141.59\selenium-support-3.141.59.jar;C:\Users\MELG20229793\.m2\repository\org\seleniumhq\selenium\selenium-api\3.141.59\selenium-api-3.141.59.jar;C:\Users\MELG20229793\.m2\repository\com\google\code\gson\gson\2.8.5\gson-2.8.5.jar;C:\Users\MELG20229793\.m2\repository\org\apache\httpcomponents\httpclient\4.5.9\httpclient-4.5.9.jar;C:\Users\MELG20229793\.m2\repository\cglib\cglib\3.2.12\cglib-3.2.12.jar;C:\Users\MELG20229793\.m2\repository\org\ow2\asm\asm\7.1\asm-7.1.jar;C:\Users\MELG20229793\.m2\repository\commons-io\commons-io\2.6\commons-io-2.6.jar;C:\Users\MELG20229793\.m2\repository\org\springframework\spring-context\5.1.8.RELEASE\spring-context-5.1.8.RELEASE.jar;C:\Users\MELG20229793\.m2\repository\org\springframework\spring-aop\5.1.8.RELEASE\spring-aop-5.1.8.RELEASE.jar;C:\Users\MELG20229793\.m2\repository\org\springframework\spring-beans\5.1.8.RELEASE\spring-beans-5.1.8.RELEASE.jar;C:\Users\MELG20229793\.m2\repository\org\springframework\spring-core\5.1.8.RELEASE\spring-core-5.1.8.RELEASE.jar;C:\Users\MELG20229793\.m2\repository\org\springframework\spring-jcl\5.1.8.RELEASE\spring-jcl-5.1.8.RELEASE.jar;C:\Users\MELG20229793\.m2\repository\org\springframework\spring-expression\5.1.8.RELEASE\spring-expression-5.1.8.RELEASE.jar;C:\Users\MELG20229793\.m2\repository\org\aspectj\aspectjweaver\1.9.4\aspectjweaver-1.9.4.jar;C:\Users\MELG20229793\.m2\repository\org\slf4j\slf4j-api\1.7.26\slf4j-api-1.7.26.jar;C:\Users\MELG20229793\.m2\repository\org\seleniumhq\selenium\selenium-java\3.141.59\selenium-java-3.141.59.jar;C:\Users\MELG20229793\.m2\repository\org\seleniumhq\selenium\selenium-chrome-driver\3.141.59\selenium-chrome-driver-3.141.59.jar;C:\Users\MELG20229793\.m2\repository\org\seleniumhq\selenium\selenium-edge-driver\3.141.59\selenium-edge-driver-3.141.59.jar;C:\Users\MELG20229793\.m2\repository\org\seleniumhq\selenium\selenium-firefox-driver\3.141.59\selenium-firefox-driver-3.141.59.jar;C:\Users\MELG20229793\.m2\repository\org\seleniumhq\selenium\selenium-ie-driver\3.141.59\selenium-ie-driver-3.141.59.jar;C:\Users\MELG20229793\.m2\repository\org\seleniumhq\selenium\selenium-opera-driver\3.141.59\selenium-opera-driver-3.141.59.jar;C:\Users\MELG20229793\.m2\repository\org\seleniumhq\selenium\selenium-remote-driver\3.141.59\selenium-remote-driver-3.141.59.jar;C:\Users\MELG20229793\.m2\repository\org\seleniumhq\selenium\selenium-safari-driver\3.141.59\selenium-safari-driver-3.141.59.jar;C:\Users\MELG20229793\.m2\repository\net\bytebuddy\byte-buddy\1.8.15\byte-buddy-1.8.15.jar;C:\Users\MELG20229793\.m2\repository\org\apache\commons\commons-exec\1.3\commons-exec-1.3.jar;C:\Users\MELG20229793\.m2\repository\com\squareup\okhttp3\okhttp\3.11.0\okhttp-3.11.0.jar;C:\Users\MELG20229793\.m2\repository\com\squareup\okio\okio\1.14.0\okio-1.14.0.jar;C:\Users\MELG20229793\.m2\repository\io\github\bonigarcia\webdrivermanager\5.6.3\webdrivermanager-5.6.3.jar;C:\Users\MELG20229793\.m2\repository\com\github\docker-java\docker-java\3.3.4\docker-java-3.3.4.jar;C:\Users\MELG20229793\.m2\repository\com\github\docker-java\docker-java-core\3.3.4\docker-java-core-3.3.4.jar;C:\Users\MELG20229793\.m2\repository\com\github\docker-java\docker-java-api\3.3.4\docker-java-api-3.3.4.jar;C:\Users\MELG20229793\.m2\repository\org\bouncycastle\bcpkix-jdk18on\1.76\bcpkix-jdk18on-1.76.jar;C:\Users\MELG20229793\.m2\repository\org\bouncycastle\bcprov-jdk18on\1.76\bcprov-jdk18on-1.76.jar;C:\Users\MELG20229793\.m2\repository\org\bouncycastle\bcutil-jdk18on\1.76\bcutil-jdk18on-1.76.jar;C:\Users\MELG20229793\.m2\repository\org\slf4j\jcl-over-slf4j\1.7.30\jcl-over-slf4j-1.7.30.jar;C:\Users\MELG20229793\.m2\repository\com\github\docker-java\docker-java-transport-httpclient5\3.3.4\docker-java-transport-httpclient5-3.3.4.jar;C:\Users\MELG20229793\.m2\repository\com\github\docker-java\docker-java-transport\3.3.4\docker-java-transport-3.3.4.jar;C:\Users\MELG20229793\.m2\repository\net\java\dev\jna\jna\5.13.0\jna-5.13.0.jar;C:\Users\MELG20229793\.m2\repository\org\brotli\dec\0.1.2\dec-0.1.2.jar;C:\Users\MELG20229793\.m2\repository\org\apache\commons\commons-compress\1.25.0\commons-compress-1.25.0.jar;C:\Users\MELG20229793\.m2\repository\org\apache\httpcomponents\client5\httpclient5\5.2.1\httpclient5-5.2.1.jar;C:\Users\MELG20229793\.m2\repository\org\apache\httpcomponents\core5\httpcore5\5.2\httpcore5-5.2.jar;C:\Users\MELG20229793\.m2\repository\org\apache\httpcomponents\core5\httpcore5-h2\5.2\httpcore5-h2-5.2.jar;C:\Users\MELG20229793\.m2\repository\com\influxdb\influxdb-client-java\6.8.0\influxdb-client-java-6.8.0.jar;C:\Users\MELG20229793\.m2\repository\com\influxdb\influxdb-client-core\6.8.0\influxdb-client-core-6.8.0.jar;C:\Users\MELG20229793\.m2\repository\com\influxdb\influxdb-client-utils\6.8.0\influxdb-client-utils-6.8.0.jar;C:\Users\MELG20229793\.m2\repository\com\squareup\retrofit2\retrofit\2.9.0\retrofit-2.9.0.jar;C:\Users\MELG20229793\.m2\repository\com\squareup\okhttp3\logging-interceptor\4.10.0\logging-interceptor-4.10.0.jar;C:\Users\MELG20229793\.m2\repository\org\apache\commons\commons-csv\1.9.0\commons-csv-1.9.0.jar;C:\Users\MELG20229793\.m2\repository\io\reactivex\rxjava3\rxjava\3.1.5\rxjava-3.1.5.jar;C:\Users\MELG20229793\.m2\repository\org\reactivestreams\reactive-streams\1.0.4\reactive-streams-1.0.4.jar;C:\Users\MELG20229793\.m2\repository\com\squareup\retrofit2\adapter-rxjava3\2.9.0\adapter-rxjava3-2.9.0.jar;C:\Users\MELG20229793\.m2\repository\com\squareup\retrofit2\converter-scalars\2.9.0\converter-scalars-2.9.0.jar;C:\Users\MELG20229793\.m2\repository\com\squareup\retrofit2\converter-gson\2.9.0\converter-gson-2.9.0.jar;C:\Users\MELG20229793\.m2\repository\com\google\code\findbugs\jsr305\3.0.2\jsr305-3.0.2.jar;C:\Users\MELG20229793\.m2\repository\org\jetbrains\kotlin\kotlin-stdlib\1.5.30\kotlin-stdlib-1.5.30.jar;C:\Users\MELG20229793\.m2\repository\org\jetbrains\annotations\13.0\annotations-13.0.jar;C:\Users\MELG20229793\.m2\repository\org\jetbrains\kotlin\kotlin-stdlib-common\1.5.30\kotlin-stdlib-common-1.5.30.jar;C:\Users\MELG20229793\.m2\repository\org\testng\testng\7.1.0\testng-7.1.0.jar;C:\Users\MELG20229793\.m2\repository\com\beust\jcommander\1.72\jcommander-1.72.jar;C:\Users\MELG20229793\.m2\repository\com\google\inject\guice\4.1.0\guice-4.1.0-no_aop.jar;C:\Users\MELG20229793\.m2\repository\javax\inject\javax.inject\1\javax.inject-1.jar;C:\Users\MELG20229793\.m2\repository\aopalliance\aopalliance\1.0\aopalliance-1.0.jar;C:\Users\MELG20229793\.m2\repository\org\yaml\snakeyaml\1.21\snakeyaml-1.21.jar;C:\Users\MELG20229793\.m2\repository\org\apache\poi\poi\4.1.1\poi-4.1.1.jar;C:\Users\MELG20229793\.m2\repository\commons-codec\commons-codec\1.13\commons-codec-1.13.jar;C:\Users\MELG20229793\.m2\repository\org\apache\commons\commons-collections4\4.4\commons-collections4-4.4.jar;C:\Users\MELG20229793\.m2\repository\org\apache\commons\commons-math3\3.6.1\commons-math3-3.6.1.jar;C:\Users\MELG20229793\.m2\repository\org\apache\poi\poi-ooxml\4.1.1\poi-ooxml-4.1.1.jar;C:\Users\MELG20229793\.m2\repository\org\apache\poi\poi-ooxml-schemas\4.1.1\poi-ooxml-schemas-4.1.1.jar;C:\Users\MELG20229793\.m2\repository\com\github\virtuald\curvesapi\1.06\curvesapi-1.06.jar;C:\Users\MELG20229793\.m2\repository\org\apache\xmlbeans\xmlbeans\3.1.0\xmlbeans-3.1.0.jar;C:\Users\MELG20229793\.m2\repository\log4j\log4j\1.2.17\log4j-1.2.17.jar;C:\Users\MELG20229793\.m2\repository\org\slf4j\slf4j-jdk14\1.7.25\slf4j-jdk14-1.7.25.jar;C:\Users\MELG20229793\.m2\repository\com\google\guava\guava\23.0\guava-23.0.jar;C:\Users\MELG20229793\.m2\repository\com\google\errorprone\error_prone_annotations\2.0.18\error_prone_annotations-2.0.18.jar;C:\Users\MELG20229793\.m2\repository\com\google\j2objc\j2objc-annotations\1.1\j2objc-annotations-1.1.jar;C:\Users\MELG20229793\.m2\repository\org\codehaus\mojo\animal-sniffer-annotations\1.14\animal-sniffer-annotations-1.14.jar;C:\Users\MELG20229793\.m2\repository\com\aventstack\extentreports\4.0.9\extentreports-4.0.9.jar;C:\Users\MELG20229793\.m2\repository\org\freemarker\freemarker\2.3.23\freemarker-2.3.23.jar;C:\Users\MELG20229793\.m2\repository\org\mongodb\mongodb-driver\3.3.0\mongodb-driver-3.3.0.jar;C:\Users\MELG20229793\.m2\repository\org\mongodb\mongodb-driver-core\3.3.0\mongodb-driver-core-3.3.0.jar;C:\Users\MELG20229793\.m2\repository\org\mongodb\bson\3.3.0\bson-3.3.0.jar;C:\Users\MELG20229793\.m2\repository\org\apache\httpcomponents\httpmime\4.5.2\httpmime-4.5.2.jar;C:\Users\MELG20229793\.m2\repository\io\rest-assured\rest-assured\4.3.0\rest-assured-4.3.0.jar;C:\Users\MELG20229793\.m2\repository\org\codehaus\groovy\groovy\3.0.2\groovy-3.0.2.jar;C:\Users\MELG20229793\.m2\repository\org\codehaus\groovy\groovy-xml\3.0.2\groovy-xml-3.0.2.jar;C:\Users\MELG20229793\.m2\repository\org\hamcrest\hamcrest\2.1\hamcrest-2.1.jar;C:\Users\MELG20229793\.m2\repository\org\ccil\cowan\tagsoup\tagsoup\1.2.1\tagsoup-1.2.1.jar;C:\Users\MELG20229793\.m2\repository\io\rest-assured\json-path\4.3.0\json-path-4.3.0.jar;C:\Users\MELG20229793\.m2\repository\org\codehaus\groovy\groovy-json\3.0.2\groovy-json-3.0.2.jar;C:\Users\MELG20229793\.m2\repository\io\rest-assured\rest-assured-common\4.3.0\rest-assured-common-4.3.0.jar;C:\Users\MELG20229793\.m2\repository\io\rest-assured\xml-path\4.3.0\xml-path-4.3.0.jar;C:\Users\MELG20229793\.m2\repository\jakarta\xml\bind\jakarta.xml.bind-api\2.3.2\jakarta.xml.bind-api-2.3.2.jar;C:\Users\MELG20229793\.m2\repository\jakarta\activation\jakarta.activation-api\1.2.1\jakarta.activation-api-1.2.1.jar;C:\Users\MELG20229793\.m2\repository\com\sun\xml\bind\jaxb-osgi\2.3.0.1\jaxb-osgi-2.3.0.1.jar;C:\Users\MELG20229793\.m2\repository\org\apache\sling\org.apache.sling.javax.activation\0.1.0\org.apache.sling.javax.activation-0.1.0.jar;C:\Users\MELG20229793\.m2\repository\org\apache\commons\commons-lang3\3.8.1\commons-lang3-3.8.1.jar;C:\Users\MELG20229793\.m2\repository\org\codehaus\groovy\groovy-all\2.3.5\groovy-all-2.3.5.jar;C:\Users\MELG20229793\.m2\repository\org\json\json\20180813\json-20180813.jar;C:\Users\MELG20229793\.m2\repository\com\opencsv\opencsv\3.3\opencsv-3.3.jar;C:\Users\MELG20229793\.m2\repository\net\sourceforge\javacsv\javacsv\2.0\javacsv-2.0.jar;C:\Users\MELG20229793\.m2\repository\javax\mail\javax.mail-api\1.5.5\javax.mail-api-1.5.5.jar;C:\Users\MELG20229793\.m2\repository\org\apache\httpcomponents\httpcore\4.4.11\httpcore-4.4.11.jar;C:\Users\MELG20229793\.m2\repository\org\apache\axis\axis\1.4\axis-1.4.jar;C:\Users\MELG20229793\.m2\repository\com\sun\mail\javax.mail\1.6.0\javax.mail-1.6.0.jar;C:\Users\MELG20229793\.m2\repository\javax\activation\activation\1.1\activation-1.1.jar;C:\Users\MELG20229793\.m2\repository\commons-validator\commons-validator\1.6\commons-validator-1.6.jar;C:\Users\MELG20229793\.m2\repository\commons-beanutils\commons-beanutils\1.9.2\commons-beanutils-1.9.2.jar;C:\Users\MELG20229793\.m2\repository\commons-digester\commons-digester\1.8.1\commons-digester-1.8.1.jar;C:\Users\MELG20229793\.m2\repository\commons-logging\commons-logging\1.2\commons-logging-1.2.jar;C:\Users\MELG20229793\.m2\repository\commons-collections\commons-collections\3.2.2\commons-collections-3.2.2.jar;C:\Users\MELG20229793\.m2\repository\javax\xml\bind\jaxb-api\2.3.1\jaxb-api-2.3.1.jar;C:\Users\MELG20229793\.m2\repository\javax\activation\javax.activation-api\1.2.0\javax.activation-api-1.2.0.jar;C:\Users\MELG20229793\.m2\repository\com\applitools\eyes-images-java3\3.158.9\eyes-images-java3-3.158.9.jar;C:\Users\MELG20229793\.m2\repository\com\applitools\eyes-common-java3\3.158.9\eyes-common-java3-3.158.9.jar;C:\Users\MELG20229793\.m2\repository\org\imgscalr\imgscalr-lib\4.2\imgscalr-lib-4.2.jar;C:\Users\MELG20229793\.m2\repository\com\helger\ph-css\6.1.1\ph-css-6.1.1.jar;C:\Users\MELG20229793\.m2\repository\com\helger\ph-commons\9.0.2\ph-commons-9.0.2.jar;C:\Users\MELG20229793\.m2\repository\org\jsoup\jsoup\1.8.3\jsoup-1.8.3.jar;C:\Users\MELG20229793\.m2\repository\com\applitools\eyes-sdk-core-java3\3.158.9\eyes-sdk-core-java3-3.158.9.jar;C:\Users\MELG20229793\.m2\repository\com\applitools\eyes-connectivity-java3-jersey2x\3.158.9\eyes-connectivity-java3-jersey2x-3.158.9.jar;C:\Users\MELG20229793\.m2\repository\org\glassfish\jersey\connectors\jersey-apache-connector\2.29\jersey-apache-connector-2.29.jar;C:\Users\MELG20229793\.m2\repository\org\glassfish\jersey\core\jersey-common\2.29\jersey-common-2.29.jar;C:\Users\MELG20229793\.m2\repository\jakarta\annotation\jakarta.annotation-api\1.3.4\jakarta.annotation-api-1.3.4.jar;C:\Users\MELG20229793\.m2\repository\org\glassfish\hk2\osgi-resource-locator\1.0.3\osgi-resource-locator-1.0.3.jar;C:\Users\MELG20229793\.m2\repository\com\sun\activation\jakarta.activation\1.2.1\jakarta.activation-1.2.1.jar;C:\Users\MELG20229793\.m2\repository\jakarta\ws\rs\jakarta.ws.rs-api\2.1.5\jakarta.ws.rs-api-2.1.5.jar;C:\Users\MELG20229793\.m2\repository\org\glassfish\jersey\core\jersey-client\2.29\jersey-client-2.29.jar;C:\Users\MELG20229793\.m2\repository\org\glassfish\hk2\external\jakarta.inject\2.5.0\jakarta.inject-2.5.0.jar;C:\Users\MELG20229793\.m2\repository\org\glassfish\jersey\inject\jersey-hk2\2.29\jersey-hk2-2.29.jar;C:\Users\MELG20229793\.m2\repository\org\glassfish\hk2\hk2-locator\2.5.0\hk2-locator-2.5.0.jar;C:\Users\MELG20229793\.m2\repository\org\glassfish\hk2\external\aopalliance-repackaged\2.5.0\aopalliance-repackaged-2.5.0.jar;C:\Users\MELG20229793\.m2\repository\org\glassfish\hk2\hk2-api\2.5.0\hk2-api-2.5.0.jar;C:\Users\MELG20229793\.m2\repository\org\glassfish\hk2\hk2-utils\2.5.0\hk2-utils-2.5.0.jar;C:\Users\MELG20229793\.m2\repository\org\javassist\javassist\3.22.0-CR2\javassist-3.22.0-CR2.jar;C:\Users\MELG20229793\.m2\repository\com\epam\reportportal\agent-java-testng\5.0.7\agent-java-testng-5.0.7.jar;C:\Users\MELG20229793\.m2\repository\com\epam\reportportal\client-java\5.0.6\client-java-5.0.6.jar;C:\Users\MELG20229793\.m2\repository\org\aspectj\aspectjrt\1.9.2\aspectjrt-1.9.2.jar;C:\Users\MELG20229793\.m2\repository\io\reactivex\rxjava2\rxjava\2.2.10\rxjava-2.2.10.jar;C:\Users\MELG20229793\.m2\repository\org\apache\tika\tika-core\1.4\tika-core-1.4.jar;C:\Users\MELG20229793\.m2\repository\com\epam\reportportal\commons-model\5.0.0\commons-model-5.0.0.jar;C:\Users\MELG20229793\.m2\repository\io\swagger\swagger-annotations\1.5.24\swagger-annotations-1.5.24.jar;C:\Users\MELG20229793\.m2\repository\javax\validation\validation-api\2.0.1.Final\validation-api-2.0.1.Final.jar;C:\Users\MELG20229793\.m2\repository\com\fasterxml\jackson\core\jackson-databind\2.13.0\jackson-databind-2.13.0.jar;C:\Users\MELG20229793\.m2\repository\com\fasterxml\jackson\core\jackson-annotations\2.13.0\jackson-annotations-2.13.0.jar;C:\Users\MELG20229793\.m2\repository\com\fasterxml\jackson\core\jackson-core\2.13.0\jackson-core-2.13.0.jar;C:\Users\MELG20229793\.m2\repository\com\mysql\mysql-connector-j\8.0.33\mysql-connector-j-8.0.33.jar;C:\Users\MELG20229793\.m2\repository\com\google\protobuf\protobuf-java\3.21.9\protobuf-java-3.21.9.jar;C:\Users\MELG20229793\.m2\repository\ch\qos\logback\logback-classic\1.2.3\logback-classic-1.2.3.jar;C:\Users\MELG20229793\.m2\repository\ch\qos\logback\logback-core\1.2.3\logback-core-1.2.3.jar;C:\Users\MELG20229793\.m2\repository\com\epam\reportportal\logger-java-log4j\5.0.1\logger-java-log4j-5.0.1.jar;C:\Users\MELG20229793\.m2\repository\org\apache\logging\log4j\log4j-api\2.15.0\log4j-api-2.15.0.jar;C:\Users\MELG20229793\.m2\repository\org\apache\logging\log4j\log4j-core\2.15.0\log4j-core-2.15.0.jar;C:\Users\MELG20229793\.m2\repository\com\googlecode\json-simple\json-simple\1.1\json-simple-1.1.jar;C:\Users\MELG20229793\.m2\repository\com\github\json-template\jsontemplate\0.2.1\jsontemplate-0.2.1.jar;C:\Users\MELG20229793\.m2\repository\org\antlr\antlr4-runtime\4.7\antlr4-runtime-4.7.jar;C:\Users\MELG20229793\.m2\repository\com\codeborne\phantomjsdriver\1.5.0\phantomjsdriver-1.5.0.jar;C:\Users\MELG20229793\.m2\repository\org\apache\maven\surefire\surefire-testng\3.0.0-M1\surefire-testng-3.0.0-M1.jar;C:\Users\MELG20229793\.m2\repository\org\apache\maven\surefire\common-java5\3.0.0-M1\common-java5-3.0.0-M1.jar;C:\Users\MELG20229793\.m2\repository\org\apache\maven\surefire\surefire-testng-utils\3.0.0-M1\surefire-testng-utils-3.0.0-M1.jar;C:\Users\MELG20229793\.m2\repository\org\apache\maven\surefire\surefire-grouper\3.0.0-M1\surefire-grouper-3.0.0-M1.jar"/>
    <property name="java.vm.vendor" value="Oracle Corporation"/>
    <property name="sun.arch.data.model" value="64"/>
    <property name="user.variant" value=""/>
    <property name="java.vendor.url" value="https://java.oracle.com/"/>
    <property name="user.timezone" value="Asia/Taipei"/>
    <property name="os.name" value="Windows 11"/>
    <property name="java.vm.specification.version" value="17"/>
    <property name="sun.java.launcher" value="SUN_STANDARD"/>
    <property name="user.country" value="PH"/>
    <property name="sun.boot.library.path" value="C:\Program Files\Java\jdk-17\bin"/>
    <property name="sun.java.command" value="org.apache.maven.surefire.booter.ForkedBooter C:\Users\MELG20229793\AppData\Local\Temp\surefire7618105005980370959 2024-02-23T20-16-39_296-jvmRun1 surefire10923752188376078551tmp surefire_015753880542430280024tmp"/>
    <property name="jdk.debug" value="release"/>
    <property name="surefire.test.class.path" value="D:\Projects\mlshop-web-automation\target\test-classes;D:\Projects\mlshop-web-automation\target\classes;C:\Users\MELG20229793\.m2\repository\io\appium\java-client\7.2.0\java-client-7.2.0.jar;C:\Users\MELG20229793\.m2\repository\org\seleniumhq\selenium\selenium-support\3.141.59\selenium-support-3.141.59.jar;C:\Users\MELG20229793\.m2\repository\org\seleniumhq\selenium\selenium-api\3.141.59\selenium-api-3.141.59.jar;C:\Users\MELG20229793\.m2\repository\com\google\code\gson\gson\2.8.5\gson-2.8.5.jar;C:\Users\MELG20229793\.m2\repository\org\apache\httpcomponents\httpclient\4.5.9\httpclient-4.5.9.jar;C:\Users\MELG20229793\.m2\repository\cglib\cglib\3.2.12\cglib-3.2.12.jar;C:\Users\MELG20229793\.m2\repository\org\ow2\asm\asm\7.1\asm-7.1.jar;C:\Users\MELG20229793\.m2\repository\commons-io\commons-io\2.6\commons-io-2.6.jar;C:\Users\MELG20229793\.m2\repository\org\springframework\spring-context\5.1.8.RELEASE\spring-context-5.1.8.RELEASE.jar;C:\Users\MELG20229793\.m2\repository\org\springframework\spring-aop\5.1.8.RELEASE\spring-aop-5.1.8.RELEASE.jar;C:\Users\MELG20229793\.m2\repository\org\springframework\spring-beans\5.1.8.RELEASE\spring-beans-5.1.8.RELEASE.jar;C:\Users\MELG20229793\.m2\repository\org\springframework\spring-core\5.1.8.RELEASE\spring-core-5.1.8.RELEASE.jar;C:\Users\MELG20229793\.m2\repository\org\springframework\spring-jcl\5.1.8.RELEASE\spring-jcl-5.1.8.RELEASE.jar;C:\Users\MELG20229793\.m2\repository\org\springframework\spring-expression\5.1.8.RELEASE\spring-expression-5.1.8.RELEASE.jar;C:\Users\MELG20229793\.m2\repository\org\aspectj\aspectjweaver\1.9.4\aspectjweaver-1.9.4.jar;C:\Users\MELG20229793\.m2\repository\org\slf4j\slf4j-api\1.7.26\slf4j-api-1.7.26.jar;C:\Users\MELG20229793\.m2\repository\org\seleniumhq\selenium\selenium-java\3.141.59\selenium-java-3.141.59.jar;C:\Users\MELG20229793\.m2\repository\org\seleniumhq\selenium\selenium-chrome-driver\3.141.59\selenium-chrome-driver-3.141.59.jar;C:\Users\MELG20229793\.m2\repository\org\seleniumhq\selenium\selenium-edge-driver\3.141.59\selenium-edge-driver-3.141.59.jar;C:\Users\MELG20229793\.m2\repository\org\seleniumhq\selenium\selenium-firefox-driver\3.141.59\selenium-firefox-driver-3.141.59.jar;C:\Users\MELG20229793\.m2\repository\org\seleniumhq\selenium\selenium-ie-driver\3.141.59\selenium-ie-driver-3.141.59.jar;C:\Users\MELG20229793\.m2\repository\org\seleniumhq\selenium\selenium-opera-driver\3.141.59\selenium-opera-driver-3.141.59.jar;C:\Users\MELG20229793\.m2\repository\org\seleniumhq\selenium\selenium-remote-driver\3.141.59\selenium-remote-driver-3.141.59.jar;C:\Users\MELG20229793\.m2\repository\org\seleniumhq\selenium\selenium-safari-driver\3.141.59\selenium-safari-driver-3.141.59.jar;C:\Users\MELG20229793\.m2\repository\net\bytebuddy\byte-buddy\1.8.15\byte-buddy-1.8.15.jar;C:\Users\MELG20229793\.m2\repository\org\apache\commons\commons-exec\1.3\commons-exec-1.3.jar;C:\Users\MELG20229793\.m2\repository\com\squareup\okhttp3\okhttp\3.11.0\okhttp-3.11.0.jar;C:\Users\MELG20229793\.m2\repository\com\squareup\okio\okio\1.14.0\okio-1.14.0.jar;C:\Users\MELG20229793\.m2\repository\io\github\bonigarcia\webdrivermanager\5.6.3\webdrivermanager-5.6.3.jar;C:\Users\MELG20229793\.m2\repository\com\github\docker-java\docker-java\3.3.4\docker-java-3.3.4.jar;C:\Users\MELG20229793\.m2\repository\com\github\docker-java\docker-java-core\3.3.4\docker-java-core-3.3.4.jar;C:\Users\MELG20229793\.m2\repository\com\github\docker-java\docker-java-api\3.3.4\docker-java-api-3.3.4.jar;C:\Users\MELG20229793\.m2\repository\org\bouncycastle\bcpkix-jdk18on\1.76\bcpkix-jdk18on-1.76.jar;C:\Users\MELG20229793\.m2\repository\org\bouncycastle\bcprov-jdk18on\1.76\bcprov-jdk18on-1.76.jar;C:\Users\MELG20229793\.m2\repository\org\bouncycastle\bcutil-jdk18on\1.76\bcutil-jdk18on-1.76.jar;C:\Users\MELG20229793\.m2\repository\org\slf4j\jcl-over-slf4j\1.7.30\jcl-over-slf4j-1.7.30.jar;C:\Users\MELG20229793\.m2\repository\com\github\docker-java\docker-java-transport-httpclient5\3.3.4\docker-java-transport-httpclient5-3.3.4.jar;C:\Users\MELG20229793\.m2\repository\com\github\docker-java\docker-java-transport\3.3.4\docker-java-transport-3.3.4.jar;C:\Users\MELG20229793\.m2\repository\net\java\dev\jna\jna\5.13.0\jna-5.13.0.jar;C:\Users\MELG20229793\.m2\repository\org\brotli\dec\0.1.2\dec-0.1.2.jar;C:\Users\MELG20229793\.m2\repository\org\apache\commons\commons-compress\1.25.0\commons-compress-1.25.0.jar;C:\Users\MELG20229793\.m2\repository\org\apache\httpcomponents\client5\httpclient5\5.2.1\httpclient5-5.2.1.jar;C:\Users\MELG20229793\.m2\repository\org\apache\httpcomponents\core5\httpcore5\5.2\httpcore5-5.2.jar;C:\Users\MELG20229793\.m2\repository\org\apache\httpcomponents\core5\httpcore5-h2\5.2\httpcore5-h2-5.2.jar;C:\Users\MELG20229793\.m2\repository\com\influxdb\influxdb-client-java\6.8.0\influxdb-client-java-6.8.0.jar;C:\Users\MELG20229793\.m2\repository\com\influxdb\influxdb-client-core\6.8.0\influxdb-client-core-6.8.0.jar;C:\Users\MELG20229793\.m2\repository\com\influxdb\influxdb-client-utils\6.8.0\influxdb-client-utils-6.8.0.jar;C:\Users\MELG20229793\.m2\repository\com\squareup\retrofit2\retrofit\2.9.0\retrofit-2.9.0.jar;C:\Users\MELG20229793\.m2\repository\com\squareup\okhttp3\logging-interceptor\4.10.0\logging-interceptor-4.10.0.jar;C:\Users\MELG20229793\.m2\repository\org\apache\commons\commons-csv\1.9.0\commons-csv-1.9.0.jar;C:\Users\MELG20229793\.m2\repository\io\reactivex\rxjava3\rxjava\3.1.5\rxjava-3.1.5.jar;C:\Users\MELG20229793\.m2\repository\org\reactivestreams\reactive-streams\1.0.4\reactive-streams-1.0.4.jar;C:\Users\MELG20229793\.m2\repository\com\squareup\retrofit2\adapter-rxjava3\2.9.0\adapter-rxjava3-2.9.0.jar;C:\Users\MELG20229793\.m2\repository\com\squareup\retrofit2\converter-scalars\2.9.0\converter-scalars-2.9.0.jar;C:\Users\MELG20229793\.m2\repository\com\squareup\retrofit2\converter-gson\2.9.0\converter-gson-2.9.0.jar;C:\Users\MELG20229793\.m2\repository\com\google\code\findbugs\jsr305\3.0.2\jsr305-3.0.2.jar;C:\Users\MELG20229793\.m2\repository\org\jetbrains\kotlin\kotlin-stdlib\1.5.30\kotlin-stdlib-1.5.30.jar;C:\Users\MELG20229793\.m2\repository\org\jetbrains\annotations\13.0\annotations-13.0.jar;C:\Users\MELG20229793\.m2\repository\org\jetbrains\kotlin\kotlin-stdlib-common\1.5.30\kotlin-stdlib-common-1.5.30.jar;C:\Users\MELG20229793\.m2\repository\org\testng\testng\7.1.0\testng-7.1.0.jar;C:\Users\MELG20229793\.m2\repository\com\beust\jcommander\1.72\jcommander-1.72.jar;C:\Users\MELG20229793\.m2\repository\com\google\inject\guice\4.1.0\guice-4.1.0-no_aop.jar;C:\Users\MELG20229793\.m2\repository\javax\inject\javax.inject\1\javax.inject-1.jar;C:\Users\MELG20229793\.m2\repository\aopalliance\aopalliance\1.0\aopalliance-1.0.jar;C:\Users\MELG20229793\.m2\repository\org\yaml\snakeyaml\1.21\snakeyaml-1.21.jar;C:\Users\MELG20229793\.m2\repository\org\apache\poi\poi\4.1.1\poi-4.1.1.jar;C:\Users\MELG20229793\.m2\repository\commons-codec\commons-codec\1.13\commons-codec-1.13.jar;C:\Users\MELG20229793\.m2\repository\org\apache\commons\commons-collections4\4.4\commons-collections4-4.4.jar;C:\Users\MELG20229793\.m2\repository\org\apache\commons\commons-math3\3.6.1\commons-math3-3.6.1.jar;C:\Users\MELG20229793\.m2\repository\org\apache\poi\poi-ooxml\4.1.1\poi-ooxml-4.1.1.jar;C:\Users\MELG20229793\.m2\repository\org\apache\poi\poi-ooxml-schemas\4.1.1\poi-ooxml-schemas-4.1.1.jar;C:\Users\MELG20229793\.m2\repository\com\github\virtuald\curvesapi\1.06\curvesapi-1.06.jar;C:\Users\MELG20229793\.m2\repository\org\apache\xmlbeans\xmlbeans\3.1.0\xmlbeans-3.1.0.jar;C:\Users\MELG20229793\.m2\repository\log4j\log4j\1.2.17\log4j-1.2.17.jar;C:\Users\MELG20229793\.m2\repository\org\slf4j\slf4j-jdk14\1.7.25\slf4j-jdk14-1.7.25.jar;C:\Users\MELG20229793\.m2\repository\com\google\guava\guava\23.0\guava-23.0.jar;C:\Users\MELG20229793\.m2\repository\com\google\errorprone\error_prone_annotations\2.0.18\error_prone_annotations-2.0.18.jar;C:\Users\MELG20229793\.m2\repository\com\google\j2objc\j2objc-annotations\1.1\j2objc-annotations-1.1.jar;C:\Users\MELG20229793\.m2\repository\org\codehaus\mojo\animal-sniffer-annotations\1.14\animal-sniffer-annotations-1.14.jar;C:\Users\MELG20229793\.m2\repository\com\aventstack\extentreports\4.0.9\extentreports-4.0.9.jar;C:\Users\MELG20229793\.m2\repository\org\freemarker\freemarker\2.3.23\freemarker-2.3.23.jar;C:\Users\MELG20229793\.m2\repository\org\mongodb\mongodb-driver\3.3.0\mongodb-driver-3.3.0.jar;C:\Users\MELG20229793\.m2\repository\org\mongodb\mongodb-driver-core\3.3.0\mongodb-driver-core-3.3.0.jar;C:\Users\MELG20229793\.m2\repository\org\mongodb\bson\3.3.0\bson-3.3.0.jar;C:\Users\MELG20229793\.m2\repository\org\apache\httpcomponents\httpmime\4.5.2\httpmime-4.5.2.jar;C:\Users\MELG20229793\.m2\repository\io\rest-assured\rest-assured\4.3.0\rest-assured-4.3.0.jar;C:\Users\MELG20229793\.m2\repository\org\codehaus\groovy\groovy\3.0.2\groovy-3.0.2.jar;C:\Users\MELG20229793\.m2\repository\org\codehaus\groovy\groovy-xml\3.0.2\groovy-xml-3.0.2.jar;C:\Users\MELG20229793\.m2\repository\org\hamcrest\hamcrest\2.1\hamcrest-2.1.jar;C:\Users\MELG20229793\.m2\repository\org\ccil\cowan\tagsoup\tagsoup\1.2.1\tagsoup-1.2.1.jar;C:\Users\MELG20229793\.m2\repository\io\rest-assured\json-path\4.3.0\json-path-4.3.0.jar;C:\Users\MELG20229793\.m2\repository\org\codehaus\groovy\groovy-json\3.0.2\groovy-json-3.0.2.jar;C:\Users\MELG20229793\.m2\repository\io\rest-assured\rest-assured-common\4.3.0\rest-assured-common-4.3.0.jar;C:\Users\MELG20229793\.m2\repository\io\rest-assured\xml-path\4.3.0\xml-path-4.3.0.jar;C:\Users\MELG20229793\.m2\repository\jakarta\xml\bind\jakarta.xml.bind-api\2.3.2\jakarta.xml.bind-api-2.3.2.jar;C:\Users\MELG20229793\.m2\repository\jakarta\activation\jakarta.activation-api\1.2.1\jakarta.activation-api-1.2.1.jar;C:\Users\MELG20229793\.m2\repository\com\sun\xml\bind\jaxb-osgi\2.3.0.1\jaxb-osgi-2.3.0.1.jar;C:\Users\MELG20229793\.m2\repository\org\apache\sling\org.apache.sling.javax.activation\0.1.0\org.apache.sling.javax.activation-0.1.0.jar;C:\Users\MELG20229793\.m2\repository\org\apache\commons\commons-lang3\3.8.1\commons-lang3-3.8.1.jar;C:\Users\MELG20229793\.m2\repository\org\codehaus\groovy\groovy-all\2.3.5\groovy-all-2.3.5.jar;C:\Users\MELG20229793\.m2\repository\org\json\json\20180813\json-20180813.jar;C:\Users\MELG20229793\.m2\repository\com\opencsv\opencsv\3.3\opencsv-3.3.jar;C:\Users\MELG20229793\.m2\repository\net\sourceforge\javacsv\javacsv\2.0\javacsv-2.0.jar;C:\Users\MELG20229793\.m2\repository\javax\mail\javax.mail-api\1.5.5\javax.mail-api-1.5.5.jar;C:\Users\MELG20229793\.m2\repository\org\apache\httpcomponents\httpcore\4.4.11\httpcore-4.4.11.jar;C:\Users\MELG20229793\.m2\repository\org\apache\axis\axis\1.4\axis-1.4.jar;C:\Users\MELG20229793\.m2\repository\com\sun\mail\javax.mail\1.6.0\javax.mail-1.6.0.jar;C:\Users\MELG20229793\.m2\repository\javax\activation\activation\1.1\activation-1.1.jar;C:\Users\MELG20229793\.m2\repository\commons-validator\commons-validator\1.6\commons-validator-1.6.jar;C:\Users\MELG20229793\.m2\repository\commons-beanutils\commons-beanutils\1.9.2\commons-beanutils-1.9.2.jar;C:\Users\MELG20229793\.m2\repository\commons-digester\commons-digester\1.8.1\commons-digester-1.8.1.jar;C:\Users\MELG20229793\.m2\repository\commons-logging\commons-logging\1.2\commons-logging-1.2.jar;C:\Users\MELG20229793\.m2\repository\commons-collections\commons-collections\3.2.2\commons-collections-3.2.2.jar;C:\Users\MELG20229793\.m2\repository\javax\xml\bind\jaxb-api\2.3.1\jaxb-api-2.3.1.jar;C:\Users\MELG20229793\.m2\repository\javax\activation\javax.activation-api\1.2.0\javax.activation-api-1.2.0.jar;C:\Users\MELG20229793\.m2\repository\com\applitools\eyes-images-java3\3.158.9\eyes-images-java3-3.158.9.jar;C:\Users\MELG20229793\.m2\repository\com\applitools\eyes-common-java3\3.158.9\eyes-common-java3-3.158.9.jar;C:\Users\MELG20229793\.m2\repository\org\imgscalr\imgscalr-lib\4.2\imgscalr-lib-4.2.jar;C:\Users\MELG20229793\.m2\repository\com\helger\ph-css\6.1.1\ph-css-6.1.1.jar;C:\Users\MELG20229793\.m2\repository\com\helger\ph-commons\9.0.2\ph-commons-9.0.2.jar;C:\Users\MELG20229793\.m2\repository\org\jsoup\jsoup\1.8.3\jsoup-1.8.3.jar;C:\Users\MELG20229793\.m2\repository\com\applitools\eyes-sdk-core-java3\3.158.9\eyes-sdk-core-java3-3.158.9.jar;C:\Users\MELG20229793\.m2\repository\com\applitools\eyes-connectivity-java3-jersey2x\3.158.9\eyes-connectivity-java3-jersey2x-3.158.9.jar;C:\Users\MELG20229793\.m2\repository\org\glassfish\jersey\connectors\jersey-apache-connector\2.29\jersey-apache-connector-2.29.jar;C:\Users\MELG20229793\.m2\repository\org\glassfish\jersey\core\jersey-common\2.29\jersey-common-2.29.jar;C:\Users\MELG20229793\.m2\repository\jakarta\annotation\jakarta.annotation-api\1.3.4\jakarta.annotation-api-1.3.4.jar;C:\Users\MELG20229793\.m2\repository\org\glassfish\hk2\osgi-resource-locator\1.0.3\osgi-resource-locator-1.0.3.jar;C:\Users\MELG20229793\.m2\repository\com\sun\activation\jakarta.activation\1.2.1\jakarta.activation-1.2.1.jar;C:\Users\MELG20229793\.m2\repository\jakarta\ws\rs\jakarta.ws.rs-api\2.1.5\jakarta.ws.rs-api-2.1.5.jar;C:\Users\MELG20229793\.m2\repository\org\glassfish\jersey\core\jersey-client\2.29\jersey-client-2.29.jar;C:\Users\MELG20229793\.m2\repository\org\glassfish\hk2\external\jakarta.inject\2.5.0\jakarta.inject-2.5.0.jar;C:\Users\MELG20229793\.m2\repository\org\glassfish\jersey\inject\jersey-hk2\2.29\jersey-hk2-2.29.jar;C:\Users\MELG20229793\.m2\repository\org\glassfish\hk2\hk2-locator\2.5.0\hk2-locator-2.5.0.jar;C:\Users\MELG20229793\.m2\repository\org\glassfish\hk2\external\aopalliance-repackaged\2.5.0\aopalliance-repackaged-2.5.0.jar;C:\Users\MELG20229793\.m2\repository\org\glassfish\hk2\hk2-api\2.5.0\hk2-api-2.5.0.jar;C:\Users\MELG20229793\.m2\repository\org\glassfish\hk2\hk2-utils\2.5.0\hk2-utils-2.5.0.jar;C:\Users\MELG20229793\.m2\repository\org\javassist\javassist\3.22.0-CR2\javassist-3.22.0-CR2.jar;C:\Users\MELG20229793\.m2\repository\com\epam\reportportal\agent-java-testng\5.0.7\agent-java-testng-5.0.7.jar;C:\Users\MELG20229793\.m2\repository\com\epam\reportportal\client-java\5.0.6\client-java-5.0.6.jar;C:\Users\MELG20229793\.m2\repository\org\aspectj\aspectjrt\1.9.2\aspectjrt-1.9.2.jar;C:\Users\MELG20229793\.m2\repository\io\reactivex\rxjava2\rxjava\2.2.10\rxjava-2.2.10.jar;C:\Users\MELG20229793\.m2\repository\org\apache\tika\tika-core\1.4\tika-core-1.4.jar;C:\Users\MELG20229793\.m2\repository\com\epam\reportportal\commons-model\5.0.0\commons-model-5.0.0.jar;C:\Users\MELG20229793\.m2\repository\io\swagger\swagger-annotations\1.5.24\swagger-annotations-1.5.24.jar;C:\Users\MELG20229793\.m2\repository\javax\validation\validation-api\2.0.1.Final\validation-api-2.0.1.Final.jar;C:\Users\MELG20229793\.m2\repository\com\fasterxml\jackson\core\jackson-databind\2.13.0\jackson-databind-2.13.0.jar;C:\Users\MELG20229793\.m2\repository\com\fasterxml\jackson\core\jackson-annotations\2.13.0\jackson-annotations-2.13.0.jar;C:\Users\MELG20229793\.m2\repository\com\fasterxml\jackson\core\jackson-core\2.13.0\jackson-core-2.13.0.jar;C:\Users\MELG20229793\.m2\repository\com\mysql\mysql-connector-j\8.0.33\mysql-connector-j-8.0.33.jar;C:\Users\MELG20229793\.m2\repository\com\google\protobuf\protobuf-java\3.21.9\protobuf-java-3.21.9.jar;C:\Users\MELG20229793\.m2\repository\ch\qos\logback\logback-classic\1.2.3\logback-classic-1.2.3.jar;C:\Users\MELG20229793\.m2\repository\ch\qos\logback\logback-core\1.2.3\logback-core-1.2.3.jar;C:\Users\MELG20229793\.m2\repository\com\epam\reportportal\logger-java-log4j\5.0.1\logger-java-log4j-5.0.1.jar;C:\Users\MELG20229793\.m2\repository\org\apache\logging\log4j\log4j-api\2.15.0\log4j-api-2.15.0.jar;C:\Users\MELG20229793\.m2\repository\org\apache\logging\log4j\log4j-core\2.15.0\log4j-core-2.15.0.jar;C:\Users\MELG20229793\.m2\repository\com\googlecode\json-simple\json-simple\1.1\json-simple-1.1.jar;C:\Users\MELG20229793\.m2\repository\com\github\json-template\jsontemplate\0.2.1\jsontemplate-0.2.1.jar;C:\Users\MELG20229793\.m2\repository\org\antlr\antlr4-runtime\4.7\antlr4-runtime-4.7.jar;C:\Users\MELG20229793\.m2\repository\com\codeborne\phantomjsdriver\1.5.0\phantomjsdriver-1.5.0.jar;"/>
    <property name="sun.cpu.endian" value="little"/>
    <property name="user.home" value="C:\Users\MELG20229793"/>
    <property name="user.language" value="en"/>
    <property name="java.specification.vendor" value="Oracle Corporation"/>
    <property name="java.version.date" value="2023-04-18"/>
    <property name="java.home" value="C:\Program Files\Java\jdk-17"/>
    <property name="file.separator" value="\"/>
    <property name="basedir" value="D:\Projects\mlshop-web-automation"/>
    <property name="java.vm.compressedOopsMode" value="Zero based"/>
    <property name="line.separator" value="&#10;"/>
    <property name="java.vm.specification.vendor" value="Oracle Corporation"/>
    <property name="java.specification.name" value="Java Platform API Specification"/>
    <property name="user.script" value=""/>
    <property name="sun.management.compiler" value="HotSpot 64-Bit Tiered Compilers"/>
    <property name="java.runtime.version" value="17.0.7+8-LTS-224"/>
    <property name="user.name" value="MELG20229793"/>
    <property name="path.separator" value=";"/>
    <property name="os.version" value="10.0"/>
    <property name="java.runtime.name" value="Java(TM) SE Runtime Environment"/>
    <property name="file.encoding" value="Cp1252"/>
    <property name="browser" value=""/>
    <property name="java.vm.name" value="Java HotSpot(TM) 64-Bit Server VM"/>
    <property name="localRepository" value="C:\Users\MELG20229793\.m2\repository"/>
    <property name="java.vendor.url.bug" value="https://bugreport.java.com/bugreport/"/>
    <property name="java.io.tmpdir" value="C:\Users\MELG20~1\AppData\Local\Temp\"/>
    <property name="java.version" value="17.0.7"/>
    <property name="user.dir" value="D:\Projects\mlshop-web-automation"/>
    <property name="os.arch" value="amd64"/>
    <property name="java.vm.specification.name" value="Java Virtual Machine Specification"/>
    <property name="env" value="sit"/>
    <property name="sun.os.patch.level" value=""/>
    <property name="native.encoding" value="Cp1252"/>
    <property name="java.library.path" value="C:\Program Files\Java\jdk-17\bin;C:\WINDOWS\Sun\Java\bin;C:\WINDOWS\system32;C:\WINDOWS;C:\Program Files\Common Files\Oracle\Java\javapath;C:\WINDOWS\system32;C:\WINDOWS;C:\WINDOWS\System32\Wbem;C:\WINDOWS\System32\WindowsPowerShell\v1.0\;C:\apache-maven-3.8.5\bin;C:\WINDOWS\System32\OpenSSH\;C:\apache-jmeter-5.4.1\bin;C:\Program Files\Java\jdk-17\bin;C:\Program Files (x86)\Microsoft SQL Server\130\DTS\Binn\;C:\Program Files\Microsoft SQL Server\130\DTS\Binn\;C:\Program Files\Microsoft SQL Server\Client SDK\ODBC\130\Tools\Binn\;C:\Program Files (x86)\Microsoft SQL Server\130\Tools\Binn\;C:\Program Files\Microsoft SQL Server\130\Tools\Binn\;C:\Program Files (x86)\Microsoft SQL Server\Client SDK\ODBC\130\Tools\Binn\;C:\Program Files (x86)\Microsoft SQL Server\130\Tools\Binn\ManagementStudio\;C:\Program Files\Microsoft SQL Server\150\Tools\Binn\;C:\Program Files\Microsoft SQL Server\Client SDK\ODBC\170\Tools\Binn\;C:\Users\MELG20229793\AppData\Local\Android\Sdk\platform-tools;C:\Program Files\nodejs\;C:\WINDOWS\system32;C:\WINDOWS;C:\WINDOWS\System32\Wbem;C:\WINDOWS\System32\WindowsPowerShell\v1.0\;C:\WINDOWS\System32\OpenSSH\;C:\Users\MELG20229793\AppData\Local\Android\Sdk\tools;C:\Users\MELG20229793\AppData\Local\Android\Sdk\tools\bin;C:\Users\MELG20229793\AppData\Local\Android\Sdk\platforms;C:\Users\MELG20229793\AppData\Local\Android\Sdk\platform-tools;C:\Program Files\Git\bin;C:\Program Files\Git\git-cmd;C:\Program Files\PuTTY\;C:\Users\MELG20229793\AppData\Roaming\npm;;C:\Program Files\Crucial\Crucial Storage Executive;C:\Users\MELG20229793\AppData\Local\Programs\Python\Python311\Scripts\;C:\Users\MELG20229793\AppData\Local\Programs\Python\Python311\;C:\Users\MELG20229793\AppData\Local\Microsoft\WindowsApps;C:\Users\MELG20229793\AppData\Local\Programs\Microsoft VS Code\bin;D:\IntelliJ IDEA Educational Edition 2022.2.2\bin;;C:\Users\MELG20229793\AppData\Roaming\npm;C:\Users\MELG20229793\AppData\Local\GitHubDesktop\bin;C:\Program Files (x86)\BrowserStackLocal\;."/>
    <property name="java.vm.info" value="mixed mode, sharing"/>
    <property name="java.vendor" value="Oracle Corporation"/>
    <property name="java.vm.version" value="17.0.7+8-LTS-224"/>
    <property name="sun.io.unicode.encoding" value="UnicodeLittle"/>
    <property name="java.class.version" value="61.0"/>
  </properties>
  <testcase name="MLS_TC_01_ValidateUserIcon_Redirection" classname="com.mlshop.test.Login" time="4.579"/>
  <testcase name="MLS_TC_90_Validate_shopping_cart_navigation" classname="com.mlshop.test.ShoppingCart" time="0.892"/>
  <testcase name="MLS_TC_98_Validate_shippingDetails_pageNavigation" classname="com.mlshop.test.ShippingDetails" time="7.423"/>
  <testcase name="MS_TC_25_ValidateUserName_DropDown" classname="com.mlshop.test.Home" time="8.069"/>
  <testcase name="MLS_TC_02_ValidateErrorPrompt_MobileNumber_Field" classname="com.mlshop.test.Login" time="8.022"/>
  <testcase name="MLS_TC_26_ValidateProfile_Navigation" classname="com.mlshop.test.Home" time="12.705"/>
  <testcase name="MLS_TC_91_Validate_shopping_cart_items" classname="com.mlshop.test.ShoppingCart" time="5.016"/>
  <testcase name="MLS_TC_27_ValidatePurchaseHistory_Navigation" classname="com.mlshop.test.Home" time="2.985">
    <failure message="expected [https://mlshoppreprod.mlhuillier.com/purchasehistory] but found [https://mlshoppreprod.mlhuillier.com/]" type="java.lang.AssertionError">java.lang.AssertionError: expected [https://mlshoppreprod.mlhuillier.com/purchasehistory] but found [https://mlshoppreprod.mlhuillier.com/]
	at com.mlshop.test.Home.MLS_TC_27_ValidatePurchaseHistory_Navigation(Home.java:17)
</failure>
    <system-out><![CDATA[2024-02-23 20:17:52,289 [TestNG-tests-2] INFO  binary_data_logger - Device Name: n/a
2024-02-23 20:17:52,300 [TestNG-tests-2] INFO  binary_data_logger - :::::::::Test MLS_TC_27_ValidatePurchaseHistory_Navigation Started::::::::
2024-02-23 20:17:52,304 [TestNG-tests-2] INFO  binary_data_logger - 09999999912
2024-02-23 20:17:54,559 [TestNG-tests-2] INFO  binary_data_logger - Clicked on User icon
2024-02-23 20:17:56,572 [TestNG-tests-2] INFO  binary_data_logger - https://mlshoppreprod.mlhuillier.com/authlogin and https://mlshoppreprod.mlhuillier.com/authlogin are matched
2024-02-23 20:17:58,515 [TestNG-tests-1] INFO  binary_data_logger - PlatForm :: Web
2024-02-23 20:17:58,517 [TestNG-tests-1] INFO  binary_data_logger - Running Test :: MLSHOP
2024-02-23 20:17:58,518 [TestNG-tests-1] INFO  binary_data_logger - Run Mode :: YES
2024-02-23 20:17:58,778 [TestNG-tests-2] INFO  binary_data_logger - Typed the value 09999999912 into Mobile Number
2024-02-23 20:17:58,839 [TestNG-tests-2] INFO  binary_data_logger - Clicked on Login Button
2024-02-23 20:18:01,261 [TestNG-tests-1] INFO  binary_data_logger - Browser Name: chrome
2024-02-23 20:18:01,534 [TestNG-tests-2] INFO  binary_data_logger - Please enter the One Time Pin (OTP) is displayed
2024-02-23 20:18:01,558 [TestNG-tests-2] INFO  binary_data_logger - Typed the value 1 into OTP field
2024-02-23 20:18:01,618 [TestNG-tests-2] INFO  binary_data_logger - Typed the value 1 into OTP field
2024-02-23 20:18:01,643 [TestNG-tests-2] INFO  binary_data_logger - Typed the value 1 into OTP field
2024-02-23 20:18:01,687 [TestNG-tests-2] INFO  binary_data_logger - Typed the value 1 into OTP field
2024-02-23 20:18:01,707 [TestNG-tests-2] INFO  binary_data_logger - Typed the value 1 into OTP field
2024-02-23 20:18:01,783 [TestNG-tests-2] INFO  binary_data_logger - Typed the value 1 into OTP field
2024-02-23 20:18:01,805 [TestNG-tests-1] INFO  binary_data_logger - Device Name: n/a
2024-02-23 20:18:01,823 [TestNG-tests-1] INFO  binary_data_logger - :::::::::Test MLS_TC_99_Validate_shippingDetails_itemsVisiblity_jewlery Started::::::::
2024-02-23 20:18:03,860 [TestNG-tests-2] INFO  binary_data_logger - Successfully Login is displayed
2024-02-23 20:18:03,860 [TestNG-tests-1] INFO  binary_data_logger - Jewelry tab is displayed
2024-02-23 20:18:03,893 [TestNG-tests-2] INFO  binary_data_logger - Okay Button is displayed
2024-02-23 20:18:04,018 [TestNG-tests-1] INFO  binary_data_logger - Clicked on Jewelry tab
2024-02-23 20:18:04,114 [TestNG-tests-1] INFO  binary_data_logger - Ladies Teardrop Earrings is displayed
2024-02-23 20:18:04,208 [TestNG-tests-2] INFO  binary_data_logger - Clicked on Okay Button
2024-02-23 20:18:04,220 [TestNG-tests-1] INFO  binary_data_logger - Clicked on Ladies Teardrop Earrings
2024-02-23 20:18:04,441 [TestNG-tests-2] INFO  binary_data_logger - User Name is displayed
2024-02-23 20:18:04,532 [TestNG-tests-2] INFO  binary_data_logger - Clicked on User Name
2024-02-23 20:18:04,587 [TestNG-tests-2] INFO  binary_data_logger - Current user: Hi, PAVITHRAREDDY!
2024-02-23 20:18:04,656 [TestNG-tests-2] INFO  binary_data_logger - Pruchase History is displayed
2024-02-23 20:18:04,779 [TestNG-tests-2] INFO  binary_data_logger - Clicked on Pruchase History
2024-02-23 20:18:04,799 [TestNG-tests-2] INFO  binary_data_logger - ::::::::::Relaunching The App::::::::::
]]></system-out>
    <system-err><![CDATA[Feb 23, 2024 8:17:58 PM io.github.bonigarcia.wdm.WebDriverManager resolveDriverVersion
INFO: Using chromedriver 122.0.6261.69 (resolved driver for Chrome 122)
Feb 23, 2024 8:17:58 PM io.github.bonigarcia.wdm.WebDriverManager exportDriver
INFO: Exporting webdriver.chrome.driver as C:\Users\MELG20229793\.cache\selenium\chromedriver\win64\122.0.6261.69\chromedriver.exe
Feb 23, 2024 8:17:58 PM io.github.bonigarcia.wdm.versions.VersionDetector getDriverVersionFromRepository
WARNING: Exception reading CfT URL ('null') to get version of chromedriver (For input string: "114.0.5735.90")
Feb 23, 2024 8:17:58 PM io.github.bonigarcia.wdm.online.HttpClient execute
SEVERE: Error HTTP 404 executing https://googlechromelabs.github.io/chrome-for-testing/LATEST_RELEASE_114.0.5735.90
Feb 23, 2024 8:17:58 PM io.github.bonigarcia.wdm.versions.VersionDetector getDriverVersionFromRepository
WARNING: Exception reading https://googlechromelabs.github.io/chrome-for-testing/LATEST_RELEASE_114.0.5735.90 to get latest version of chromedriver (Error HTTP 404 executing https://googlechromelabs.github.io/chrome-for-testing/LATEST_RELEASE_114.0.5735.90)
Feb 23, 2024 8:17:58 PM io.github.bonigarcia.wdm.WebDriverManager exportDriver
INFO: Exporting webdriver.chrome.driver as C:\Users\MELG20229793\.cache\selenium\chromedriver\win64\122.0.6261.69\chromedriver.exe
Starting ChromeDriver 122.0.6261.69 (81bc525b6a36d91ed7fe98a4b53c6f53c79adbb2-refs/branch-heads/6261_57@{#3}) on port 38354
Only local connections are allowed.
Please see https://chromedriver.chromium.org/security-considerations for suggestions on keeping ChromeDriver safe.
ChromeDriver was started successfully.
Feb 23, 2024 8:18:01 PM org.openqa.selenium.remote.ProtocolHandshake createSession
INFO: Detected dialect: W3C
]]></system-err>
  </testcase>
  <testcase name="MLS_TC_99_Validate_shippingDetails_itemsVisiblity_jewlery" classname="com.mlshop.test.ShippingDetails" time="7.29"/>
  <testcase name="MLS_TC_28_ValidateLogout" classname="com.mlshop.test.Home" time="7.722"/>
  <testcase name="MLS_TC_05_ValidateErorrPrompt_" classname="com.mlshop.test.Login" time="14.486"/>
  <testcase name="MLS_TC_29_ValidateFilter_AllTypes" classname="com.mlshop.test.Home" time="2.105"/>
  <testcase name="MLS_TC_100_Validate_shippingDetails_itemsVisiblity_watch" classname="com.mlshop.test.ShippingDetails" time="2.73">
    <failure message="Element not present" type="java.lang.AssertionError">java.lang.AssertionError: Element not present
	at com.mlshop.test.ShippingDetails.MLS_TC_100_Validate_shippingDetails_itemsVisiblity_watch(ShippingDetails.java:16)
Caused by: org.openqa.selenium.StaleElementReferenceException: 
stale element reference: stale element not found
  (Session info: chrome=122.0.6261.69)
For documentation on this error, please visit: https://www.seleniumhq.org/exceptions/stale_element_reference.html
Build info: version: '3.141.59', revision: 'e82be7d358', time: '2018-11-14T08:17:03'
System info: host: 'HOTGQA008', ip: '10.0.8.67', os.name: 'Windows 11', os.arch: 'amd64', os.version: '10.0', java.version: '17.0.7'
Driver info: org.openqa.selenium.chrome.ChromeDriver
Capabilities {acceptInsecureCerts: false, browserName: chrome, browserVersion: 122.0.6261.69, chrome: {chromedriverVersion: 122.0.6261.69 (81bc525b6a36..., userDataDir: C:\Users\MELG20~1\AppData\L...}, fedcm:accounts: true, goog:chromeOptions: {debuggerAddress: localhost:59773}, javascriptEnabled: true, networkConnectionEnabled: false, pageLoadStrategy: eager, platform: WINDOWS, platformName: WINDOWS, proxy: Proxy(), setWindowRect: true, strictFileInteractability: false, timeouts: {implicit: 0, pageLoad: 300000, script: 30000}, unhandledPromptBehavior: dismiss and notify, webauthn:extension:credBlob: true, webauthn:extension:largeBlob: true, webauthn:extension:minPinLength: true, webauthn:extension:prf: true, webauthn:virtualAuthenticators: true}
Session ID: 7b3b9a16b1cf639b182d123983c5f849
	at com.mlshop.test.ShippingDetails.MLS_TC_100_Validate_shippingDetails_itemsVisiblity_watch(ShippingDetails.java:16)
</failure>
    <system-out><![CDATA[2024-02-23 20:18:38,763 [TestNG-tests-1] INFO  binary_data_logger - PlatForm :: Web
2024-02-23 20:18:38,764 [TestNG-tests-1] INFO  binary_data_logger - Running Test :: MLSHOP
2024-02-23 20:18:38,764 [TestNG-tests-1] INFO  binary_data_logger - Run Mode :: YES
2024-02-23 20:18:40,054 [TestNG-tests-1] INFO  binary_data_logger - Browser Name: chrome
2024-02-23 20:18:40,818 [TestNG-tests-1] INFO  binary_data_logger - Device Name: n/a
2024-02-23 20:18:40,820 [TestNG-tests-1] INFO  binary_data_logger - :::::::::Test MLS_TC_100_Validate_shippingDetails_itemsVisiblity_watch Started::::::::
2024-02-23 20:18:42,865 [TestNG-tests-1] INFO  binary_data_logger - Watches tab is displayed
2024-02-23 20:18:42,963 [TestNG-tests-1] INFO  binary_data_logger - Clicked on Watches tab
2024-02-23 20:18:43,085 [TestNG-tests-1] INFO  binary_data_logger -  is displayed
2024-02-23 20:18:43,299 [TestNG-tests-1] ERROR binary_data_logger - Element  is not visible
2024-02-23 20:18:43,552 [TestNG-tests-1] INFO  binary_data_logger - RP_MESSAGE#FILE#C:\Users\MELG20~1\AppData\Local\Temp\screenshot3686483679963842545.png#Attachment
2024-02-23 20:18:43,552 [TestNG-tests-1] INFO  binary_data_logger - ::::::::::Relaunching The App::::::::::
]]></system-out>
    <system-err><![CDATA[Feb 23, 2024 8:18:38 PM io.github.bonigarcia.wdm.WebDriverManager resolveDriverVersion
INFO: Using chromedriver 122.0.6261.69 (resolved driver for Chrome 122)
Feb 23, 2024 8:18:38 PM io.github.bonigarcia.wdm.WebDriverManager exportDriver
INFO: Exporting webdriver.chrome.driver as C:\Users\MELG20229793\.cache\selenium\chromedriver\win64\122.0.6261.69\chromedriver.exe
Feb 23, 2024 8:18:38 PM io.github.bonigarcia.wdm.versions.VersionDetector getDriverVersionFromRepository
WARNING: Exception reading CfT URL ('null') to get version of chromedriver (For input string: "114.0.5735.90")
Feb 23, 2024 8:18:38 PM io.github.bonigarcia.wdm.online.HttpClient execute
SEVERE: Error HTTP 404 executing https://googlechromelabs.github.io/chrome-for-testing/LATEST_RELEASE_114.0.5735.90
Feb 23, 2024 8:18:38 PM io.github.bonigarcia.wdm.versions.VersionDetector getDriverVersionFromRepository
WARNING: Exception reading https://googlechromelabs.github.io/chrome-for-testing/LATEST_RELEASE_114.0.5735.90 to get latest version of chromedriver (Error HTTP 404 executing https://googlechromelabs.github.io/chrome-for-testing/LATEST_RELEASE_114.0.5735.90)
Feb 23, 2024 8:18:38 PM io.github.bonigarcia.wdm.WebDriverManager exportDriver
INFO: Exporting webdriver.chrome.driver as C:\Users\MELG20229793\.cache\selenium\chromedriver\win64\122.0.6261.69\chromedriver.exe
Starting ChromeDriver 122.0.6261.69 (81bc525b6a36d91ed7fe98a4b53c6f53c79adbb2-refs/branch-heads/6261_57@{#3}) on port 51359
Only local connections are allowed.
Please see https://chromedriver.chromium.org/security-considerations for suggestions on keeping ChromeDriver safe.
ChromeDriver was started successfully.
Feb 23, 2024 8:18:40 PM org.openqa.selenium.remote.ProtocolHandshake createSession
INFO: Detected dialect: W3C
]]></system-err>
  </testcase>
  <testcase name="MLS_TC_30_ValidateFilter_Ring" classname="com.mlshop.test.Home" time="3.048"/>
  <testcase name="MLS_TC_92_Validate_shopping_cart_increment" classname="com.mlshop.test.ShoppingCart" time="5.193"/>
  <testcase name="MLS_TC_31_ValidateFilter_Necklace" classname="com.mlshop.test.Home" time="2.797"/>
  <testcase name="MLS_TC_32_ValidateFilter_Bracelets" classname="com.mlshop.test.Home" time="3.063"/>
  <testcase name="MLS_TC_06_ValidateLogin_Function" classname="com.mlshop.test.Login" time="8.882"/>
  <testcase name="MLS_TC_33_ValidateFilter_Earrings" classname="com.mlshop.test.Home" time="2.846"/>
  <testcase name="MLS_TC_124_Validate_shippingDetails_itemsVisiblity_amparito" classname="com.mlshop.test.ShippingDetails" time="1.87"/>
  <testcase name="MLS_TC_34_ValidateFilter_Pendant" classname="com.mlshop.test.Home" time="2.824"/>
  <testcase name="MLS_TC_35_ValidateFilter_Brouch" classname="com.mlshop.test.Home" time="2.891"/>
  <testcase name="MLS_TC_93_Validate_shopping_cart_removeItem" classname="com.mlshop.test.ShoppingCart" time="3.349"/>
  <testcase name="MLS_TC_08_ValidateLogin_RegisterRedirection" classname="com.mlshop.test.Login" time="7.543"/>
  <testcase name="MLS_TC_101_Validate_shippingDetails_accInfoFields" classname="com.mlshop.test.ShippingDetails" time="12.247"/>
  <testcase name="MLS_TC_36_ValidateFilter_Engagement" classname="com.mlshop.test.Home" time="16.256"/>
  <testcase name="MLS_TC_94_Validate_shopping_cart_modalPopup" classname="com.mlshop.test.ShoppingCart" time="1.048"/>
  <testcase name="MLS_TC_37_ValidateFilter_AllGoldKarat" classname="com.mlshop.test.Home" time="3.022"/>
  <testcase name="MLS_TC_38_ValidateFilter_14Karat" classname="com.mlshop.test.Home" time="3.014"/>
  <testcase name="MLS_TC_09_ValidateLogin_CancelRegister" classname="com.mlshop.test.Login" time="5.102"/>
  <testcase name="MLS_TC_39_ValidateFilter_18Karat" classname="com.mlshop.test.Home" time="0.996"/>
  <testcase name="MLS_TC_126_Validate_shippingDetails_accInfoFields_fill" classname="com.mlshop.test.ShippingDetails" time="2.537"/>
  <testcase name="MLS_TC_40_ValidateFilter_AllGoldColors" classname="com.mlshop.test.Home" time="2.988"/>
  <testcase name="MLS_TC_41_ValidateFilter_YellowGold" classname="com.mlshop.test.Home" time="2.913"/>
  <testcase name="MLS_TC_95_Validate_shopping_cart_cancelRemove" classname="com.mlshop.test.ShoppingCart" time="4.696"/>
  <testcase name="MLS_TC_42_ValidateFilter_WhiteGold" classname="com.mlshop.test.Home" time="1.239"/>
  <testcase name="MLS_TC_43_ValidateFilter_RoseGold" classname="com.mlshop.test.Home" time="3.053"/>
  <testcase name="MLS_TC_102_Validate_shippingDetails_accInfoFields_branchAddr" classname="com.mlshop.test.ShippingDetails" time="3.211"/>
  <testcase name="MLS_TC_44_ValidateFilter_TwoTone" classname="com.mlshop.test.Home" time="2.823"/>
  <testcase name="MLS_TC_96_Validate_shopping_cart_decrementFunction" classname="com.mlshop.test.ShoppingCart" time="6.015"/>
  <testcase name="MLS_TC_45_ValidateFilter_TriTone" classname="com.mlshop.test.Home" time="3.193"/>
  <testcase name="MLS_TC_46_ValidateFilter_AllGenders" classname="com.mlshop.test.Home" time="3.037"/>
  <testcase name="MLS_TC_104_Validate_shippingDetails_paymentMethod_isClickable" classname="com.mlshop.test.ShippingDetails" time="5.968"/>
  <testcase name="MLS_TC_47_ValidateFilter_Ladies" classname="com.mlshop.test.Home" time="3.251"/>
  <testcase name="MLS_TC_97_Validate_shopping_cart_incrementFunction" classname="com.mlshop.test.ShoppingCart" time="7.074"/>
  <testcase name="MLS_TC_48_ValidateFilter_Mens" classname="com.mlshop.test.Home" time="3.034"/>
  <testcase name="MLS_TC_49_ValidateFilter_Unisex" classname="com.mlshop.test.Home" time="3.004"/>
  <testcase name="MLS_TC_105_Validate_shippingDetails_paymentMethod_eWalletOptions_Visiblity" classname="com.mlshop.test.ShippingDetails" time="10.67"/>
  <testcase name="MLS_TC_57_ValidateFilter_WatchAllBrand" classname="com.mlshop.test.Home" time="6.821"/>
  <testcase name="MLS_TC_58_ValidateFilter_RolexBrand" classname="com.mlshop.test.Home" time="6.585"/>
  <testcase name="MLS_TC_106_Validate_shippingDetails_paymentConfirmation_popUp" classname="com.mlshop.test.ShippingDetails" time="7.148"/>
  <testcase name="MLS_TC_59_ValidateFilter_OmegaBrand" classname="com.mlshop.test.Home" time="6.214"/>
  <testcase name="MLS_TC_130_Validate_shippingDetails_totalPayment_chargedModal" classname="com.mlshop.test.ShippingDetails" time="15.089"/>
  <testcase name="MLS_TC_60_ValidateFilter_TagHeuer" classname="com.mlshop.test.Home" time="6.778"/>
  <testcase name="MLS_TC_61_ValidateFilter_Seiko" classname="com.mlshop.test.Home" time="6.613"/>
  <testcase name="MLS_TC_107_Validate_shippingDetails_otp_Popup" classname="com.mlshop.test.ShippingDetails" time="9.501"/>
  <testcase name="MLS_TC_62_ValidateFilter_Casio" classname="com.mlshop.test.Home" time="3.242"/>
  <testcase name="MLS_TC_108_Validate_shippingDetails_otp_popUpClose" classname="com.mlshop.test.ShippingDetails" time="4.677"/>
  <testcase name="MLS_TC_63_ValidateFilter_AllMovements_watch" classname="com.mlshop.test.Home" time="6.687"/>
  <testcase name="MLS_TC_64_ValidateFilter_Automatic_watch" classname="com.mlshop.test.Home" time="6.64"/>
  <testcase name="MLS_TC_109_Validate_purchaseVia_mlWallet" classname="com.mlshop.test.ShippingDetails" time="6.411"/>
  <testcase name="MLS_TC_65_ValidateFilter_Quartz_watch" classname="com.mlshop.test.Home" time="6.788"/>
  <testcase name="MLS_TC_66_ValidateFilter_Others_watch" classname="com.mlshop.test.Home" time="6.941">
    <failure message="Unable to click element By.xpath: //span[normalize-space()=&apos;Others&apos;]" type="java.lang.AssertionError"><![CDATA[java.lang.AssertionError: Unable to click element By.xpath: //span[normalize-space()='Others']
	at com.mlshop.test.Home.MLS_TC_66_ValidateFilter_Others_watch(Home.java:146)
Caused by: org.openqa.selenium.ElementClickInterceptedException: 
element click intercepted: Element <span>...</span> is not clickable at point (289, 436). Other element would receive the click: <p class="text-center pt-[12px] text-xs px-2 py-1 text-white  bg-red-500 w-[55px] h-[55px] rounded-full 2sm:text-[10px] 2sm:w-[35px] 2sm:h-[35px] 2sm:pt-[3px]">...</p>
  (Session info: chrome=122.0.6261.69)
Build info: version: '3.141.59', revision: 'e82be7d358', time: '2018-11-14T08:17:03'
System info: host: 'HOTGQA008', ip: '10.0.8.67', os.name: 'Windows 11', os.arch: 'amd64', os.version: '10.0', java.version: '17.0.7'
Driver info: org.openqa.selenium.chrome.ChromeDriver
Capabilities {acceptInsecureCerts: false, browserName: chrome, browserVersion: 122.0.6261.69, chrome: {chromedriverVersion: 122.0.6261.69 (81bc525b6a36..., userDataDir: C:\Users\MELG20~1\AppData\L...}, fedcm:accounts: true, goog:chromeOptions: {debuggerAddress: localhost:61681}, javascriptEnabled: true, networkConnectionEnabled: false, pageLoadStrategy: eager, platform: WINDOWS, platformName: WINDOWS, proxy: Proxy(), setWindowRect: true, strictFileInteractability: false, timeouts: {implicit: 0, pageLoad: 300000, script: 30000}, unhandledPromptBehavior: dismiss and notify, webauthn:extension:credBlob: true, webauthn:extension:largeBlob: true, webauthn:extension:minPinLength: true, webauthn:extension:prf: true, webauthn:virtualAuthenticators: true}
Session ID: 8b6428fd33f126ae90ad1eb33af8afb9
	at com.mlshop.test.Home.MLS_TC_66_ValidateFilter_Others_watch(Home.java:146)
]]></failure>
    <system-out><![CDATA[2024-02-23 20:25:24,489 [TestNG-tests-1] INFO  binary_data_logger - PlatForm :: Web
2024-02-23 20:25:24,490 [TestNG-tests-1] INFO  binary_data_logger - Running Test :: MLSHOP
2024-02-23 20:25:24,490 [TestNG-tests-1] INFO  binary_data_logger - Run Mode :: YES
2024-02-23 20:25:24,962 [TestNG-tests-2] INFO  binary_data_logger - PlatForm :: Web
2024-02-23 20:25:24,962 [TestNG-tests-2] INFO  binary_data_logger - Running Test :: MLSHOP2
2024-02-23 20:25:24,963 [TestNG-tests-2] INFO  binary_data_logger - Run Mode :: YES
2024-02-23 20:25:26,118 [TestNG-tests-1] INFO  binary_data_logger - Browser Name: chrome
2024-02-23 20:25:26,941 [TestNG-tests-1] INFO  binary_data_logger - Device Name: n/a
2024-02-23 20:25:26,946 [TestNG-tests-1] INFO  binary_data_logger - :::::::::Test MLS_TC_110_Validate_Computation Started::::::::
2024-02-23 20:25:27,486 [TestNG-tests-2] INFO  binary_data_logger - Browser Name: chrome
2024-02-23 20:25:28,275 [TestNG-tests-2] INFO  binary_data_logger - Device Name: n/a
2024-02-23 20:25:28,279 [TestNG-tests-2] INFO  binary_data_logger - :::::::::Test MLS_TC_66_ValidateFilter_Others_watch Started::::::::
2024-02-23 20:25:28,285 [TestNG-tests-2] INFO  binary_data_logger - https://mlshoppreprod.mlhuillier.com/ and https://mlshoppreprod.mlhuillier.com/ are matched
2024-02-23 20:25:28,995 [TestNG-tests-1] INFO  binary_data_logger - Jewelry tab is displayed
2024-02-23 20:25:29,072 [TestNG-tests-1] INFO  binary_data_logger - Clicked on Jewelry tab
2024-02-23 20:25:29,159 [TestNG-tests-1] INFO  binary_data_logger - Ladies Teardrop Earrings is displayed
2024-02-23 20:25:29,217 [TestNG-tests-1] INFO  binary_data_logger - Clicked on Ladies Teardrop Earrings
2024-02-23 20:25:30,314 [TestNG-tests-2] INFO  binary_data_logger - Watch tab is displayed
2024-02-23 20:25:30,383 [TestNG-tests-2] INFO  binary_data_logger - Clicked on Watch tab
2024-02-23 20:25:31,252 [TestNG-tests-1] INFO  binary_data_logger - Add to Cart btn is displayed
2024-02-23 20:25:31,288 [TestNG-tests-1] INFO  binary_data_logger - Clicked on Add to Cart btn
2024-02-23 20:25:31,493 [TestNG-tests-1] INFO  binary_data_logger - Confirm btn is displayed
2024-02-23 20:25:31,525 [TestNG-tests-1] INFO  binary_data_logger - Clicked on Confirm btn
2024-02-23 20:25:31,591 [TestNG-tests-1] INFO  binary_data_logger - Clicked on Shopping Cart
2024-02-23 20:25:31,867 [TestNG-tests-1] INFO  binary_data_logger - Clicked on Checkout
2024-02-23 20:25:33,426 [TestNG-tests-2] INFO  binary_data_logger - Clicked on All Movements Drop Down
2024-02-23 20:25:33,903 [TestNG-tests-1] INFO  binary_data_logger - Found item : Ladies Teardrop Earrings, with Stock number:  STOCK NUMBER : 111110124202400000
2024-02-23 20:25:34,865 [TestNG-tests-2] INFO  binary_data_logger - RP_MESSAGE#FILE#C:\Users\MELG20~1\AppData\Local\Temp\screenshot16176477963739622417.png#Attachment
2024-02-23 20:25:34,866 [TestNG-tests-2] INFO  binary_data_logger - Not clicked on Others
2024-02-23 20:25:35,220 [TestNG-tests-2] INFO  binary_data_logger - RP_MESSAGE#FILE#C:\Users\MELG20~1\AppData\Local\Temp\screenshot15636745176753570915.png#Attachment
2024-02-23 20:25:35,220 [TestNG-tests-2] INFO  binary_data_logger - ::::::::::Relaunching The App::::::::::
]]></system-out>
    <system-err><![CDATA[Feb 23, 2024 8:25:24 PM io.github.bonigarcia.wdm.WebDriverManager resolveDriverVersion
INFO: Using chromedriver 122.0.6261.69 (resolved driver for Chrome 122)
Feb 23, 2024 8:25:24 PM io.github.bonigarcia.wdm.WebDriverManager exportDriver
INFO: Exporting webdriver.chrome.driver as C:\Users\MELG20229793\.cache\selenium\chromedriver\win64\122.0.6261.69\chromedriver.exe
Feb 23, 2024 8:25:24 PM io.github.bonigarcia.wdm.versions.VersionDetector getDriverVersionFromRepository
WARNING: Exception reading CfT URL ('null') to get version of chromedriver (For input string: "114.0.5735.90")
Feb 23, 2024 8:25:24 PM io.github.bonigarcia.wdm.online.HttpClient execute
SEVERE: Error HTTP 404 executing https://googlechromelabs.github.io/chrome-for-testing/LATEST_RELEASE_114.0.5735.90
Feb 23, 2024 8:25:24 PM io.github.bonigarcia.wdm.versions.VersionDetector getDriverVersionFromRepository
WARNING: Exception reading https://googlechromelabs.github.io/chrome-for-testing/LATEST_RELEASE_114.0.5735.90 to get latest version of chromedriver (Error HTTP 404 executing https://googlechromelabs.github.io/chrome-for-testing/LATEST_RELEASE_114.0.5735.90)
Feb 23, 2024 8:25:24 PM io.github.bonigarcia.wdm.WebDriverManager exportDriver
INFO: Exporting webdriver.chrome.driver as C:\Users\MELG20229793\.cache\selenium\chromedriver\win64\122.0.6261.69\chromedriver.exe
Starting ChromeDriver 122.0.6261.69 (81bc525b6a36d91ed7fe98a4b53c6f53c79adbb2-refs/branch-heads/6261_57@{#3}) on port 5530
Only local connections are allowed.
Please see https://chromedriver.chromium.org/security-considerations for suggestions on keeping ChromeDriver safe.
ChromeDriver was started successfully.
Feb 23, 2024 8:25:24 PM io.github.bonigarcia.wdm.WebDriverManager resolveDriverVersion
INFO: Using chromedriver 122.0.6261.69 (resolved driver for Chrome 122)
Feb 23, 2024 8:25:24 PM io.github.bonigarcia.wdm.WebDriverManager exportDriver
INFO: Exporting webdriver.chrome.driver as C:\Users\MELG20229793\.cache\selenium\chromedriver\win64\122.0.6261.69\chromedriver.exe
Feb 23, 2024 8:25:24 PM io.github.bonigarcia.wdm.versions.VersionDetector getDriverVersionFromRepository
WARNING: Exception reading CfT URL ('null') to get version of chromedriver (For input string: "114.0.5735.90")
Feb 23, 2024 8:25:25 PM io.github.bonigarcia.wdm.online.HttpClient execute
SEVERE: Error HTTP 404 executing https://googlechromelabs.github.io/chrome-for-testing/LATEST_RELEASE_114.0.5735.90
Feb 23, 2024 8:25:25 PM io.github.bonigarcia.wdm.versions.VersionDetector getDriverVersionFromRepository
WARNING: Exception reading https://googlechromelabs.github.io/chrome-for-testing/LATEST_RELEASE_114.0.5735.90 to get latest version of chromedriver (Error HTTP 404 executing https://googlechromelabs.github.io/chrome-for-testing/LATEST_RELEASE_114.0.5735.90)
Feb 23, 2024 8:25:25 PM io.github.bonigarcia.wdm.WebDriverManager exportDriver
INFO: Exporting webdriver.chrome.driver as C:\Users\MELG20229793\.cache\selenium\chromedriver\win64\122.0.6261.69\chromedriver.exe
Starting ChromeDriver 122.0.6261.69 (81bc525b6a36d91ed7fe98a4b53c6f53c79adbb2-refs/branch-heads/6261_57@{#3}) on port 17580
Only local connections are allowed.
Please see https://chromedriver.chromium.org/security-considerations for suggestions on keeping ChromeDriver safe.
ChromeDriver was started successfully.
Feb 23, 2024 8:25:26 PM org.openqa.selenium.remote.ProtocolHandshake createSession
INFO: Detected dialect: W3C
Feb 23, 2024 8:25:27 PM org.openqa.selenium.remote.ProtocolHandshake createSession
INFO: Detected dialect: W3C
]]></system-err>
  </testcase>
  <testcase name="MLS_TC_110_Validate_Computation" classname="com.mlshop.test.ShippingDetails" time="12.356"/>
  <testcase name="MLS_TC_67_ValidateFilter_allMaterials_watch" classname="com.mlshop.test.Home" time="1.625"/>
  <testcase name="MLS_TC_68_ValidateFilter_Stainless_watch" classname="com.mlshop.test.Home" time="6.729"/>
  <testcase name="MLS_TC_69_ValidateFilter_Ceramic_Polymer_watch" classname="com.mlshop.test.Home" time="6.574"/>
  <testcase name="MLS_TC_113_Validate_successPurchase_historyDetails" classname="com.mlshop.test.ShippingDetails" time="9.342"/>
  <testcase name="MLS_TC_70_ValidateFilter_Gold_watch" classname="com.mlshop.test.Home" time="3.303"/>
  <testcase name="MLS_TC_71_ValidateFilter_allGenders_watch" classname="com.mlshop.test.Home" time="6.667"/>
  <testcase name="MLS_TC_72_ValidateFilter_Ladies_watch" classname="com.mlshop.test.Home" time="6.753"/>
  <testcase name="MLS_TC_114_Validate_successPurchase_grabPay" classname="com.mlshop.test.ShippingDetails" time="4.265"/>
  <testcase name="MLS_TC_73_ValidateFilter_Mens_watch" classname="com.mlshop.test.Home" time="6.688"/>
  <testcase name="MLS_TC_74_ValidateFilter_Unisex_watch" classname="com.mlshop.test.Home" time="6.667"/>
  <testcase name="MLS_TC_79_ValidateProduct_details" classname="com.mlshop.test.Home" time="1.825"/>
  <testcase name="MLS_TC_80_ValidateProduct_amaparito" classname="com.mlshop.test.Home" time="1.665"/>
  <testcase name="MLS_TC_81_ValidateProduct_watch" classname="com.mlshop.test.Home" time="2.649"/>
  <testcase name="MLS_TC_115_Validate_successPurchase_gCash" classname="com.mlshop.test.ShippingDetails" time="2.887"/>
  <testcase name="MLS_TC_82_ValidateProduct_jewelryDetails" classname="com.mlshop.test.Home" time="2.783"/>
  <testcase name="MLS_TC_83_ValidateProduct_amparitoDetails" classname="com.mlshop.test.Home" time="3.662"/>
  <testcase name="MLS_TC_84_ValidateProduct_watchDetails" classname="com.mlshop.test.Home" time="3.051"/>
  <testcase name="MLS_TC_116_Validate_successPurchase_payMaya" classname="com.mlshop.test.ShippingDetails" time="5.609"/>
  <testcase name="MLS_TC_85_ValidateJewelry_addToCart" classname="com.mlshop.test.Home" time="33.729">
    <failure message="Could not get text By.xpath: //p[normalize-space()=&apos;Item has been successfully added to your cart.&apos;]" type="java.lang.AssertionError">java.lang.AssertionError: Could not get text By.xpath: //p[normalize-space()='Item has been successfully added to your cart.']
	at com.mlshop.test.Home.MLS_TC_85_ValidateJewelry_addToCart(Home.java:206)
Caused by: org.openqa.selenium.NoSuchElementException: 
no such element: Unable to locate element: {"method":"xpath","selector":"//p[normalize-space()='Item has been successfully added to your cart.']"}
  (Session info: chrome=122.0.6261.69)
For documentation on this error, please visit: https://www.seleniumhq.org/exceptions/no_such_element.html
Build info: version: '3.141.59', revision: 'e82be7d358', time: '2018-11-14T08:17:03'
System info: host: 'HOTGQA008', ip: '10.0.8.67', os.name: 'Windows 11', os.arch: 'amd64', os.version: '10.0', java.version: '17.0.7'
Driver info: org.openqa.selenium.chrome.ChromeDriver
Capabilities {acceptInsecureCerts: false, browserName: chrome, browserVersion: 122.0.6261.69, chrome: {chromedriverVersion: 122.0.6261.69 (81bc525b6a36..., userDataDir: C:\Users\MELG20~1\AppData\L...}, fedcm:accounts: true, goog:chromeOptions: {debuggerAddress: localhost:62593}, javascriptEnabled: true, networkConnectionEnabled: false, pageLoadStrategy: eager, platform: WINDOWS, platformName: WINDOWS, proxy: Proxy(), setWindowRect: true, strictFileInteractability: false, timeouts: {implicit: 0, pageLoad: 300000, script: 30000}, unhandledPromptBehavior: dismiss and notify, webauthn:extension:credBlob: true, webauthn:extension:largeBlob: true, webauthn:extension:minPinLength: true, webauthn:extension:prf: true, webauthn:virtualAuthenticators: true}
Session ID: ceaf8e3a479bfcac6929cdbc6146639b
*** Element info: {Using=xpath, value=//p[normalize-space()='Item has been successfully added to your cart.']}
	at com.mlshop.test.Home.MLS_TC_85_ValidateJewelry_addToCart(Home.java:206)
</failure>
    <system-out><![CDATA[2024-02-23 20:29:04,949 [TestNG-tests-1] INFO  binary_data_logger - Switch to window 55E8B453F09E2D77D93EBF37BE1F6792
2024-02-23 20:29:05,008 [TestNG-tests-1] INFO  binary_data_logger - Driver closed
2024-02-23 20:29:06,572 [TestNG-tests-1] INFO  binary_data_logger - Device Name  : null
2024-02-23 20:29:06,689 [TestNG-tests-1] INFO  binary_data_logger - Device Name  : null
2024-02-23 20:29:28,048 [TestNG-tests-2] INFO  binary_data_logger - RP_MESSAGE#FILE#C:\Users\MELG20~1\AppData\Local\Temp\screenshot11462762955486871822.png#Attachment
2024-02-23 20:29:28,049 [TestNG-tests-2] INFO  binary_data_logger - ::::::::::Relaunching The App::::::::::
]]></system-out>
  </testcase>
  <testcase name="MLS_TC_86_ValidateAmparito_addToCart" classname="com.mlshop.test.Home" time="33.696">
    <failure message="Could not get text By.xpath: //p[normalize-space()=&apos;Item has been successfully added to your cart.&apos;]" type="java.lang.AssertionError">java.lang.AssertionError: Could not get text By.xpath: //p[normalize-space()='Item has been successfully added to your cart.']
	at com.mlshop.test.Home.MLS_TC_86_ValidateAmparito_addToCart(Home.java:210)
Caused by: org.openqa.selenium.NoSuchElementException: 
no such element: Unable to locate element: {"method":"xpath","selector":"//p[normalize-space()='Item has been successfully added to your cart.']"}
  (Session info: chrome=122.0.6261.69)
For documentation on this error, please visit: https://www.seleniumhq.org/exceptions/no_such_element.html
Build info: version: '3.141.59', revision: 'e82be7d358', time: '2018-11-14T08:17:03'
System info: host: 'HOTGQA008', ip: '10.0.8.67', os.name: 'Windows 11', os.arch: 'amd64', os.version: '10.0', java.version: '17.0.7'
Driver info: org.openqa.selenium.chrome.ChromeDriver
Capabilities {acceptInsecureCerts: false, browserName: chrome, browserVersion: 122.0.6261.69, chrome: {chromedriverVersion: 122.0.6261.69 (81bc525b6a36..., userDataDir: C:\Users\MELG20~1\AppData\L...}, fedcm:accounts: true, goog:chromeOptions: {debuggerAddress: localhost:62685}, javascriptEnabled: true, networkConnectionEnabled: false, pageLoadStrategy: eager, platform: WINDOWS, platformName: WINDOWS, proxy: Proxy(), setWindowRect: true, strictFileInteractability: false, timeouts: {implicit: 0, pageLoad: 300000, script: 30000}, unhandledPromptBehavior: dismiss and notify, webauthn:extension:credBlob: true, webauthn:extension:largeBlob: true, webauthn:extension:minPinLength: true, webauthn:extension:prf: true, webauthn:virtualAuthenticators: true}
Session ID: f2f082b4ea1ec932915da2461168bbb4
*** Element info: {Using=xpath, value=//p[normalize-space()='Item has been successfully added to your cart.']}
	at com.mlshop.test.Home.MLS_TC_86_ValidateAmparito_addToCart(Home.java:210)
</failure>
    <system-out><![CDATA[2024-02-23 20:29:34,192 [TestNG-tests-2] INFO  binary_data_logger - PlatForm :: Web
2024-02-23 20:29:34,193 [TestNG-tests-2] INFO  binary_data_logger - Running Test :: MLSHOP2
2024-02-23 20:29:34,193 [TestNG-tests-2] INFO  binary_data_logger - Run Mode :: YES
2024-02-23 20:29:35,688 [TestNG-tests-2] INFO  binary_data_logger - Browser Name: chrome
2024-02-23 20:29:36,625 [TestNG-tests-2] INFO  binary_data_logger - Device Name: n/a
2024-02-23 20:29:36,630 [TestNG-tests-2] INFO  binary_data_logger - :::::::::Test MLS_TC_86_ValidateAmparito_addToCart Started::::::::
2024-02-23 20:29:36,638 [TestNG-tests-2] INFO  binary_data_logger - https://mlshoppreprod.mlhuillier.com/ and https://mlshoppreprod.mlhuillier.com/ are matched
2024-02-23 20:29:37,747 [TestNG-tests-2] INFO  binary_data_logger - Clicked on Amparito tab
2024-02-23 20:29:38,800 [TestNG-tests-2] INFO  binary_data_logger - Unisex Airplane Necklace is displayed
2024-02-23 20:29:38,836 [TestNG-tests-2] INFO  binary_data_logger - Clicked on Unisex Airplane Necklace
2024-02-23 20:29:39,056 [TestNG-tests-2] INFO  binary_data_logger - Add To Cart is displayed
2024-02-23 20:29:39,101 [TestNG-tests-2] INFO  binary_data_logger - Clicked on Add To Cart
2024-02-23 20:30:10,325 [TestNG-tests-2] INFO  binary_data_logger - RP_MESSAGE#FILE#C:\Users\MELG20~1\AppData\Local\Temp\screenshot7694281759971832412.png#Attachment
2024-02-23 20:30:10,326 [TestNG-tests-2] INFO  binary_data_logger - ::::::::::Relaunching The App::::::::::
]]></system-out>
    <system-err><![CDATA[Feb 23, 2024 8:29:34 PM io.github.bonigarcia.wdm.WebDriverManager resolveDriverVersion
INFO: Using chromedriver 122.0.6261.69 (resolved driver for Chrome 122)
Feb 23, 2024 8:29:34 PM io.github.bonigarcia.wdm.WebDriverManager exportDriver
INFO: Exporting webdriver.chrome.driver as C:\Users\MELG20229793\.cache\selenium\chromedriver\win64\122.0.6261.69\chromedriver.exe
Feb 23, 2024 8:29:34 PM io.github.bonigarcia.wdm.versions.VersionDetector getDriverVersionFromRepository
WARNING: Exception reading CfT URL ('null') to get version of chromedriver (For input string: "114.0.5735.90")
Feb 23, 2024 8:29:34 PM io.github.bonigarcia.wdm.online.HttpClient execute
SEVERE: Error HTTP 404 executing https://googlechromelabs.github.io/chrome-for-testing/LATEST_RELEASE_114.0.5735.90
Feb 23, 2024 8:29:34 PM io.github.bonigarcia.wdm.versions.VersionDetector getDriverVersionFromRepository
WARNING: Exception reading https://googlechromelabs.github.io/chrome-for-testing/LATEST_RELEASE_114.0.5735.90 to get latest version of chromedriver (Error HTTP 404 executing https://googlechromelabs.github.io/chrome-for-testing/LATEST_RELEASE_114.0.5735.90)
Feb 23, 2024 8:29:34 PM io.github.bonigarcia.wdm.WebDriverManager exportDriver
INFO: Exporting webdriver.chrome.driver as C:\Users\MELG20229793\.cache\selenium\chromedriver\win64\122.0.6261.69\chromedriver.exe
Starting ChromeDriver 122.0.6261.69 (81bc525b6a36d91ed7fe98a4b53c6f53c79adbb2-refs/branch-heads/6261_57@{#3}) on port 43218
Only local connections are allowed.
Please see https://chromedriver.chromium.org/security-considerations for suggestions on keeping ChromeDriver safe.
ChromeDriver was started successfully.
Feb 23, 2024 8:29:35 PM org.openqa.selenium.remote.ProtocolHandshake createSession
INFO: Detected dialect: W3C
]]></system-err>
  </testcase>
  <testcase name="MLS_TC_87_ValidateWatch_addToCart" classname="com.mlshop.test.Home" time="7.505"/>
  <testcase name="MLS_TC_89_ValidateItem_alreadyInCart" classname="com.mlshop.test.Home" time="7.739"/>
</testsuite>