<?xml version="1.0" encoding="UTF-8"?>
<!-- Generated by org.testng.reporters.JUnitReportReporter -->
<testsuite hostname="HOTGQA008" failures="0" tests="1" name="com.mlshop.test.Login" time="16.754" errors="0" timestamp="2024-02-13T17:43:01 CST" skipped="0">
  <testcase classname="com.mlshop.test.Login" name="MLS_TC_09_ValidateLogin_CancelRegister" time="16.754"/>
  <system-out/>
</testsuite> <!-- com.mlshop.test.Login -->
