<?xml version="1.0" encoding="UTF-8"?>
<!-- Generated by org.testng.reporters.JUnitReportReporter -->
<testsuite hostname="HOTGQA008" failures="0" tests="6" name="com.mlshop.test.Login" time="112.963" errors="0" timestamp="2024-02-23T20:30:52 CST" skipped="0">
  <testcase classname="com.mlshop.test.Login" name="MLS_TC_01_ValidateUserIcon_Redirection" time="13.411"/>
  <system-out/>
  <testcase classname="com.mlshop.test.Login" name="MLS_TC_02_ValidateErrorPrompt_MobileNumber_Field" time="16.748"/>
  <system-out/>
  <testcase classname="com.mlshop.test.Login" name="MLS_TC_05_ValidateErorrPrompt_" time="28.807"/>
  <system-out/>
  <testcase classname="com.mlshop.test.Login" name="MLS_TC_06_ValidateLogin_Function" time="21.485"/>
  <system-out/>
  <testcase classname="com.mlshop.test.Login" name="MLS_TC_08_ValidateLogin_RegisterRedirection" time="15.826"/>
  <system-out/>
  <testcase classname="com.mlshop.test.Login" name="MLS_TC_09_ValidateLogin_CancelRegister" time="16.686"/>
  <system-out/>
</testsuite> <!-- com.mlshop.test.Login -->
