<?xml version="1.0" encoding="UTF-8"?>
<!-- Generated by org.testng.reporters.JUnitReportReporter -->
<testsuite hostname="HOTGQA008" failures="0" tests="1" name="com.mlshop.test.Login" time="19.981" errors="0" timestamp="2024-02-12T20:35:08 CST" skipped="0">
  <testcase classname="com.mlshop.test.Login" name="MLS_TC_02_ValidateErrorPrompt_MobileNumber_Field" time="19.981"/>
  <system-out/>
</testsuite> <!-- com.mlshop.test.Login -->
