<?xml version="1.0" encoding="UTF-8"?>
<!-- Generated by org.testng.reporters.JUnitReportReporter -->
<testsuite hostname="HOTGQA008" failures="0" tests="1" name="com.mlshop.test.ShippingDetails" time="34.677" errors="0" timestamp="2024-02-22T19:25:23 CST" skipped="0">
  <testcase classname="com.mlshop.test.ShippingDetails" name="MLS_TC_110_Validate_Computation" time="34.677"/>
  <system-out/>
</testsuite> <!-- com.mlshop.test.ShippingDetails -->
