<?xml version="1.0" encoding="UTF-8"?>
<!-- Generated by org.testng.reporters.JUnitReportReporter -->
<testsuite hostname="HOTGQA008" failures="1" tests="26" name="com.mlshop.test.Home" time="321.159" errors="0" timestamp="2024-02-16T09:17:06 CST" skipped="0">
  <testcase classname="com.mlshop.test.Home" name="MS_TC_25_ValidateUserName_DropDown" time="18.588"/>
  <system-out/>
  <testcase classname="com.mlshop.test.Home" name="MLS_TC_26_ValidateProfile_Navigation" time="19.117"/>
  <system-out/>
  <testcase classname="com.mlshop.test.Home" name="MLS_TC_27_ValidatePurchaseHistory_Navigation" time="18.328">
    <failure message="expected [https://mlshoppreprod.mlhuillier.com/purchasehistory] but found [https://mlshoppreprod.mlhuillier.com/]" type="java.lang.AssertionError">
      <![CDATA[java.lang.AssertionError: expected [https://mlshoppreprod.mlhuillier.com/purchasehistory] but found [https://mlshoppreprod.mlhuillier.com/]
at org.testng.Assert.fail(Assert.java:97)
at org.testng.Assert.assertEqualsImpl(Assert.java:136)
at org.testng.Assert.assertEquals(Assert.java:118)
at org.testng.Assert.assertEquals(Assert.java:575)
at org.testng.Assert.assertEquals(Assert.java:585)
at com.utility.Utilities.assertionValidation(Utilities.java:2787)
at com.business.mlshop.Home.MLS_TC_27_ValidatePurchaseHistory_Navigation(Home.java:53)
at com.mlshop.test.Home.MLS_TC_27_ValidatePurchaseHistory_Navigation(Home.java:17)
at java.base/jdk.internal.reflect.NativeMethodAccessorImpl.invoke0(Native Method)
at java.base/jdk.internal.reflect.NativeMethodAccessorImpl.invoke(NativeMethodAccessorImpl.java:77)
at java.base/jdk.internal.reflect.DelegatingMethodAccessorImpl.invoke(DelegatingMethodAccessorImpl.java:43)
at java.base/java.lang.reflect.Method.invoke(Method.java:568)
at org.testng.internal.MethodInvocationHelper.invokeMethod(MethodInvocationHelper.java:134)
at org.testng.internal.TestInvoker.invokeMethod(TestInvoker.java:597)
at org.testng.internal.TestInvoker.invokeTestMethod(TestInvoker.java:173)
at org.testng.internal.MethodRunner.runInSequence(MethodRunner.java:46)
at org.testng.internal.TestInvoker$MethodInvocationAgent.invoke(TestInvoker.java:816)
at org.testng.internal.TestInvoker.invokeTestMethods(TestInvoker.java:146)
at org.testng.internal.TestMethodWorker.invokeTestMethods(TestMethodWorker.java:146)
at org.testng.internal.TestMethodWorker.run(TestMethodWorker.java:128)
at java.base/java.util.ArrayList.forEach(ArrayList.java:1511)
at org.testng.TestRunner.privateRun(TestRunner.java:766)
at org.testng.TestRunner.run(TestRunner.java:587)
at org.testng.SuiteRunner.runTest(SuiteRunner.java:384)
at org.testng.SuiteRunner.runSequentially(SuiteRunner.java:378)
at org.testng.SuiteRunner.privateRun(SuiteRunner.java:337)
at org.testng.SuiteRunner.run(SuiteRunner.java:286)
at org.testng.SuiteRunnerWorker.runSuite(SuiteRunnerWorker.java:53)
at org.testng.SuiteRunnerWorker.run(SuiteRunnerWorker.java:96)
at org.testng.TestNG.runSuitesSequentially(TestNG.java:1187)
at org.testng.TestNG.runSuitesLocally(TestNG.java:1109)
at org.testng.TestNG.runSuites(TestNG.java:1039)
at org.testng.TestNG.run(TestNG.java:1007)
at org.apache.maven.surefire.testng.TestNGExecutor.run(TestNGExecutor.java:283)
at org.apache.maven.surefire.testng.TestNGXmlTestSuite.execute(TestNGXmlTestSuite.java:75)
at org.apache.maven.surefire.testng.TestNGProvider.invoke(TestNGProvider.java:120)
at org.apache.maven.surefire.booter.ForkedBooter.invokeProviderInSameClassLoader(ForkedBooter.java:384)
at org.apache.maven.surefire.booter.ForkedBooter.runSuitesInProcess(ForkedBooter.java:345)
at org.apache.maven.surefire.booter.ForkedBooter.execute(ForkedBooter.java:126)
at org.apache.maven.surefire.booter.ForkedBooter.main(ForkedBooter.java:418)
]]>
    </failure>
  </testcase> <!-- MLS_TC_27_ValidatePurchaseHistory_Navigation -->
  <system-out/>
  <testcase classname="com.mlshop.test.Home" name="MLS_TC_28_ValidateLogout" time="18.535"/>
  <system-out/>
  <testcase classname="com.mlshop.test.Home" name="MLS_TC_29_ValidateFilter_AllTypes" time="8.725"/>
  <system-out/>
  <testcase classname="com.mlshop.test.Home" name="MLS_TC_30_ValidateFilter_Ring" time="9.769"/>
  <system-out/>
  <testcase classname="com.mlshop.test.Home" name="MLS_TC_31_ValidateFilter_Necklace" time="9.832"/>
  <system-out/>
  <testcase classname="com.mlshop.test.Home" name="MLS_TC_32_ValidateFilter_Bracelets" time="10.392"/>
  <system-out/>
  <testcase classname="com.mlshop.test.Home" name="MLS_TC_33_ValidateFilter_Earrings" time="9.777"/>
  <system-out/>
  <testcase classname="com.mlshop.test.Home" name="MLS_TC_34_ValidateFilter_Pendant" time="9.906"/>
  <system-out/>
  <testcase classname="com.mlshop.test.Home" name="MLS_TC_35_ValidateFilter_Brouch" time="9.956"/>
  <system-out/>
  <testcase classname="com.mlshop.test.Home" name="MLS_TC_36_ValidateFilter_Engagement" time="39.366"/>
  <system-out/>
  <testcase classname="com.mlshop.test.Home" name="MLS_TC_37_ValidateFilter_AllGoldKarat" time="9.608"/>
  <system-out/>
  <testcase classname="com.mlshop.test.Home" name="MLS_TC_38_ValidateFilter_14Karat" time="10.009"/>
  <system-out/>
  <testcase classname="com.mlshop.test.Home" name="MLS_TC_39_ValidateFilter_18Karat" time="9.611"/>
  <system-out/>
  <testcase classname="com.mlshop.test.Home" name="MLS_TC_40_ValidateFilter_AllGoldColors" time="10.105"/>
  <system-out/>
  <testcase classname="com.mlshop.test.Home" name="MLS_TC_41_ValidateFilter_YellowGold" time="9.564"/>
  <system-out/>
  <testcase classname="com.mlshop.test.Home" name="MLS_TC_42_ValidateFilter_WhiteGold" time="9.793"/>
  <system-out/>
  <testcase classname="com.mlshop.test.Home" name="MLS_TC_43_ValidateFilter_RoseGold" time="9.554"/>
  <system-out/>
  <testcase classname="com.mlshop.test.Home" name="MLS_TC_44_ValidateFilter_TwoTone" time="9.795"/>
  <system-out/>
  <testcase classname="com.mlshop.test.Home" name="MLS_TC_45_ValidateFilter_TriTone" time="9.766"/>
  <system-out/>
  <testcase classname="com.mlshop.test.Home" name="MLS_TC_46_ValidateFilter_AllGenders" time="10.176"/>
  <system-out/>
  <testcase classname="com.mlshop.test.Home" name="MLS_TC_47_ValidateFilter_Ladies" time="9.967"/>
  <system-out/>
  <testcase classname="com.mlshop.test.Home" name="MLS_TC_48_ValidateFilter_Mens" time="9.956"/>
  <system-out/>
  <testcase classname="com.mlshop.test.Home" name="MLS_TC_49_ValidateFilter_Unisex" time="9.937"/>
  <system-out/>
  <testcase classname="com.mlshop.test.Home" name="MLS_TC_57_ValidateFilter_WatchAllBrand" time="11.027"/>
  <system-out/>
</testsuite> <!-- com.mlshop.test.Home -->
