<?xml version="1.0" encoding="UTF-8"?>
<!-- Generated by org.testng.reporters.JUnitReportReporter -->
<testsuite hostname="HOTGQA008" failures="0" tests="8" name="com.mlshop.test.ShoppingCart" time="106.824" errors="0" timestamp="2024-02-23T20:30:51 CST" skipped="0">
  <testcase classname="com.mlshop.test.ShoppingCart" name="MLS_TC_90_Validate_shopping_cart_navigation" time="9.143"/>
  <system-out/>
  <testcase classname="com.mlshop.test.ShoppingCart" name="MLS_TC_91_Validate_shopping_cart_items" time="13.626"/>
  <system-out/>
  <testcase classname="com.mlshop.test.ShoppingCart" name="MLS_TC_92_Validate_shopping_cart_increment" time="13.611"/>
  <system-out/>
  <testcase classname="com.mlshop.test.ShoppingCart" name="MLS_TC_93_Validate_shopping_cart_removeItem" time="13.092"/>
  <system-out/>
  <testcase classname="com.mlshop.test.ShoppingCart" name="MLS_TC_94_Validate_shopping_cart_modalPopup" time="13.658"/>
  <system-out/>
  <testcase classname="com.mlshop.test.ShoppingCart" name="MLS_TC_95_Validate_shopping_cart_cancelRemove" time="13.276"/>
  <system-out/>
  <testcase classname="com.mlshop.test.ShoppingCart" name="MLS_TC_96_Validate_shopping_cart_decrementFunction" time="14.354"/>
  <system-out/>
  <testcase classname="com.mlshop.test.ShoppingCart" name="MLS_TC_97_Validate_shopping_cart_incrementFunction" time="16.064"/>
  <system-out/>
</testsuite> <!-- com.mlshop.test.ShoppingCart -->
