<?xml version="1.0" encoding="UTF-8"?>
<!-- Generated by org.testng.reporters.JUnitReportReporter -->
<testsuite hostname="HOTGQA008" failures="1" tests="6" name="com.mlshop.test.Login" time="87.658" errors="0" timestamp="2024-02-16T09:17:06 CST" skipped="0">
  <testcase classname="com.mlshop.test.Login" name="MLS_TC_01_ValidateUserIcon_Redirection" time="9.860"/>
  <system-out/>
  <testcase classname="com.mlshop.test.Login" name="MLS_TC_02_ValidateErrorPrompt_MobileNumber_Field" time="12.074">
    <failure message="expected [Mobile Number is Required] but found []" type="java.lang.AssertionError">
      <![CDATA[java.lang.AssertionError: expected [Mobile Number is Required] but found []
at org.testng.Assert.fail(Assert.java:97)
at org.testng.Assert.assertEqualsImpl(Assert.java:136)
at org.testng.Assert.assertEquals(Assert.java:118)
at org.testng.Assert.assertEquals(Assert.java:575)
at org.testng.Assert.assertEquals(Assert.java:585)
at com.utility.Utilities.assertionValidation(Utilities.java:2787)
at com.business.mlshop.Login.MLS_TC_02_ValidateErrorPrompt_MobileNumber_Field(Login.java:58)
at com.mlshop.test.Login.MLS_TC_02_ValidateErrorPrompt_MobileNumber_Field(Login.java:13)
at java.base/jdk.internal.reflect.NativeMethodAccessorImpl.invoke0(Native Method)
at java.base/jdk.internal.reflect.NativeMethodAccessorImpl.invoke(NativeMethodAccessorImpl.java:77)
at java.base/jdk.internal.reflect.DelegatingMethodAccessorImpl.invoke(DelegatingMethodAccessorImpl.java:43)
at java.base/java.lang.reflect.Method.invoke(Method.java:568)
at org.testng.internal.MethodInvocationHelper.invokeMethod(MethodInvocationHelper.java:134)
at org.testng.internal.TestInvoker.invokeMethod(TestInvoker.java:597)
at org.testng.internal.TestInvoker.invokeTestMethod(TestInvoker.java:173)
at org.testng.internal.MethodRunner.runInSequence(MethodRunner.java:46)
at org.testng.internal.TestInvoker$MethodInvocationAgent.invoke(TestInvoker.java:816)
at org.testng.internal.TestInvoker.invokeTestMethods(TestInvoker.java:146)
at org.testng.internal.TestMethodWorker.invokeTestMethods(TestMethodWorker.java:146)
at org.testng.internal.TestMethodWorker.run(TestMethodWorker.java:128)
at java.base/java.util.ArrayList.forEach(ArrayList.java:1511)
at org.testng.TestRunner.privateRun(TestRunner.java:766)
at org.testng.TestRunner.run(TestRunner.java:587)
at org.testng.SuiteRunner.runTest(SuiteRunner.java:384)
at org.testng.SuiteRunner.runSequentially(SuiteRunner.java:378)
at org.testng.SuiteRunner.privateRun(SuiteRunner.java:337)
at org.testng.SuiteRunner.run(SuiteRunner.java:286)
at org.testng.SuiteRunnerWorker.runSuite(SuiteRunnerWorker.java:53)
at org.testng.SuiteRunnerWorker.run(SuiteRunnerWorker.java:96)
at org.testng.TestNG.runSuitesSequentially(TestNG.java:1187)
at org.testng.TestNG.runSuitesLocally(TestNG.java:1109)
at org.testng.TestNG.runSuites(TestNG.java:1039)
at org.testng.TestNG.run(TestNG.java:1007)
at org.apache.maven.surefire.testng.TestNGExecutor.run(TestNGExecutor.java:283)
at org.apache.maven.surefire.testng.TestNGXmlTestSuite.execute(TestNGXmlTestSuite.java:75)
at org.apache.maven.surefire.testng.TestNGProvider.invoke(TestNGProvider.java:120)
at org.apache.maven.surefire.booter.ForkedBooter.invokeProviderInSameClassLoader(ForkedBooter.java:384)
at org.apache.maven.surefire.booter.ForkedBooter.runSuitesInProcess(ForkedBooter.java:345)
at org.apache.maven.surefire.booter.ForkedBooter.execute(ForkedBooter.java:126)
at org.apache.maven.surefire.booter.ForkedBooter.main(ForkedBooter.java:418)
]]>
    </failure>
  </testcase> <!-- MLS_TC_02_ValidateErrorPrompt_MobileNumber_Field -->
  <system-out/>
  <testcase classname="com.mlshop.test.Login" name="MLS_TC_05_ValidateErorrPrompt_" time="19.834"/>
  <system-out/>
  <testcase classname="com.mlshop.test.Login" name="MLS_TC_06_ValidateLogin_Function" time="18.472"/>
  <system-out/>
  <testcase classname="com.mlshop.test.Login" name="MLS_TC_08_ValidateLogin_RegisterRedirection" time="13.517"/>
  <system-out/>
  <testcase classname="com.mlshop.test.Login" name="MLS_TC_09_ValidateLogin_CancelRegister" time="13.901"/>
  <system-out/>
</testsuite> <!-- com.mlshop.test.Login -->
