<?xml version="1.0" encoding="UTF-8"?>
<!-- Generated by org.testng.reporters.JUnitReportReporter -->
<testsuite hostname="HOTGQA008" failures="0" tests="1" name="com.mlshop.test.ShippingDetails" time="26.265" errors="0" timestamp="2024-02-21T17:45:36 CST" skipped="0">
  <testcase classname="com.mlshop.test.ShippingDetails" name="MLS_TC_101_Validate_shippingDetails_accInfoFields" time="26.265"/>
  <system-out/>
</testsuite> <!-- com.mlshop.test.ShippingDetails -->
