<?xml version="1.0" encoding="UTF-8"?>
<!-- Generated by org.testng.reporters.JUnitReportReporter -->
<testsuite hostname="HOTGQA008" failures="0" tests="1" name="com.mlshop.test.Home" time="15.726" errors="0" timestamp="2024-02-15T18:53:47 CST" skipped="0">
  <testcase classname="com.mlshop.test.Home" name="MLS_TC_57_ValidateFilter_WatchAllBrand" time="15.726"/>
  <system-out/>
</testsuite> <!-- com.mlshop.test.Home -->
