<?xml version="1.0" encoding="UTF-8"?>
<!-- Generated by org.testng.reporters.JUnitReportReporter -->
<testsuite hostname="HOTGQA008" failures="0" tests="8" name="com.mlshop.test.ShoppingCart" time="97.436" errors="0" timestamp="2024-02-21T12:09:44 CST" skipped="0">
  <testcase classname="com.mlshop.test.ShoppingCart" name="MLS_TC_90_Validate_shopping_cart_navigation" time="7.837"/>
  <system-out/>
  <testcase classname="com.mlshop.test.ShoppingCart" name="MLS_TC_91_Validate_shopping_cart_items" time="12.280"/>
  <system-out/>
  <testcase classname="com.mlshop.test.ShoppingCart" name="MLS_TC_92_Validate_shopping_cart_increment" time="12.156"/>
  <system-out/>
  <testcase classname="com.mlshop.test.ShoppingCart" name="MLS_TC_93_Validate_shopping_cart_removeItem" time="12.329"/>
  <system-out/>
  <testcase classname="com.mlshop.test.ShoppingCart" name="MLS_TC_94_Validate_shopping_cart_modalPopup" time="12.428"/>
  <system-out/>
  <testcase classname="com.mlshop.test.ShoppingCart" name="MLS_TC_95_Validate_shopping_cart_cancelRemove" time="12.458"/>
  <system-out/>
  <testcase classname="com.mlshop.test.ShoppingCart" name="MLS_TC_96_Validate_shopping_cart_decrementFunction" time="13.524"/>
  <system-out/>
  <testcase classname="com.mlshop.test.ShoppingCart" name="MLS_TC_97_Validate_shopping_cart_incrementFunction" time="14.424"/>
  <system-out/>
</testsuite> <!-- com.mlshop.test.ShoppingCart -->
