<?xml version="1.0" encoding="UTF-8"?>
<!-- Generated by org.testng.reporters.JUnitReportReporter -->
<testsuite hostname="HOTGQA008" failures="0" tests="1" name="com.mlshop.test.Login" time="23.418" errors="0" timestamp="2024-02-13T15:05:26 CST" skipped="0">
  <testcase classname="com.mlshop.test.Login" name="MLS_TC_06_ValidateLogin_Function" time="23.418"/>
  <system-out/>
</testsuite> <!-- com.mlshop.test.Login -->
