<?xml version="1.0" encoding="UTF-8"?>
<!-- Generated by org.testng.reporters.JUnitReportReporter -->
<testsuite hostname="HOTGQA008" failures="4" tests="53" name="com.mlshop.test.Home" time="832.323" errors="0" timestamp="2024-02-23T20:30:51 CST" skipped="0">
  <testcase classname="com.mlshop.test.Home" name="MS_TC_25_ValidateUserName_DropDown" time="39.704"/>
  <system-out/>
  <testcase classname="com.mlshop.test.Home" name="MLS_TC_26_ValidateProfile_Navigation" time="20.849"/>
  <system-out/>
  <testcase classname="com.mlshop.test.Home" name="MLS_TC_27_ValidatePurchaseHistory_Navigation" time="21.789">
    <failure message="expected [https://mlshoppreprod.mlhuillier.com/purchasehistory] but found [https://mlshoppreprod.mlhuillier.com/]" type="java.lang.AssertionError">
      <![CDATA[java.lang.AssertionError: expected [https://mlshoppreprod.mlhuillier.com/purchasehistory] but found [https://mlshoppreprod.mlhuillier.com/]
at org.testng.Assert.fail(Assert.java:97)
at org.testng.Assert.assertEqualsImpl(Assert.java:136)
at org.testng.Assert.assertEquals(Assert.java:118)
at org.testng.Assert.assertEquals(Assert.java:575)
at org.testng.Assert.assertEquals(Assert.java:585)
at com.utility.Utilities.assertionValidation(Utilities.java:2790)
at com.business.mlshop.Home.MLS_TC_27_ValidatePurchaseHistory_Navigation(Home.java:56)
at com.mlshop.test.Home.MLS_TC_27_ValidatePurchaseHistory_Navigation(Home.java:17)
at java.base/jdk.internal.reflect.NativeMethodAccessorImpl.invoke0(Native Method)
at java.base/jdk.internal.reflect.NativeMethodAccessorImpl.invoke(NativeMethodAccessorImpl.java:77)
at java.base/jdk.internal.reflect.DelegatingMethodAccessorImpl.invoke(DelegatingMethodAccessorImpl.java:43)
at java.base/java.lang.reflect.Method.invoke(Method.java:568)
at org.testng.internal.MethodInvocationHelper.invokeMethod(MethodInvocationHelper.java:134)
at org.testng.internal.TestInvoker.invokeMethod(TestInvoker.java:597)
at org.testng.internal.TestInvoker.invokeTestMethod(TestInvoker.java:173)
at org.testng.internal.MethodRunner.runInSequence(MethodRunner.java:46)
at org.testng.internal.TestInvoker$MethodInvocationAgent.invoke(TestInvoker.java:816)
at org.testng.internal.TestInvoker.invokeTestMethods(TestInvoker.java:146)
at org.testng.internal.TestMethodWorker.invokeTestMethods(TestMethodWorker.java:146)
at org.testng.internal.TestMethodWorker.run(TestMethodWorker.java:128)
at java.base/java.util.ArrayList.forEach(ArrayList.java:1511)
at org.testng.TestRunner.privateRun(TestRunner.java:766)
at org.testng.TestRunner.run(TestRunner.java:587)
at org.testng.SuiteRunner.runTest(SuiteRunner.java:384)
at org.testng.SuiteRunner.access$000(SuiteRunner.java:28)
at org.testng.SuiteRunner$SuiteWorker.run(SuiteRunner.java:425)
at org.testng.internal.thread.ThreadUtil.lambda$execute$0(ThreadUtil.java:68)
at java.base/java.util.concurrent.FutureTask.run(FutureTask.java:264)
at java.base/java.util.concurrent.ThreadPoolExecutor.runWorker(ThreadPoolExecutor.java:1136)
at java.base/java.util.concurrent.ThreadPoolExecutor$Worker.run(ThreadPoolExecutor.java:635)
at java.base/java.lang.Thread.run(Thread.java:833)
]]>
    </failure>
  </testcase> <!-- MLS_TC_27_ValidatePurchaseHistory_Navigation -->
  <system-out/>
  <testcase classname="com.mlshop.test.Home" name="MLS_TC_28_ValidateLogout" time="20.562"/>
  <system-out/>
  <testcase classname="com.mlshop.test.Home" name="MLS_TC_29_ValidateFilter_AllTypes" time="10.246"/>
  <system-out/>
  <testcase classname="com.mlshop.test.Home" name="MLS_TC_30_ValidateFilter_Ring" time="11.102"/>
  <system-out/>
  <testcase classname="com.mlshop.test.Home" name="MLS_TC_31_ValidateFilter_Necklace" time="10.810"/>
  <system-out/>
  <testcase classname="com.mlshop.test.Home" name="MLS_TC_32_ValidateFilter_Bracelets" time="11.718"/>
  <system-out/>
  <testcase classname="com.mlshop.test.Home" name="MLS_TC_33_ValidateFilter_Earrings" time="12.026"/>
  <system-out/>
  <testcase classname="com.mlshop.test.Home" name="MLS_TC_34_ValidateFilter_Pendant" time="10.628"/>
  <system-out/>
  <testcase classname="com.mlshop.test.Home" name="MLS_TC_35_ValidateFilter_Brouch" time="11.400"/>
  <system-out/>
  <testcase classname="com.mlshop.test.Home" name="MLS_TC_36_ValidateFilter_Engagement" time="41.782"/>
  <system-out/>
  <testcase classname="com.mlshop.test.Home" name="MLS_TC_37_ValidateFilter_AllGoldKarat" time="11.082"/>
  <system-out/>
  <testcase classname="com.mlshop.test.Home" name="MLS_TC_39_ValidateFilter_18Karat" time="11.703"/>
  <system-out/>
  <testcase classname="com.mlshop.test.Home" name="MLS_TC_38_ValidateFilter_14Karat" time="11.549"/>
  <system-out/>
  <testcase classname="com.mlshop.test.Home" name="MLS_TC_40_ValidateFilter_AllGoldColors" time="11.395"/>
  <system-out/>
  <testcase classname="com.mlshop.test.Home" name="MLS_TC_41_ValidateFilter_YellowGold" time="11.040"/>
  <system-out/>
  <testcase classname="com.mlshop.test.Home" name="MLS_TC_42_ValidateFilter_WhiteGold" time="11.497"/>
  <system-out/>
  <testcase classname="com.mlshop.test.Home" name="MLS_TC_43_ValidateFilter_RoseGold" time="11.144"/>
  <system-out/>
  <testcase classname="com.mlshop.test.Home" name="MLS_TC_44_ValidateFilter_TwoTone" time="11.243"/>
  <system-out/>
  <testcase classname="com.mlshop.test.Home" name="MLS_TC_45_ValidateFilter_TriTone" time="11.610"/>
  <system-out/>
  <testcase classname="com.mlshop.test.Home" name="MLS_TC_46_ValidateFilter_AllGenders" time="11.060"/>
  <system-out/>
  <testcase classname="com.mlshop.test.Home" name="MLS_TC_47_ValidateFilter_Ladies" time="11.580"/>
  <system-out/>
  <testcase classname="com.mlshop.test.Home" name="MLS_TC_48_ValidateFilter_Mens" time="11.415"/>
  <system-out/>
  <testcase classname="com.mlshop.test.Home" name="MLS_TC_49_ValidateFilter_Unisex" time="11.413"/>
  <system-out/>
  <testcase classname="com.mlshop.test.Home" name="MLS_TC_57_ValidateFilter_WatchAllBrand" time="15.118"/>
  <system-out/>
  <testcase classname="com.mlshop.test.Home" name="MLS_TC_58_ValidateFilter_RolexBrand" time="14.537"/>
  <system-out/>
  <testcase classname="com.mlshop.test.Home" name="MLS_TC_59_ValidateFilter_OmegaBrand" time="15.159"/>
  <system-out/>
  <testcase classname="com.mlshop.test.Home" name="MLS_TC_60_ValidateFilter_TagHeuer" time="15.169"/>
  <system-out/>
  <testcase classname="com.mlshop.test.Home" name="MLS_TC_61_ValidateFilter_Seiko" time="15.775"/>
  <system-out/>
  <testcase classname="com.mlshop.test.Home" name="MLS_TC_62_ValidateFilter_Casio" time="14.818"/>
  <system-out/>
  <testcase classname="com.mlshop.test.Home" name="MLS_TC_63_ValidateFilter_AllMovements_watch" time="15.403"/>
  <system-out/>
  <testcase classname="com.mlshop.test.Home" name="MLS_TC_64_ValidateFilter_Automatic_watch" time="14.947"/>
  <system-out/>
  <testcase classname="com.mlshop.test.Home" name="MLS_TC_65_ValidateFilter_Quartz_watch" time="14.920"/>
  <system-out/>
  <testcase classname="com.mlshop.test.Home" name="MLS_TC_66_ValidateFilter_Others_watch" time="15.621">
    <failure message="Unable to click element By.xpath: //span[normalize-space()=&#039;Others&#039;]" type="java.lang.AssertionError">
      <![CDATA[java.lang.AssertionError: Unable to click element By.xpath: //span[normalize-space()='Others']
at com.utility.Utilities.click(Utilities.java:497)
at com.business.mlshop.Home.MLS_TC_66_ValidateFilter_Others_watch(Home.java:412)
at com.mlshop.test.Home.MLS_TC_66_ValidateFilter_Others_watch(Home.java:146)
at java.base/jdk.internal.reflect.NativeMethodAccessorImpl.invoke0(Native Method)
at java.base/jdk.internal.reflect.NativeMethodAccessorImpl.invoke(NativeMethodAccessorImpl.java:77)
at java.base/jdk.internal.reflect.DelegatingMethodAccessorImpl.invoke(DelegatingMethodAccessorImpl.java:43)
at java.base/java.lang.reflect.Method.invoke(Method.java:568)
at org.testng.internal.MethodInvocationHelper.invokeMethod(MethodInvocationHelper.java:134)
at org.testng.internal.TestInvoker.invokeMethod(TestInvoker.java:597)
at org.testng.internal.TestInvoker.invokeTestMethod(TestInvoker.java:173)
at org.testng.internal.MethodRunner.runInSequence(MethodRunner.java:46)
at org.testng.internal.TestInvoker$MethodInvocationAgent.invoke(TestInvoker.java:816)
at org.testng.internal.TestInvoker.invokeTestMethods(TestInvoker.java:146)
at org.testng.internal.TestMethodWorker.invokeTestMethods(TestMethodWorker.java:146)
at org.testng.internal.TestMethodWorker.run(TestMethodWorker.java:128)
at java.base/java.util.ArrayList.forEach(ArrayList.java:1511)
at org.testng.TestRunner.privateRun(TestRunner.java:766)
at org.testng.TestRunner.run(TestRunner.java:587)
at org.testng.SuiteRunner.runTest(SuiteRunner.java:384)
at org.testng.SuiteRunner.access$000(SuiteRunner.java:28)
at org.testng.SuiteRunner$SuiteWorker.run(SuiteRunner.java:425)
at org.testng.internal.thread.ThreadUtil.lambda$execute$0(ThreadUtil.java:68)
at java.base/java.util.concurrent.FutureTask.run(FutureTask.java:264)
at java.base/java.util.concurrent.ThreadPoolExecutor.runWorker(ThreadPoolExecutor.java:1136)
at java.base/java.util.concurrent.ThreadPoolExecutor$Worker.run(ThreadPoolExecutor.java:635)
at java.base/java.lang.Thread.run(Thread.java:833)
Caused by: org.openqa.selenium.ElementClickInterceptedException: element click intercepted: Element <span>...</span> is not clickable at point (289, 436). Other element would receive the click: <p class="text-center pt-[12px] text-xs px-2 py-1 text-white  bg-red-500 w-[55px] h-[55px] rounded-full 2sm:text-[10px] 2sm:w-[35px] 2sm:h-[35px] 2sm:pt-[3px]">...</p>
  (Session info: chrome=122.0.6261.69)
Build info: version: '3.141.59', revision: 'e82be7d358', time: '2018-11-14T08:17:03'
System info: host: 'HOTGQA008', ip: '10.0.8.67', os.name: 'Windows 11', os.arch: 'amd64', os.version: '10.0', java.version: '17.0.7'
Driver info: org.openqa.selenium.chrome.ChromeDriver
Capabilities {acceptInsecureCerts: false, browserName: chrome, browserVersion: 122.0.6261.69, chrome: {chromedriverVersion: 122.0.6261.69 (81bc525b6a36..., userDataDir: C:\Users\MELG20~1\AppData\L...}, fedcm:accounts: true, goog:chromeOptions: {debuggerAddress: localhost:61681}, javascriptEnabled: true, networkConnectionEnabled: false, pageLoadStrategy: eager, platform: WINDOWS, platformName: WINDOWS, proxy: Proxy(), setWindowRect: true, strictFileInteractability: false, timeouts: {implicit: 0, pageLoad: 300000, script: 30000}, unhandledPromptBehavior: dismiss and notify, webauthn:extension:credBlob: true, webauthn:extension:largeBlob: true, webauthn:extension:minPinLength: true, webauthn:extension:prf: true, webauthn:virtualAuthenticators: true}
Session ID: 8b6428fd33f126ae90ad1eb33af8afb9
at java.base/jdk.internal.reflect.NativeConstructorAccessorImpl.newInstance0(Native Method)
at java.base/jdk.internal.reflect.NativeConstructorAccessorImpl.newInstance(NativeConstructorAccessorImpl.java:77)
at java.base/jdk.internal.reflect.DelegatingConstructorAccessorImpl.newInstance(DelegatingConstructorAccessorImpl.java:45)
at java.base/java.lang.reflect.Constructor.newInstanceWithCaller(Constructor.java:499)
at java.base/java.lang.reflect.Constructor.newInstance(Constructor.java:480)
at org.openqa.selenium.remote.http.W3CHttpResponseCodec.createException(W3CHttpResponseCodec.java:187)
at org.openqa.selenium.remote.http.W3CHttpResponseCodec.decode(W3CHttpResponseCodec.java:122)
at org.openqa.selenium.remote.http.W3CHttpResponseCodec.decode(W3CHttpResponseCodec.java:49)
at org.openqa.selenium.remote.HttpCommandExecutor.execute(HttpCommandExecutor.java:158)
at org.openqa.selenium.remote.service.DriverCommandExecutor.execute(DriverCommandExecutor.java:83)
at org.openqa.selenium.remote.RemoteWebDriver.execute(RemoteWebDriver.java:552)
at org.openqa.selenium.remote.RemoteWebElement.execute(RemoteWebElement.java:285)
at org.openqa.selenium.remote.RemoteWebElement.click(RemoteWebElement.java:84)
at com.utility.Utilities.click(Utilities.java:489)
... 25 more
]]>
    </failure>
  </testcase> <!-- MLS_TC_66_ValidateFilter_Others_watch -->
  <system-out/>
  <testcase classname="com.mlshop.test.Home" name="MLS_TC_67_ValidateFilter_allMaterials_watch" time="14.872"/>
  <system-out/>
  <testcase classname="com.mlshop.test.Home" name="MLS_TC_68_ValidateFilter_Stainless_watch" time="15.082"/>
  <system-out/>
  <testcase classname="com.mlshop.test.Home" name="MLS_TC_69_ValidateFilter_Ceramic_Polymer_watch" time="14.844"/>
  <system-out/>
  <testcase classname="com.mlshop.test.Home" name="MLS_TC_70_ValidateFilter_Gold_watch" time="15.231"/>
  <system-out/>
  <testcase classname="com.mlshop.test.Home" name="MLS_TC_71_ValidateFilter_allGenders_watch" time="15.097"/>
  <system-out/>
  <testcase classname="com.mlshop.test.Home" name="MLS_TC_72_ValidateFilter_Ladies_watch" time="15.133"/>
  <system-out/>
  <testcase classname="com.mlshop.test.Home" name="MLS_TC_73_ValidateFilter_Mens_watch" time="16.284"/>
  <system-out/>
  <testcase classname="com.mlshop.test.Home" name="MLS_TC_74_ValidateFilter_Unisex_watch" time="14.906"/>
  <system-out/>
  <testcase classname="com.mlshop.test.Home" name="MLS_TC_79_ValidateProduct_details" time="10.327"/>
  <system-out/>
  <testcase classname="com.mlshop.test.Home" name="MLS_TC_80_ValidateProduct_amaparito" time="9.801"/>
  <system-out/>
  <testcase classname="com.mlshop.test.Home" name="MLS_TC_81_ValidateProduct_watch" time="10.785"/>
  <system-out/>
  <testcase classname="com.mlshop.test.Home" name="MLS_TC_82_ValidateProduct_jewelryDetails" time="11.832"/>
  <system-out/>
  <testcase classname="com.mlshop.test.Home" name="MLS_TC_83_ValidateProduct_amparitoDetails" time="12.322"/>
  <system-out/>
  <testcase classname="com.mlshop.test.Home" name="MLS_TC_84_ValidateProduct_watchDetails" time="11.509"/>
  <system-out/>
  <testcase classname="com.mlshop.test.Home" name="MLS_TC_85_ValidateJewelry_addToCart" time="41.952">
    <failure message="Could not get text By.xpath: //p[normalize-space()=&#039;Item has been successfully added to your cart.&#039;]" type="java.lang.AssertionError">
      <![CDATA[java.lang.AssertionError: Could not get text By.xpath: //p[normalize-space()='Item has been successfully added to your cart.']
at com.utility.Utilities.getText(Utilities.java:561)
at com.business.mlshop.Home.MLS_TC_85_ValidateJewelry_addToCart(Home.java:607)
at com.mlshop.test.Home.MLS_TC_85_ValidateJewelry_addToCart(Home.java:206)
at java.base/jdk.internal.reflect.NativeMethodAccessorImpl.invoke0(Native Method)
at java.base/jdk.internal.reflect.NativeMethodAccessorImpl.invoke(NativeMethodAccessorImpl.java:77)
at java.base/jdk.internal.reflect.DelegatingMethodAccessorImpl.invoke(DelegatingMethodAccessorImpl.java:43)
at java.base/java.lang.reflect.Method.invoke(Method.java:568)
at org.testng.internal.MethodInvocationHelper.invokeMethod(MethodInvocationHelper.java:134)
at org.testng.internal.TestInvoker.invokeMethod(TestInvoker.java:597)
at org.testng.internal.TestInvoker.invokeTestMethod(TestInvoker.java:173)
at org.testng.internal.MethodRunner.runInSequence(MethodRunner.java:46)
at org.testng.internal.TestInvoker$MethodInvocationAgent.invoke(TestInvoker.java:816)
at org.testng.internal.TestInvoker.invokeTestMethods(TestInvoker.java:146)
at org.testng.internal.TestMethodWorker.invokeTestMethods(TestMethodWorker.java:146)
at org.testng.internal.TestMethodWorker.run(TestMethodWorker.java:128)
at java.base/java.util.ArrayList.forEach(ArrayList.java:1511)
at org.testng.TestRunner.privateRun(TestRunner.java:766)
at org.testng.TestRunner.run(TestRunner.java:587)
at org.testng.SuiteRunner.runTest(SuiteRunner.java:384)
at org.testng.SuiteRunner.access$000(SuiteRunner.java:28)
at org.testng.SuiteRunner$SuiteWorker.run(SuiteRunner.java:425)
at org.testng.internal.thread.ThreadUtil.lambda$execute$0(ThreadUtil.java:68)
at java.base/java.util.concurrent.FutureTask.run(FutureTask.java:264)
at java.base/java.util.concurrent.ThreadPoolExecutor.runWorker(ThreadPoolExecutor.java:1136)
at java.base/java.util.concurrent.ThreadPoolExecutor$Worker.run(ThreadPoolExecutor.java:635)
at java.base/java.lang.Thread.run(Thread.java:833)
Caused by: org.openqa.selenium.NoSuchElementException: no such element: Unable to locate element: {"method":"xpath","selector":"//p[normalize-space()='Item has been successfully added to your cart.']"}
  (Session info: chrome=122.0.6261.69)
For documentation on this error, please visit: https://www.seleniumhq.org/exceptions/no_such_element.html
Build info: version: '3.141.59', revision: 'e82be7d358', time: '2018-11-14T08:17:03'
System info: host: 'HOTGQA008', ip: '10.0.8.67', os.name: 'Windows 11', os.arch: 'amd64', os.version: '10.0', java.version: '17.0.7'
Driver info: org.openqa.selenium.chrome.ChromeDriver
Capabilities {acceptInsecureCerts: false, browserName: chrome, browserVersion: 122.0.6261.69, chrome: {chromedriverVersion: 122.0.6261.69 (81bc525b6a36..., userDataDir: C:\Users\MELG20~1\AppData\L...}, fedcm:accounts: true, goog:chromeOptions: {debuggerAddress: localhost:62593}, javascriptEnabled: true, networkConnectionEnabled: false, pageLoadStrategy: eager, platform: WINDOWS, platformName: WINDOWS, proxy: Proxy(), setWindowRect: true, strictFileInteractability: false, timeouts: {implicit: 0, pageLoad: 300000, script: 30000}, unhandledPromptBehavior: dismiss and notify, webauthn:extension:credBlob: true, webauthn:extension:largeBlob: true, webauthn:extension:minPinLength: true, webauthn:extension:prf: true, webauthn:virtualAuthenticators: true}
Session ID: ceaf8e3a479bfcac6929cdbc6146639b
*** Element info: {Using=xpath, value=//p[normalize-space()='Item has been successfully added to your cart.']}
at java.base/jdk.internal.reflect.NativeConstructorAccessorImpl.newInstance0(Native Method)
at java.base/jdk.internal.reflect.NativeConstructorAccessorImpl.newInstance(NativeConstructorAccessorImpl.java:77)
at java.base/jdk.internal.reflect.DelegatingConstructorAccessorImpl.newInstance(DelegatingConstructorAccessorImpl.java:45)
at java.base/java.lang.reflect.Constructor.newInstanceWithCaller(Constructor.java:499)
at java.base/java.lang.reflect.Constructor.newInstance(Constructor.java:480)
at org.openqa.selenium.remote.http.W3CHttpResponseCodec.createException(W3CHttpResponseCodec.java:187)
at org.openqa.selenium.remote.http.W3CHttpResponseCodec.decode(W3CHttpResponseCodec.java:122)
at org.openqa.selenium.remote.http.W3CHttpResponseCodec.decode(W3CHttpResponseCodec.java:49)
at org.openqa.selenium.remote.HttpCommandExecutor.execute(HttpCommandExecutor.java:158)
at org.openqa.selenium.remote.service.DriverCommandExecutor.execute(DriverCommandExecutor.java:83)
at org.openqa.selenium.remote.RemoteWebDriver.execute(RemoteWebDriver.java:552)
at org.openqa.selenium.remote.RemoteWebDriver.findElement(RemoteWebDriver.java:323)
at org.openqa.selenium.remote.RemoteWebDriver.findElementByXPath(RemoteWebDriver.java:428)
at org.openqa.selenium.By$ByXPath.findElement(By.java:353)
at org.openqa.selenium.remote.RemoteWebDriver.findElement(RemoteWebDriver.java:315)
at com.utility.Utilities.findElement(Utilities.java:183)
at com.utility.Utilities.getText(Utilities.java:557)
... 25 more
]]>
    </failure>
  </testcase> <!-- MLS_TC_85_ValidateJewelry_addToCart -->
  <system-out/>
  <testcase classname="com.mlshop.test.Home" name="MLS_TC_86_ValidateAmparito_addToCart" time="41.987">
    <failure message="Could not get text By.xpath: //p[normalize-space()=&#039;Item has been successfully added to your cart.&#039;]" type="java.lang.AssertionError">
      <![CDATA[java.lang.AssertionError: Could not get text By.xpath: //p[normalize-space()='Item has been successfully added to your cart.']
at com.utility.Utilities.getText(Utilities.java:561)
at com.business.mlshop.Home.MLS_TC_86_ValidateAmparito_addToCart(Home.java:620)
at com.mlshop.test.Home.MLS_TC_86_ValidateAmparito_addToCart(Home.java:210)
at java.base/jdk.internal.reflect.NativeMethodAccessorImpl.invoke0(Native Method)
at java.base/jdk.internal.reflect.NativeMethodAccessorImpl.invoke(NativeMethodAccessorImpl.java:77)
at java.base/jdk.internal.reflect.DelegatingMethodAccessorImpl.invoke(DelegatingMethodAccessorImpl.java:43)
at java.base/java.lang.reflect.Method.invoke(Method.java:568)
at org.testng.internal.MethodInvocationHelper.invokeMethod(MethodInvocationHelper.java:134)
at org.testng.internal.TestInvoker.invokeMethod(TestInvoker.java:597)
at org.testng.internal.TestInvoker.invokeTestMethod(TestInvoker.java:173)
at org.testng.internal.MethodRunner.runInSequence(MethodRunner.java:46)
at org.testng.internal.TestInvoker$MethodInvocationAgent.invoke(TestInvoker.java:816)
at org.testng.internal.TestInvoker.invokeTestMethods(TestInvoker.java:146)
at org.testng.internal.TestMethodWorker.invokeTestMethods(TestMethodWorker.java:146)
at org.testng.internal.TestMethodWorker.run(TestMethodWorker.java:128)
at java.base/java.util.ArrayList.forEach(ArrayList.java:1511)
at org.testng.TestRunner.privateRun(TestRunner.java:766)
at org.testng.TestRunner.run(TestRunner.java:587)
at org.testng.SuiteRunner.runTest(SuiteRunner.java:384)
at org.testng.SuiteRunner.access$000(SuiteRunner.java:28)
at org.testng.SuiteRunner$SuiteWorker.run(SuiteRunner.java:425)
at org.testng.internal.thread.ThreadUtil.lambda$execute$0(ThreadUtil.java:68)
at java.base/java.util.concurrent.FutureTask.run(FutureTask.java:264)
at java.base/java.util.concurrent.ThreadPoolExecutor.runWorker(ThreadPoolExecutor.java:1136)
at java.base/java.util.concurrent.ThreadPoolExecutor$Worker.run(ThreadPoolExecutor.java:635)
at java.base/java.lang.Thread.run(Thread.java:833)
Caused by: org.openqa.selenium.NoSuchElementException: no such element: Unable to locate element: {"method":"xpath","selector":"//p[normalize-space()='Item has been successfully added to your cart.']"}
  (Session info: chrome=122.0.6261.69)
For documentation on this error, please visit: https://www.seleniumhq.org/exceptions/no_such_element.html
Build info: version: '3.141.59', revision: 'e82be7d358', time: '2018-11-14T08:17:03'
System info: host: 'HOTGQA008', ip: '10.0.8.67', os.name: 'Windows 11', os.arch: 'amd64', os.version: '10.0', java.version: '17.0.7'
Driver info: org.openqa.selenium.chrome.ChromeDriver
Capabilities {acceptInsecureCerts: false, browserName: chrome, browserVersion: 122.0.6261.69, chrome: {chromedriverVersion: 122.0.6261.69 (81bc525b6a36..., userDataDir: C:\Users\MELG20~1\AppData\L...}, fedcm:accounts: true, goog:chromeOptions: {debuggerAddress: localhost:62685}, javascriptEnabled: true, networkConnectionEnabled: false, pageLoadStrategy: eager, platform: WINDOWS, platformName: WINDOWS, proxy: Proxy(), setWindowRect: true, strictFileInteractability: false, timeouts: {implicit: 0, pageLoad: 300000, script: 30000}, unhandledPromptBehavior: dismiss and notify, webauthn:extension:credBlob: true, webauthn:extension:largeBlob: true, webauthn:extension:minPinLength: true, webauthn:extension:prf: true, webauthn:virtualAuthenticators: true}
Session ID: f2f082b4ea1ec932915da2461168bbb4
*** Element info: {Using=xpath, value=//p[normalize-space()='Item has been successfully added to your cart.']}
at java.base/jdk.internal.reflect.NativeConstructorAccessorImpl.newInstance0(Native Method)
at java.base/jdk.internal.reflect.NativeConstructorAccessorImpl.newInstance(NativeConstructorAccessorImpl.java:77)
at java.base/jdk.internal.reflect.DelegatingConstructorAccessorImpl.newInstance(DelegatingConstructorAccessorImpl.java:45)
at java.base/java.lang.reflect.Constructor.newInstanceWithCaller(Constructor.java:499)
at java.base/java.lang.reflect.Constructor.newInstance(Constructor.java:480)
at org.openqa.selenium.remote.http.W3CHttpResponseCodec.createException(W3CHttpResponseCodec.java:187)
at org.openqa.selenium.remote.http.W3CHttpResponseCodec.decode(W3CHttpResponseCodec.java:122)
at org.openqa.selenium.remote.http.W3CHttpResponseCodec.decode(W3CHttpResponseCodec.java:49)
at org.openqa.selenium.remote.HttpCommandExecutor.execute(HttpCommandExecutor.java:158)
at org.openqa.selenium.remote.service.DriverCommandExecutor.execute(DriverCommandExecutor.java:83)
at org.openqa.selenium.remote.RemoteWebDriver.execute(RemoteWebDriver.java:552)
at org.openqa.selenium.remote.RemoteWebDriver.findElement(RemoteWebDriver.java:323)
at org.openqa.selenium.remote.RemoteWebDriver.findElementByXPath(RemoteWebDriver.java:428)
at org.openqa.selenium.By$ByXPath.findElement(By.java:353)
at org.openqa.selenium.remote.RemoteWebDriver.findElement(RemoteWebDriver.java:315)
at com.utility.Utilities.findElement(Utilities.java:183)
at com.utility.Utilities.getText(Utilities.java:557)
... 25 more
]]>
    </failure>
  </testcase> <!-- MLS_TC_86_ValidateAmparito_addToCart -->
  <system-out/>
  <testcase classname="com.mlshop.test.Home" name="MLS_TC_87_ValidateWatch_addToCart" time="16.126"/>
  <system-out/>
  <testcase classname="com.mlshop.test.Home" name="MLS_TC_89_ValidateItem_alreadyInCart" time="22.419"/>
  <system-out/>
</testsuite> <!-- com.mlshop.test.Home -->
